{"/Users/williamshackelford/Sites/white-label-model/spec/testspec.js":{"path":"/Users/williamshackelford/Sites/white-label-model/spec/testspec.js","s":{"1":1,"2":1,"3":1,"4":1,"5":1,"6":1,"7":1,"8":1,"9":1,"10":1,"11":1,"12":1,"13":1,"14":1,"15":1,"16":1,"17":1,"18":27,"19":27,"20":27,"21":27,"22":27,"23":27,"24":1,"25":1,"26":27,"27":1,"28":27,"29":27,"30":1,"31":1,"32":1,"33":1,"34":1,"35":1,"36":1,"37":1,"38":1,"39":1,"40":1,"41":1,"42":1,"43":1,"44":1,"45":1,"46":1,"47":1,"48":1,"49":1,"50":1,"51":1,"52":1,"53":1,"54":1,"55":1,"56":1,"57":1,"58":1,"59":1,"60":1,"61":1,"62":1,"63":1,"64":1,"65":1,"66":1,"67":1,"68":1,"69":1,"70":1,"71":1,"72":1,"73":1,"74":1,"75":1,"76":1,"77":1,"78":1,"79":1,"80":1,"81":1,"82":1,"83":1,"84":1,"85":1,"86":1,"87":1,"88":1,"89":1,"90":1,"91":1,"92":1,"93":1,"94":1,"95":1,"96":1,"97":1,"98":1,"99":1,"100":1,"101":1,"102":1,"103":1,"104":1,"105":1,"106":1,"107":1,"108":1,"109":1,"110":1,"111":1,"112":1,"113":1,"114":1,"115":1,"116":1,"117":1,"118":1,"119":1,"120":1,"121":1,"122":1,"123":1,"124":1,"125":1,"126":1,"127":1,"128":1,"129":1,"130":1,"131":1,"132":1,"133":1,"134":1,"135":1,"136":1,"137":1,"138":1,"139":1,"140":1,"141":1,"142":1,"143":1,"144":1,"145":1,"146":1,"147":1,"148":1,"149":1,"150":1,"151":1,"152":1,"153":1,"154":1,"155":1,"156":1,"157":1,"158":1,"159":1,"160":43,"161":43,"162":43,"163":43,"164":43,"165":43,"166":1,"167":1,"168":43,"169":43,"170":43,"171":43,"172":1,"173":43,"174":43,"175":1,"176":1,"177":1,"178":1,"179":1,"180":1,"181":1,"182":1,"183":1,"184":1,"185":1,"186":1,"187":1,"188":1,"189":1,"190":1,"191":1,"192":1,"193":1,"194":1,"195":1,"196":1,"197":1,"198":1,"199":1,"200":1,"201":1,"202":1,"203":1,"204":1,"205":1,"206":1,"207":1,"208":1,"209":1,"210":1,"211":1,"212":1,"213":1,"214":1,"215":1,"216":1,"217":1,"218":1,"219":1,"220":1,"221":1,"222":1,"223":1,"224":1,"225":1,"226":1,"227":1,"228":1,"229":1,"230":1,"231":1,"232":1,"233":1,"234":1,"235":1,"236":1,"237":1,"238":1,"239":1,"240":1,"241":1,"242":1,"243":1,"244":1,"245":1,"246":1,"247":1,"248":1,"249":1,"250":1,"251":1,"252":1,"253":1,"254":1,"255":1,"256":1,"257":1,"258":1,"259":1,"260":1,"261":1,"262":1,"263":1,"264":1,"265":1,"266":1,"267":1,"268":1,"269":1,"270":1,"271":1,"272":1,"273":1,"274":1,"275":1,"276":1,"277":1,"278":1,"279":1,"280":1,"281":1,"282":1,"283":1,"284":1,"285":1,"286":1,"287":1,"288":1,"289":1,"290":1,"291":1,"292":1,"293":1,"294":1,"295":1,"296":1,"297":1,"298":1,"299":1,"300":1,"301":1,"302":1,"303":1,"304":1,"305":1,"306":1,"307":1,"308":1,"309":1,"310":1,"311":1,"312":1,"313":1,"314":1,"315":1,"316":1,"317":1,"318":1,"319":1,"320":1,"321":1,"322":1,"323":1,"324":1,"325":1,"326":1,"327":1,"328":1,"329":1,"330":1,"331":1,"332":1,"333":1,"334":1,"335":1,"336":1,"337":1,"338":1,"339":1,"340":1,"341":1,"342":1,"343":1,"344":1,"345":1,"346":1,"347":1,"348":1,"349":1,"350":1,"351":1,"352":1,"353":1,"354":1,"355":1,"356":1,"357":1,"358":1,"359":1,"360":1,"361":1,"362":1,"363":1,"364":1,"365":1,"366":1,"367":1,"368":1,"369":1,"370":1,"371":1,"372":1,"373":1,"374":1,"375":1,"376":1,"377":1,"378":1,"379":1,"380":1,"381":1,"382":1,"383":1,"384":1,"385":1,"386":1,"387":1,"388":1,"389":1,"390":1,"391":1,"392":1,"393":1,"394":1,"395":1,"396":1,"397":1,"398":1,"399":1,"400":1,"401":1,"402":1,"403":1,"404":1,"405":1,"406":1,"407":1,"408":1,"409":1,"410":1,"411":1,"412":1,"413":1,"414":1,"415":1,"416":1,"417":1,"418":22,"419":22,"420":22,"421":22,"422":22,"423":22,"424":22,"425":22,"426":1,"427":22,"428":1,"429":1,"430":1,"431":1,"432":1,"433":1,"434":1,"435":1,"436":1,"437":1,"438":1,"439":1,"440":1,"441":1,"442":1,"443":1,"444":1,"445":1,"446":1,"447":1,"448":1,"449":1,"450":1,"451":1,"452":1,"453":1,"454":1,"455":1,"456":1,"457":1,"458":1,"459":1,"460":1,"461":1,"462":1,"463":1,"464":1,"465":1,"466":1,"467":1,"468":1,"469":1,"470":1,"471":1,"472":1,"473":1,"474":1,"475":1,"476":1,"477":1,"478":1,"479":1,"480":1,"481":1,"482":1,"483":1,"484":1,"485":1,"486":1,"487":1,"488":1,"489":1,"490":1,"491":1,"492":1,"493":1,"494":1,"495":1,"496":1,"497":1,"498":1,"499":1,"500":1,"501":1,"502":1,"503":1,"504":1,"505":1,"506":1,"507":1,"508":1,"509":1,"510":1,"511":1,"512":1,"513":1,"514":1,"515":1,"516":1,"517":1,"518":1,"519":1,"520":1,"521":1,"522":1,"523":1,"524":1,"525":1,"526":1,"527":1,"528":1,"529":1,"530":1,"531":1,"532":1,"533":1,"534":1,"535":1,"536":1,"537":1,"538":1,"539":1,"540":1,"541":1,"542":1,"543":1,"544":1,"545":1,"546":1,"547":1,"548":1,"549":1,"550":1,"551":1,"552":1,"553":1,"554":1,"555":1,"556":1,"557":1},"b":{},"f":{"1":1,"2":1,"3":1,"4":1,"5":1,"6":1,"7":27,"8":0,"9":0,"10":1,"11":0,"12":27,"13":1,"14":1,"15":1,"16":1,"17":1,"18":1,"19":1,"20":1,"21":1,"22":1,"23":1,"24":1,"25":1,"26":1,"27":1,"28":1,"29":1,"30":1,"31":1,"32":1,"33":1,"34":1,"35":1,"36":1,"37":1,"38":1,"39":0,"40":1,"41":1,"42":1,"43":0,"44":1,"45":1,"46":1,"47":0,"48":1,"49":1,"50":0,"51":43,"52":0,"53":0,"54":1,"55":0,"56":43,"57":1,"58":1,"59":1,"60":1,"61":1,"62":1,"63":1,"64":1,"65":1,"66":1,"67":1,"68":1,"69":1,"70":1,"71":1,"72":1,"73":0,"74":1,"75":0,"76":1,"77":1,"78":1,"79":1,"80":0,"81":1,"82":0,"83":1,"84":1,"85":1,"86":1,"87":1,"88":1,"89":1,"90":1,"91":1,"92":0,"93":1,"94":0,"95":1,"96":1,"97":1,"98":1,"99":0,"100":1,"101":0,"102":1,"103":1,"104":0,"105":1,"106":1,"107":1,"108":0,"109":1,"110":1,"111":1,"112":0,"113":1,"114":1,"115":1,"116":0,"117":1,"118":1,"119":1,"120":0,"121":1,"122":1,"123":1,"124":0,"125":22,"126":0,"127":22,"128":1,"129":1,"130":1,"131":0,"132":1,"133":0,"134":1,"135":1,"136":1,"137":0,"138":1,"139":0,"140":1,"141":1,"142":1,"143":1,"144":1,"145":1,"146":1,"147":1,"148":0,"149":1,"150":0,"151":1,"152":1,"153":1,"154":1,"155":0,"156":1,"157":0},"fnMap":{"1":{"name":"(anonymous_1)","line":11,"loc":{"start":{"line":11,"column":20},"end":{"line":11,"column":31}}},"2":{"name":"(anonymous_2)","line":12,"loc":{"start":{"line":12,"column":44},"end":{"line":12,"column":55}}},"3":{"name":"(anonymous_3)","line":21,"loc":{"start":{"line":21,"column":35},"end":{"line":21,"column":46}}},"4":{"name":"(anonymous_4)","line":24,"loc":{"start":{"line":24,"column":39},"end":{"line":24,"column":50}}},"5":{"name":"(anonymous_5)","line":27,"loc":{"start":{"line":27,"column":44},"end":{"line":27,"column":55}}},"6":{"name":"(anonymous_6)","line":36,"loc":{"start":{"line":36,"column":20},"end":{"line":36,"column":31}}},"7":{"name":"(anonymous_7)","line":40,"loc":{"start":{"line":40,"column":15},"end":{"line":40,"column":26}}},"8":{"name":"(anonymous_8)","line":42,"loc":{"start":{"line":42,"column":24},"end":{"line":42,"column":39}}},"9":{"name":"(anonymous_9)","line":43,"loc":{"start":{"line":43,"column":28},"end":{"line":43,"column":43}}},"10":{"name":"(anonymous_10)","line":47,"loc":{"start":{"line":47,"column":22},"end":{"line":47,"column":25}}},"11":{"name":"(anonymous_11)","line":51,"loc":{"start":{"line":51,"column":28},"end":{"line":51,"column":31}}},"12":{"name":"(anonymous_12)","line":56,"loc":{"start":{"line":56,"column":14},"end":{"line":56,"column":25}}},"13":{"name":"(anonymous_13)","line":60,"loc":{"start":{"line":60,"column":23},"end":{"line":60,"column":34}}},"14":{"name":"(anonymous_14)","line":63,"loc":{"start":{"line":63,"column":37},"end":{"line":63,"column":48}}},"15":{"name":"(anonymous_15)","line":66,"loc":{"start":{"line":66,"column":40},"end":{"line":66,"column":51}}},"16":{"name":"(anonymous_16)","line":69,"loc":{"start":{"line":69,"column":32},"end":{"line":69,"column":43}}},"17":{"name":"(anonymous_17)","line":72,"loc":{"start":{"line":72,"column":32},"end":{"line":72,"column":43}}},"18":{"name":"(anonymous_18)","line":75,"loc":{"start":{"line":75,"column":36},"end":{"line":75,"column":47}}},"19":{"name":"(anonymous_19)","line":78,"loc":{"start":{"line":78,"column":36},"end":{"line":78,"column":47}}},"20":{"name":"(anonymous_20)","line":81,"loc":{"start":{"line":81,"column":44},"end":{"line":81,"column":55}}},"21":{"name":"(anonymous_21)","line":84,"loc":{"start":{"line":84,"column":42},"end":{"line":84,"column":53}}},"22":{"name":"(anonymous_22)","line":87,"loc":{"start":{"line":87,"column":36},"end":{"line":87,"column":47}}},"23":{"name":"(anonymous_23)","line":91,"loc":{"start":{"line":91,"column":55},"end":{"line":91,"column":66}}},"24":{"name":"(anonymous_24)","line":96,"loc":{"start":{"line":96,"column":55},"end":{"line":96,"column":66}}},"25":{"name":"(anonymous_25)","line":102,"loc":{"start":{"line":102,"column":48},"end":{"line":102,"column":59}}},"26":{"name":"(anonymous_26)","line":109,"loc":{"start":{"line":109,"column":67},"end":{"line":109,"column":78}}},"27":{"name":"(anonymous_27)","line":116,"loc":{"start":{"line":116,"column":70},"end":{"line":116,"column":81}}},"28":{"name":"(anonymous_28)","line":123,"loc":{"start":{"line":123,"column":78},"end":{"line":123,"column":89}}},"29":{"name":"(anonymous_29)","line":128,"loc":{"start":{"line":128,"column":52},"end":{"line":128,"column":63}}},"30":{"name":"(anonymous_30)","line":135,"loc":{"start":{"line":135,"column":53},"end":{"line":135,"column":64}}},"31":{"name":"(anonymous_31)","line":151,"loc":{"start":{"line":151,"column":75},"end":{"line":151,"column":86}}},"32":{"name":"(anonymous_32)","line":162,"loc":{"start":{"line":162,"column":75},"end":{"line":162,"column":86}}},"33":{"name":"(anonymous_33)","line":173,"loc":{"start":{"line":173,"column":59},"end":{"line":173,"column":70}}},"34":{"name":"(anonymous_34)","line":181,"loc":{"start":{"line":181,"column":75},"end":{"line":181,"column":86}}},"35":{"name":"(anonymous_35)","line":189,"loc":{"start":{"line":189,"column":75},"end":{"line":189,"column":86}}},"36":{"name":"(anonymous_36)","line":197,"loc":{"start":{"line":197,"column":26},"end":{"line":197,"column":37}}},"37":{"name":"(anonymous_37)","line":200,"loc":{"start":{"line":200,"column":81},"end":{"line":200,"column":92}}},"38":{"name":"(anonymous_38)","line":202,"loc":{"start":{"line":202,"column":27},"end":{"line":202,"column":38}}},"39":{"name":"(anonymous_39)","line":203,"loc":{"start":{"line":203,"column":24},"end":{"line":203,"column":48}}},"40":{"name":"(anonymous_40)","line":207,"loc":{"start":{"line":207,"column":23},"end":{"line":207,"column":26}}},"41":{"name":"(anonymous_41)","line":226,"loc":{"start":{"line":226,"column":89},"end":{"line":226,"column":100}}},"42":{"name":"(anonymous_42)","line":228,"loc":{"start":{"line":228,"column":27},"end":{"line":228,"column":38}}},"43":{"name":"(anonymous_43)","line":229,"loc":{"start":{"line":229,"column":24},"end":{"line":229,"column":48}}},"44":{"name":"(anonymous_44)","line":233,"loc":{"start":{"line":233,"column":23},"end":{"line":233,"column":26}}},"45":{"name":"(anonymous_45)","line":258,"loc":{"start":{"line":258,"column":89},"end":{"line":258,"column":100}}},"46":{"name":"(anonymous_46)","line":260,"loc":{"start":{"line":260,"column":27},"end":{"line":260,"column":38}}},"47":{"name":"(anonymous_47)","line":261,"loc":{"start":{"line":261,"column":24},"end":{"line":261,"column":48}}},"48":{"name":"(anonymous_48)","line":265,"loc":{"start":{"line":265,"column":23},"end":{"line":265,"column":26}}},"49":{"name":"(anonymous_49)","line":288,"loc":{"start":{"line":288,"column":31},"end":{"line":288,"column":42}}},"50":{"name":"(anonymous_50)","line":289,"loc":{"start":{"line":289,"column":20},"end":{"line":289,"column":35}}},"51":{"name":"(anonymous_51)","line":297,"loc":{"start":{"line":297,"column":15},"end":{"line":297,"column":26}}},"52":{"name":"(anonymous_52)","line":299,"loc":{"start":{"line":299,"column":24},"end":{"line":299,"column":39}}},"53":{"name":"(anonymous_53)","line":300,"loc":{"start":{"line":300,"column":28},"end":{"line":300,"column":43}}},"54":{"name":"(anonymous_54)","line":304,"loc":{"start":{"line":304,"column":22},"end":{"line":304,"column":25}}},"55":{"name":"(anonymous_55)","line":308,"loc":{"start":{"line":308,"column":28},"end":{"line":308,"column":31}}},"56":{"name":"(anonymous_56)","line":322,"loc":{"start":{"line":322,"column":14},"end":{"line":322,"column":25}}},"57":{"name":"(anonymous_57)","line":326,"loc":{"start":{"line":326,"column":23},"end":{"line":326,"column":34}}},"58":{"name":"(anonymous_58)","line":329,"loc":{"start":{"line":329,"column":41},"end":{"line":329,"column":52}}},"59":{"name":"(anonymous_59)","line":332,"loc":{"start":{"line":332,"column":40},"end":{"line":332,"column":51}}},"60":{"name":"(anonymous_60)","line":335,"loc":{"start":{"line":335,"column":32},"end":{"line":335,"column":43}}},"61":{"name":"(anonymous_61)","line":338,"loc":{"start":{"line":338,"column":33},"end":{"line":338,"column":44}}},"62":{"name":"(anonymous_62)","line":341,"loc":{"start":{"line":341,"column":32},"end":{"line":341,"column":43}}},"63":{"name":"(anonymous_63)","line":344,"loc":{"start":{"line":344,"column":36},"end":{"line":344,"column":47}}},"64":{"name":"(anonymous_64)","line":347,"loc":{"start":{"line":347,"column":36},"end":{"line":347,"column":47}}},"65":{"name":"(anonymous_65)","line":350,"loc":{"start":{"line":350,"column":44},"end":{"line":350,"column":55}}},"66":{"name":"(anonymous_66)","line":353,"loc":{"start":{"line":353,"column":42},"end":{"line":353,"column":53}}},"67":{"name":"(anonymous_67)","line":356,"loc":{"start":{"line":356,"column":36},"end":{"line":356,"column":47}}},"68":{"name":"(anonymous_68)","line":360,"loc":{"start":{"line":360,"column":55},"end":{"line":360,"column":66}}},"69":{"name":"(anonymous_69)","line":365,"loc":{"start":{"line":365,"column":60},"end":{"line":365,"column":71}}},"70":{"name":"(anonymous_70)","line":375,"loc":{"start":{"line":375,"column":53},"end":{"line":375,"column":64}}},"71":{"name":"(anonymous_71)","line":386,"loc":{"start":{"line":386,"column":94},"end":{"line":386,"column":105}}},"72":{"name":"(anonymous_72)","line":394,"loc":{"start":{"line":394,"column":72},"end":{"line":394,"column":83}}},"73":{"name":"(anonymous_73)","line":395,"loc":{"start":{"line":395,"column":24},"end":{"line":395,"column":39}}},"74":{"name":"(anonymous_74)","line":405,"loc":{"start":{"line":405,"column":75},"end":{"line":405,"column":86}}},"75":{"name":"(anonymous_75)","line":406,"loc":{"start":{"line":406,"column":24},"end":{"line":406,"column":39}}},"76":{"name":"(anonymous_76)","line":416,"loc":{"start":{"line":416,"column":79},"end":{"line":416,"column":90}}},"77":{"name":"(anonymous_77)","line":427,"loc":{"start":{"line":427,"column":84},"end":{"line":427,"column":95}}},"78":{"name":"(anonymous_78)","line":434,"loc":{"start":{"line":434,"column":85},"end":{"line":434,"column":96}}},"79":{"name":"(anonymous_79)","line":439,"loc":{"start":{"line":439,"column":74},"end":{"line":439,"column":85}}},"80":{"name":"(anonymous_80)","line":440,"loc":{"start":{"line":440,"column":24},"end":{"line":440,"column":39}}},"81":{"name":"(anonymous_81)","line":450,"loc":{"start":{"line":450,"column":76},"end":{"line":450,"column":87}}},"82":{"name":"(anonymous_82)","line":451,"loc":{"start":{"line":451,"column":24},"end":{"line":451,"column":39}}},"83":{"name":"(anonymous_83)","line":461,"loc":{"start":{"line":461,"column":65},"end":{"line":461,"column":76}}},"84":{"name":"(anonymous_84)","line":470,"loc":{"start":{"line":470,"column":85},"end":{"line":470,"column":96}}},"85":{"name":"(anonymous_85)","line":478,"loc":{"start":{"line":478,"column":87},"end":{"line":478,"column":98}}},"86":{"name":"(anonymous_86)","line":490,"loc":{"start":{"line":490,"column":88},"end":{"line":490,"column":99}}},"87":{"name":"(anonymous_87)","line":504,"loc":{"start":{"line":504,"column":92},"end":{"line":504,"column":103}}},"88":{"name":"(anonymous_88)","line":511,"loc":{"start":{"line":511,"column":8},"end":{"line":511,"column":19}}},"89":{"name":"(anonymous_89)","line":519,"loc":{"start":{"line":519,"column":88},"end":{"line":519,"column":99}}},"90":{"name":"(anonymous_90)","line":543,"loc":{"start":{"line":543,"column":93},"end":{"line":543,"column":104}}},"91":{"name":"(anonymous_91)","line":564,"loc":{"start":{"line":564,"column":80},"end":{"line":564,"column":91}}},"92":{"name":"(anonymous_92)","line":565,"loc":{"start":{"line":565,"column":24},"end":{"line":565,"column":39}}},"93":{"name":"(anonymous_93)","line":575,"loc":{"start":{"line":575,"column":80},"end":{"line":575,"column":91}}},"94":{"name":"(anonymous_94)","line":576,"loc":{"start":{"line":576,"column":24},"end":{"line":576,"column":39}}},"95":{"name":"(anonymous_95)","line":586,"loc":{"start":{"line":586,"column":93},"end":{"line":586,"column":104}}},"96":{"name":"(anonymous_96)","line":608,"loc":{"start":{"line":608,"column":128},"end":{"line":608,"column":139}}},"97":{"name":"(anonymous_97)","line":630,"loc":{"start":{"line":630,"column":74},"end":{"line":630,"column":85}}},"98":{"name":"(anonymous_98)","line":639,"loc":{"start":{"line":639,"column":80},"end":{"line":639,"column":91}}},"99":{"name":"(anonymous_99)","line":640,"loc":{"start":{"line":640,"column":24},"end":{"line":640,"column":39}}},"100":{"name":"(anonymous_100)","line":649,"loc":{"start":{"line":649,"column":80},"end":{"line":649,"column":91}}},"101":{"name":"(anonymous_101)","line":650,"loc":{"start":{"line":650,"column":24},"end":{"line":650,"column":39}}},"102":{"name":"(anonymous_102)","line":661,"loc":{"start":{"line":661,"column":86},"end":{"line":661,"column":97}}},"103":{"name":"(anonymous_103)","line":663,"loc":{"start":{"line":663,"column":27},"end":{"line":663,"column":38}}},"104":{"name":"(anonymous_104)","line":664,"loc":{"start":{"line":664,"column":24},"end":{"line":664,"column":48}}},"105":{"name":"(anonymous_105)","line":668,"loc":{"start":{"line":668,"column":23},"end":{"line":668,"column":26}}},"106":{"name":"(anonymous_106)","line":681,"loc":{"start":{"line":681,"column":84},"end":{"line":681,"column":95}}},"107":{"name":"(anonymous_107)","line":683,"loc":{"start":{"line":683,"column":27},"end":{"line":683,"column":38}}},"108":{"name":"(anonymous_108)","line":684,"loc":{"start":{"line":684,"column":24},"end":{"line":684,"column":48}}},"109":{"name":"(anonymous_109)","line":688,"loc":{"start":{"line":688,"column":23},"end":{"line":688,"column":26}}},"110":{"name":"(anonymous_110)","line":701,"loc":{"start":{"line":701,"column":93},"end":{"line":701,"column":104}}},"111":{"name":"(anonymous_111)","line":703,"loc":{"start":{"line":703,"column":27},"end":{"line":703,"column":38}}},"112":{"name":"(anonymous_112)","line":704,"loc":{"start":{"line":704,"column":24},"end":{"line":704,"column":48}}},"113":{"name":"(anonymous_113)","line":708,"loc":{"start":{"line":708,"column":23},"end":{"line":708,"column":26}}},"114":{"name":"(anonymous_114)","line":724,"loc":{"start":{"line":724,"column":93},"end":{"line":724,"column":104}}},"115":{"name":"(anonymous_115)","line":726,"loc":{"start":{"line":726,"column":27},"end":{"line":726,"column":38}}},"116":{"name":"(anonymous_116)","line":727,"loc":{"start":{"line":727,"column":24},"end":{"line":727,"column":48}}},"117":{"name":"(anonymous_117)","line":731,"loc":{"start":{"line":731,"column":23},"end":{"line":731,"column":26}}},"118":{"name":"(anonymous_118)","line":745,"loc":{"start":{"line":745,"column":97},"end":{"line":745,"column":108}}},"119":{"name":"(anonymous_119)","line":747,"loc":{"start":{"line":747,"column":27},"end":{"line":747,"column":38}}},"120":{"name":"(anonymous_120)","line":748,"loc":{"start":{"line":748,"column":24},"end":{"line":748,"column":48}}},"121":{"name":"(anonymous_121)","line":752,"loc":{"start":{"line":752,"column":23},"end":{"line":752,"column":26}}},"122":{"name":"(anonymous_122)","line":766,"loc":{"start":{"line":766,"column":26},"end":{"line":766,"column":37}}},"123":{"name":"(anonymous_123)","line":776,"loc":{"start":{"line":776,"column":29},"end":{"line":776,"column":40}}},"124":{"name":"(anonymous_124)","line":777,"loc":{"start":{"line":777,"column":20},"end":{"line":777,"column":35}}},"125":{"name":"(anonymous_125)","line":785,"loc":{"start":{"line":785,"column":15},"end":{"line":785,"column":26}}},"126":{"name":"(anonymous_126)","line":787,"loc":{"start":{"line":787,"column":24},"end":{"line":787,"column":39}}},"127":{"name":"(anonymous_127)","line":801,"loc":{"start":{"line":801,"column":14},"end":{"line":801,"column":25}}},"128":{"name":"(anonymous_128)","line":804,"loc":{"start":{"line":804,"column":60},"end":{"line":804,"column":71}}},"129":{"name":"(anonymous_129)","line":815,"loc":{"start":{"line":815,"column":53},"end":{"line":815,"column":64}}},"130":{"name":"(anonymous_130)","line":827,"loc":{"start":{"line":827,"column":72},"end":{"line":827,"column":83}}},"131":{"name":"(anonymous_131)","line":828,"loc":{"start":{"line":828,"column":24},"end":{"line":828,"column":39}}},"132":{"name":"(anonymous_132)","line":839,"loc":{"start":{"line":839,"column":75},"end":{"line":839,"column":86}}},"133":{"name":"(anonymous_133)","line":840,"loc":{"start":{"line":840,"column":24},"end":{"line":840,"column":39}}},"134":{"name":"(anonymous_134)","line":851,"loc":{"start":{"line":851,"column":76},"end":{"line":851,"column":87}}},"135":{"name":"(anonymous_135)","line":866,"loc":{"start":{"line":866,"column":84},"end":{"line":866,"column":95}}},"136":{"name":"(anonymous_136)","line":873,"loc":{"start":{"line":873,"column":74},"end":{"line":873,"column":85}}},"137":{"name":"(anonymous_137)","line":874,"loc":{"start":{"line":874,"column":24},"end":{"line":874,"column":39}}},"138":{"name":"(anonymous_138)","line":881,"loc":{"start":{"line":881,"column":76},"end":{"line":881,"column":87}}},"139":{"name":"(anonymous_139)","line":882,"loc":{"start":{"line":882,"column":24},"end":{"line":882,"column":39}}},"140":{"name":"(anonymous_140)","line":889,"loc":{"start":{"line":889,"column":65},"end":{"line":889,"column":76}}},"141":{"name":"(anonymous_141)","line":898,"loc":{"start":{"line":898,"column":85},"end":{"line":898,"column":96}}},"142":{"name":"(anonymous_142)","line":906,"loc":{"start":{"line":906,"column":87},"end":{"line":906,"column":98}}},"143":{"name":"(anonymous_143)","line":922,"loc":{"start":{"line":922,"column":88},"end":{"line":922,"column":99}}},"144":{"name":"(anonymous_144)","line":938,"loc":{"start":{"line":938,"column":92},"end":{"line":938,"column":103}}},"145":{"name":"(anonymous_145)","line":945,"loc":{"start":{"line":945,"column":8},"end":{"line":945,"column":19}}},"146":{"name":"(anonymous_146)","line":953,"loc":{"start":{"line":953,"column":85},"end":{"line":953,"column":96}}},"147":{"name":"(anonymous_147)","line":969,"loc":{"start":{"line":969,"column":80},"end":{"line":969,"column":91}}},"148":{"name":"(anonymous_148)","line":970,"loc":{"start":{"line":970,"column":24},"end":{"line":970,"column":39}}},"149":{"name":"(anonymous_149)","line":980,"loc":{"start":{"line":980,"column":80},"end":{"line":980,"column":91}}},"150":{"name":"(anonymous_150)","line":981,"loc":{"start":{"line":981,"column":24},"end":{"line":981,"column":39}}},"151":{"name":"(anonymous_151)","line":991,"loc":{"start":{"line":991,"column":93},"end":{"line":991,"column":104}}},"152":{"name":"(anonymous_152)","line":1002,"loc":{"start":{"line":1002,"column":128},"end":{"line":1002,"column":139}}},"153":{"name":"(anonymous_153)","line":1013,"loc":{"start":{"line":1013,"column":74},"end":{"line":1013,"column":85}}},"154":{"name":"(anonymous_154)","line":1024,"loc":{"start":{"line":1024,"column":80},"end":{"line":1024,"column":91}}},"155":{"name":"(anonymous_155)","line":1025,"loc":{"start":{"line":1025,"column":24},"end":{"line":1025,"column":39}}},"156":{"name":"(anonymous_156)","line":1036,"loc":{"start":{"line":1036,"column":80},"end":{"line":1036,"column":91}}},"157":{"name":"(anonymous_157)","line":1037,"loc":{"start":{"line":1037,"column":24},"end":{"line":1037,"column":39}}}},"statementMap":{"1":{"start":{"line":3,"column":0},"end":{"line":3,"column":49}},"2":{"start":{"line":4,"column":0},"end":{"line":4,"column":28}},"3":{"start":{"line":11,"column":0},"end":{"line":15,"column":3}},"4":{"start":{"line":12,"column":4},"end":{"line":14,"column":7}},"5":{"start":{"line":13,"column":8},"end":{"line":13,"column":32}},"6":{"start":{"line":21,"column":0},"end":{"line":30,"column":3}},"7":{"start":{"line":22,"column":4},"end":{"line":22,"column":40}},"8":{"start":{"line":23,"column":4},"end":{"line":23,"column":50}},"9":{"start":{"line":24,"column":4},"end":{"line":26,"column":7}},"10":{"start":{"line":25,"column":8},"end":{"line":25,"column":69}},"11":{"start":{"line":27,"column":4},"end":{"line":29,"column":7}},"12":{"start":{"line":28,"column":8},"end":{"line":28,"column":74}},"13":{"start":{"line":36,"column":0},"end":{"line":281,"column":3}},"14":{"start":{"line":37,"column":4},"end":{"line":37,"column":40}},"15":{"start":{"line":38,"column":4},"end":{"line":38,"column":19}},"16":{"start":{"line":39,"column":4},"end":{"line":39,"column":25}},"17":{"start":{"line":40,"column":4},"end":{"line":55,"column":7}},"18":{"start":{"line":41,"column":8},"end":{"line":41,"column":24}},"19":{"start":{"line":42,"column":8},"end":{"line":42,"column":42}},"20":{"start":{"line":43,"column":8},"end":{"line":43,"column":46}},"21":{"start":{"line":44,"column":8},"end":{"line":44,"column":32}},"22":{"start":{"line":45,"column":8},"end":{"line":45,"column":36}},"23":{"start":{"line":46,"column":8},"end":{"line":53,"column":10}},"24":{"start":{"line":48,"column":16},"end":{"line":48,"column":36}},"25":{"start":{"line":49,"column":16},"end":{"line":49,"column":28}},"26":{"start":{"line":54,"column":8},"end":{"line":54,"column":37}},"27":{"start":{"line":56,"column":4},"end":{"line":59,"column":7}},"28":{"start":{"line":57,"column":8},"end":{"line":57,"column":29}},"29":{"start":{"line":58,"column":8},"end":{"line":58,"column":33}},"30":{"start":{"line":60,"column":4},"end":{"line":62,"column":7}},"31":{"start":{"line":61,"column":8},"end":{"line":61,"column":56}},"32":{"start":{"line":63,"column":4},"end":{"line":65,"column":7}},"33":{"start":{"line":64,"column":8},"end":{"line":64,"column":66}},"34":{"start":{"line":66,"column":4},"end":{"line":68,"column":7}},"35":{"start":{"line":67,"column":8},"end":{"line":67,"column":69}},"36":{"start":{"line":69,"column":4},"end":{"line":71,"column":7}},"37":{"start":{"line":70,"column":8},"end":{"line":70,"column":62}},"38":{"start":{"line":72,"column":4},"end":{"line":74,"column":7}},"39":{"start":{"line":73,"column":8},"end":{"line":73,"column":62}},"40":{"start":{"line":75,"column":4},"end":{"line":77,"column":7}},"41":{"start":{"line":76,"column":8},"end":{"line":76,"column":65}},"42":{"start":{"line":78,"column":4},"end":{"line":80,"column":7}},"43":{"start":{"line":79,"column":8},"end":{"line":79,"column":65}},"44":{"start":{"line":81,"column":4},"end":{"line":83,"column":7}},"45":{"start":{"line":82,"column":8},"end":{"line":82,"column":51}},"46":{"start":{"line":84,"column":4},"end":{"line":86,"column":7}},"47":{"start":{"line":85,"column":8},"end":{"line":85,"column":47}},"48":{"start":{"line":87,"column":4},"end":{"line":90,"column":7}},"49":{"start":{"line":88,"column":8},"end":{"line":88,"column":32}},"50":{"start":{"line":89,"column":8},"end":{"line":89,"column":53}},"51":{"start":{"line":91,"column":4},"end":{"line":95,"column":7}},"52":{"start":{"line":92,"column":8},"end":{"line":92,"column":37}},"53":{"start":{"line":93,"column":8},"end":{"line":93,"column":45}},"54":{"start":{"line":94,"column":8},"end":{"line":94,"column":52}},"55":{"start":{"line":96,"column":4},"end":{"line":101,"column":7}},"56":{"start":{"line":97,"column":8},"end":{"line":99,"column":11}},"57":{"start":{"line":100,"column":8},"end":{"line":100,"column":57}},"58":{"start":{"line":102,"column":4},"end":{"line":108,"column":7}},"59":{"start":{"line":103,"column":8},"end":{"line":105,"column":11}},"60":{"start":{"line":106,"column":8},"end":{"line":106,"column":57}},"61":{"start":{"line":107,"column":8},"end":{"line":107,"column":41}},"62":{"start":{"line":109,"column":4},"end":{"line":115,"column":7}},"63":{"start":{"line":110,"column":8},"end":{"line":110,"column":44}},"64":{"start":{"line":111,"column":8},"end":{"line":113,"column":11}},"65":{"start":{"line":114,"column":8},"end":{"line":114,"column":72}},"66":{"start":{"line":116,"column":4},"end":{"line":122,"column":7}},"67":{"start":{"line":117,"column":8},"end":{"line":117,"column":47}},"68":{"start":{"line":118,"column":8},"end":{"line":120,"column":11}},"69":{"start":{"line":121,"column":8},"end":{"line":121,"column":72}},"70":{"start":{"line":123,"column":4},"end":{"line":127,"column":7}},"71":{"start":{"line":124,"column":8},"end":{"line":124,"column":42}},"72":{"start":{"line":125,"column":8},"end":{"line":125,"column":49}},"73":{"start":{"line":126,"column":8},"end":{"line":126,"column":42}},"74":{"start":{"line":128,"column":4},"end":{"line":134,"column":7}},"75":{"start":{"line":129,"column":8},"end":{"line":131,"column":11}},"76":{"start":{"line":132,"column":8},"end":{"line":132,"column":44}},"77":{"start":{"line":133,"column":8},"end":{"line":133,"column":49}},"78":{"start":{"line":135,"column":4},"end":{"line":150,"column":7}},"79":{"start":{"line":136,"column":8},"end":{"line":138,"column":11}},"80":{"start":{"line":139,"column":8},"end":{"line":142,"column":11}},"81":{"start":{"line":143,"column":8},"end":{"line":143,"column":53}},"82":{"start":{"line":144,"column":8},"end":{"line":147,"column":11}},"83":{"start":{"line":148,"column":8},"end":{"line":148,"column":44}},"84":{"start":{"line":149,"column":8},"end":{"line":149,"column":50}},"85":{"start":{"line":151,"column":4},"end":{"line":161,"column":7}},"86":{"start":{"line":152,"column":8},"end":{"line":152,"column":47}},"87":{"start":{"line":153,"column":8},"end":{"line":155,"column":11}},"88":{"start":{"line":156,"column":8},"end":{"line":159,"column":11}},"89":{"start":{"line":160,"column":8},"end":{"line":160,"column":72}},"90":{"start":{"line":162,"column":4},"end":{"line":172,"column":7}},"91":{"start":{"line":163,"column":8},"end":{"line":163,"column":47}},"92":{"start":{"line":164,"column":8},"end":{"line":166,"column":11}},"93":{"start":{"line":167,"column":8},"end":{"line":170,"column":11}},"94":{"start":{"line":171,"column":8},"end":{"line":171,"column":72}},"95":{"start":{"line":173,"column":4},"end":{"line":180,"column":7}},"96":{"start":{"line":174,"column":8},"end":{"line":176,"column":11}},"97":{"start":{"line":177,"column":8},"end":{"line":177,"column":48}},"98":{"start":{"line":178,"column":8},"end":{"line":178,"column":45}},"99":{"start":{"line":179,"column":8},"end":{"line":179,"column":44}},"100":{"start":{"line":181,"column":4},"end":{"line":188,"column":7}},"101":{"start":{"line":182,"column":8},"end":{"line":182,"column":47}},"102":{"start":{"line":183,"column":8},"end":{"line":185,"column":11}},"103":{"start":{"line":186,"column":8},"end":{"line":186,"column":48}},"104":{"start":{"line":187,"column":8},"end":{"line":187,"column":72}},"105":{"start":{"line":189,"column":4},"end":{"line":196,"column":7}},"106":{"start":{"line":190,"column":8},"end":{"line":190,"column":47}},"107":{"start":{"line":191,"column":8},"end":{"line":193,"column":11}},"108":{"start":{"line":194,"column":8},"end":{"line":194,"column":48}},"109":{"start":{"line":195,"column":8},"end":{"line":195,"column":72}},"110":{"start":{"line":197,"column":4},"end":{"line":199,"column":7}},"111":{"start":{"line":198,"column":8},"end":{"line":198,"column":75}},"112":{"start":{"line":200,"column":4},"end":{"line":225,"column":7}},"113":{"start":{"line":202,"column":8},"end":{"line":204,"column":10}},"114":{"start":{"line":203,"column":12},"end":{"line":203,"column":50}},"115":{"start":{"line":205,"column":8},"end":{"line":205,"column":32}},"116":{"start":{"line":206,"column":8},"end":{"line":214,"column":10}},"117":{"start":{"line":208,"column":16},"end":{"line":208,"column":24}},"118":{"start":{"line":210,"column":16},"end":{"line":210,"column":41}},"119":{"start":{"line":212,"column":16},"end":{"line":212,"column":46}},"120":{"start":{"line":215,"column":8},"end":{"line":215,"column":58}},"121":{"start":{"line":216,"column":8},"end":{"line":218,"column":11}},"122":{"start":{"line":219,"column":8},"end":{"line":221,"column":11}},"123":{"start":{"line":222,"column":8},"end":{"line":224,"column":11}},"124":{"start":{"line":226,"column":4},"end":{"line":257,"column":7}},"125":{"start":{"line":228,"column":8},"end":{"line":230,"column":10}},"126":{"start":{"line":229,"column":12},"end":{"line":229,"column":50}},"127":{"start":{"line":231,"column":8},"end":{"line":231,"column":32}},"128":{"start":{"line":232,"column":8},"end":{"line":240,"column":10}},"129":{"start":{"line":234,"column":16},"end":{"line":234,"column":24}},"130":{"start":{"line":236,"column":16},"end":{"line":236,"column":41}},"131":{"start":{"line":238,"column":16},"end":{"line":238,"column":46}},"132":{"start":{"line":241,"column":8},"end":{"line":241,"column":58}},"133":{"start":{"line":242,"column":8},"end":{"line":244,"column":11}},"134":{"start":{"line":245,"column":8},"end":{"line":248,"column":11}},"135":{"start":{"line":249,"column":8},"end":{"line":252,"column":11}},"136":{"start":{"line":253,"column":8},"end":{"line":256,"column":11}},"137":{"start":{"line":258,"column":4},"end":{"line":280,"column":7}},"138":{"start":{"line":260,"column":8},"end":{"line":262,"column":10}},"139":{"start":{"line":261,"column":12},"end":{"line":261,"column":50}},"140":{"start":{"line":263,"column":8},"end":{"line":263,"column":32}},"141":{"start":{"line":264,"column":8},"end":{"line":272,"column":10}},"142":{"start":{"line":266,"column":16},"end":{"line":266,"column":24}},"143":{"start":{"line":268,"column":16},"end":{"line":268,"column":41}},"144":{"start":{"line":270,"column":16},"end":{"line":270,"column":46}},"145":{"start":{"line":273,"column":8},"end":{"line":273,"column":58}},"146":{"start":{"line":274,"column":8},"end":{"line":276,"column":11}},"147":{"start":{"line":277,"column":8},"end":{"line":277,"column":35}},"148":{"start":{"line":278,"column":8},"end":{"line":278,"column":87}},"149":{"start":{"line":279,"column":8},"end":{"line":279,"column":87}},"150":{"start":{"line":288,"column":0},"end":{"line":769,"column":3}},"151":{"start":{"line":289,"column":4},"end":{"line":289,"column":38}},"152":{"start":{"line":290,"column":4},"end":{"line":290,"column":28}},"153":{"start":{"line":291,"column":4},"end":{"line":291,"column":40}},"154":{"start":{"line":292,"column":4},"end":{"line":292,"column":50}},"155":{"start":{"line":293,"column":4},"end":{"line":293,"column":20}},"156":{"start":{"line":294,"column":4},"end":{"line":294,"column":20}},"157":{"start":{"line":295,"column":4},"end":{"line":295,"column":20}},"158":{"start":{"line":296,"column":4},"end":{"line":296,"column":20}},"159":{"start":{"line":297,"column":4},"end":{"line":321,"column":7}},"160":{"start":{"line":298,"column":8},"end":{"line":298,"column":24}},"161":{"start":{"line":299,"column":8},"end":{"line":299,"column":42}},"162":{"start":{"line":300,"column":8},"end":{"line":300,"column":46}},"163":{"start":{"line":301,"column":8},"end":{"line":301,"column":32}},"164":{"start":{"line":302,"column":8},"end":{"line":302,"column":36}},"165":{"start":{"line":303,"column":8},"end":{"line":310,"column":10}},"166":{"start":{"line":305,"column":16},"end":{"line":305,"column":36}},"167":{"start":{"line":306,"column":16},"end":{"line":306,"column":28}},"168":{"start":{"line":311,"column":8},"end":{"line":313,"column":11}},"169":{"start":{"line":314,"column":8},"end":{"line":316,"column":11}},"170":{"start":{"line":317,"column":8},"end":{"line":319,"column":11}},"171":{"start":{"line":320,"column":8},"end":{"line":320,"column":43}},"172":{"start":{"line":322,"column":4},"end":{"line":325,"column":7}},"173":{"start":{"line":323,"column":8},"end":{"line":323,"column":29}},"174":{"start":{"line":324,"column":8},"end":{"line":324,"column":33}},"175":{"start":{"line":326,"column":4},"end":{"line":328,"column":7}},"176":{"start":{"line":327,"column":8},"end":{"line":327,"column":57}},"177":{"start":{"line":329,"column":4},"end":{"line":331,"column":7}},"178":{"start":{"line":330,"column":8},"end":{"line":330,"column":71}},"179":{"start":{"line":332,"column":4},"end":{"line":334,"column":7}},"180":{"start":{"line":333,"column":8},"end":{"line":333,"column":70}},"181":{"start":{"line":335,"column":4},"end":{"line":337,"column":7}},"182":{"start":{"line":336,"column":8},"end":{"line":336,"column":63}},"183":{"start":{"line":338,"column":4},"end":{"line":340,"column":7}},"184":{"start":{"line":339,"column":8},"end":{"line":339,"column":64}},"185":{"start":{"line":341,"column":4},"end":{"line":343,"column":7}},"186":{"start":{"line":342,"column":8},"end":{"line":342,"column":63}},"187":{"start":{"line":344,"column":4},"end":{"line":346,"column":7}},"188":{"start":{"line":345,"column":8},"end":{"line":345,"column":66}},"189":{"start":{"line":347,"column":4},"end":{"line":349,"column":7}},"190":{"start":{"line":348,"column":8},"end":{"line":348,"column":66}},"191":{"start":{"line":350,"column":4},"end":{"line":352,"column":7}},"192":{"start":{"line":351,"column":8},"end":{"line":351,"column":52}},"193":{"start":{"line":353,"column":4},"end":{"line":355,"column":7}},"194":{"start":{"line":354,"column":8},"end":{"line":354,"column":48}},"195":{"start":{"line":356,"column":4},"end":{"line":359,"column":7}},"196":{"start":{"line":357,"column":8},"end":{"line":357,"column":33}},"197":{"start":{"line":358,"column":8},"end":{"line":358,"column":53}},"198":{"start":{"line":360,"column":4},"end":{"line":364,"column":7}},"199":{"start":{"line":361,"column":8},"end":{"line":361,"column":43}},"200":{"start":{"line":362,"column":8},"end":{"line":362,"column":46}},"201":{"start":{"line":363,"column":8},"end":{"line":363,"column":52}},"202":{"start":{"line":365,"column":4},"end":{"line":374,"column":7}},"203":{"start":{"line":366,"column":8},"end":{"line":370,"column":11}},"204":{"start":{"line":371,"column":8},"end":{"line":373,"column":11}},"205":{"start":{"line":375,"column":4},"end":{"line":385,"column":7}},"206":{"start":{"line":376,"column":8},"end":{"line":380,"column":11}},"207":{"start":{"line":381,"column":8},"end":{"line":383,"column":11}},"208":{"start":{"line":384,"column":8},"end":{"line":384,"column":41}},"209":{"start":{"line":386,"column":4},"end":{"line":393,"column":7}},"210":{"start":{"line":387,"column":8},"end":{"line":387,"column":55}},"211":{"start":{"line":388,"column":8},"end":{"line":388,"column":55}},"212":{"start":{"line":389,"column":8},"end":{"line":389,"column":42}},"213":{"start":{"line":390,"column":8},"end":{"line":390,"column":40}},"214":{"start":{"line":391,"column":8},"end":{"line":391,"column":55}},"215":{"start":{"line":392,"column":8},"end":{"line":392,"column":42}},"216":{"start":{"line":394,"column":4},"end":{"line":404,"column":7}},"217":{"start":{"line":395,"column":8},"end":{"line":395,"column":42}},"218":{"start":{"line":396,"column":8},"end":{"line":396,"column":32}},"219":{"start":{"line":397,"column":8},"end":{"line":397,"column":45}},"220":{"start":{"line":398,"column":8},"end":{"line":402,"column":11}},"221":{"start":{"line":403,"column":8},"end":{"line":403,"column":71}},"222":{"start":{"line":405,"column":4},"end":{"line":415,"column":7}},"223":{"start":{"line":406,"column":8},"end":{"line":406,"column":42}},"224":{"start":{"line":407,"column":8},"end":{"line":407,"column":32}},"225":{"start":{"line":408,"column":8},"end":{"line":408,"column":48}},"226":{"start":{"line":409,"column":8},"end":{"line":413,"column":11}},"227":{"start":{"line":414,"column":8},"end":{"line":414,"column":71}},"228":{"start":{"line":416,"column":4},"end":{"line":426,"column":7}},"229":{"start":{"line":417,"column":8},"end":{"line":417,"column":38}},"230":{"start":{"line":418,"column":8},"end":{"line":421,"column":11}},"231":{"start":{"line":422,"column":8},"end":{"line":424,"column":11}},"232":{"start":{"line":425,"column":8},"end":{"line":425,"column":42}},"233":{"start":{"line":427,"column":4},"end":{"line":433,"column":7}},"234":{"start":{"line":428,"column":8},"end":{"line":428,"column":56}},"235":{"start":{"line":429,"column":8},"end":{"line":431,"column":11}},"236":{"start":{"line":432,"column":8},"end":{"line":432,"column":42}},"237":{"start":{"line":434,"column":4},"end":{"line":438,"column":7}},"238":{"start":{"line":435,"column":8},"end":{"line":435,"column":45}},"239":{"start":{"line":436,"column":8},"end":{"line":436,"column":55}},"240":{"start":{"line":437,"column":8},"end":{"line":437,"column":43}},"241":{"start":{"line":439,"column":4},"end":{"line":449,"column":7}},"242":{"start":{"line":440,"column":8},"end":{"line":440,"column":42}},"243":{"start":{"line":441,"column":8},"end":{"line":441,"column":32}},"244":{"start":{"line":442,"column":8},"end":{"line":442,"column":46}},"245":{"start":{"line":443,"column":8},"end":{"line":443,"column":38}},"246":{"start":{"line":444,"column":8},"end":{"line":447,"column":11}},"247":{"start":{"line":448,"column":8},"end":{"line":448,"column":71}},"248":{"start":{"line":450,"column":4},"end":{"line":460,"column":7}},"249":{"start":{"line":451,"column":8},"end":{"line":451,"column":42}},"250":{"start":{"line":452,"column":8},"end":{"line":452,"column":32}},"251":{"start":{"line":453,"column":8},"end":{"line":453,"column":48}},"252":{"start":{"line":454,"column":8},"end":{"line":454,"column":38}},"253":{"start":{"line":455,"column":8},"end":{"line":458,"column":11}},"254":{"start":{"line":459,"column":8},"end":{"line":459,"column":71}},"255":{"start":{"line":461,"column":4},"end":{"line":469,"column":7}},"256":{"start":{"line":462,"column":8},"end":{"line":462,"column":38}},"257":{"start":{"line":463,"column":8},"end":{"line":463,"column":45}},"258":{"start":{"line":464,"column":8},"end":{"line":464,"column":57}},"259":{"start":{"line":465,"column":8},"end":{"line":465,"column":47}},"260":{"start":{"line":466,"column":8},"end":{"line":468,"column":11}},"261":{"start":{"line":470,"column":4},"end":{"line":477,"column":7}},"262":{"start":{"line":471,"column":8},"end":{"line":471,"column":38}},"263":{"start":{"line":472,"column":8},"end":{"line":472,"column":43}},"264":{"start":{"line":473,"column":8},"end":{"line":473,"column":55}},"265":{"start":{"line":474,"column":8},"end":{"line":476,"column":11}},"266":{"start":{"line":478,"column":4},"end":{"line":489,"column":7}},"267":{"start":{"line":479,"column":8},"end":{"line":479,"column":38}},"268":{"start":{"line":480,"column":8},"end":{"line":483,"column":11}},"269":{"start":{"line":484,"column":8},"end":{"line":487,"column":11}},"270":{"start":{"line":488,"column":8},"end":{"line":488,"column":44}},"271":{"start":{"line":490,"column":4},"end":{"line":503,"column":7}},"272":{"start":{"line":491,"column":8},"end":{"line":493,"column":11}},"273":{"start":{"line":494,"column":8},"end":{"line":497,"column":11}},"274":{"start":{"line":498,"column":8},"end":{"line":501,"column":11}},"275":{"start":{"line":502,"column":8},"end":{"line":502,"column":44}},"276":{"start":{"line":504,"column":4},"end":{"line":509,"column":7}},"277":{"start":{"line":505,"column":8},"end":{"line":505,"column":30}},"278":{"start":{"line":506,"column":8},"end":{"line":506,"column":55}},"279":{"start":{"line":507,"column":8},"end":{"line":507,"column":48}},"280":{"start":{"line":508,"column":8},"end":{"line":508,"column":44}},"281":{"start":{"line":510,"column":4},"end":{"line":518,"column":7}},"282":{"start":{"line":512,"column":8},"end":{"line":512,"column":38}},"283":{"start":{"line":513,"column":8},"end":{"line":513,"column":50}},"284":{"start":{"line":514,"column":8},"end":{"line":516,"column":11}},"285":{"start":{"line":517,"column":8},"end":{"line":517,"column":45}},"286":{"start":{"line":519,"column":4},"end":{"line":542,"column":7}},"287":{"start":{"line":520,"column":8},"end":{"line":520,"column":38}},"288":{"start":{"line":521,"column":8},"end":{"line":534,"column":11}},"289":{"start":{"line":535,"column":8},"end":{"line":537,"column":11}},"290":{"start":{"line":538,"column":8},"end":{"line":540,"column":11}},"291":{"start":{"line":541,"column":8},"end":{"line":541,"column":44}},"292":{"start":{"line":543,"column":4},"end":{"line":563,"column":7}},"293":{"start":{"line":544,"column":8},"end":{"line":557,"column":11}},"294":{"start":{"line":558,"column":8},"end":{"line":558,"column":51}},"295":{"start":{"line":559,"column":8},"end":{"line":561,"column":11}},"296":{"start":{"line":562,"column":8},"end":{"line":562,"column":45}},"297":{"start":{"line":564,"column":4},"end":{"line":574,"column":7}},"298":{"start":{"line":565,"column":8},"end":{"line":565,"column":42}},"299":{"start":{"line":566,"column":8},"end":{"line":566,"column":32}},"300":{"start":{"line":567,"column":8},"end":{"line":567,"column":48}},"301":{"start":{"line":568,"column":8},"end":{"line":568,"column":38}},"302":{"start":{"line":569,"column":8},"end":{"line":572,"column":11}},"303":{"start":{"line":573,"column":8},"end":{"line":573,"column":71}},"304":{"start":{"line":575,"column":4},"end":{"line":585,"column":7}},"305":{"start":{"line":576,"column":8},"end":{"line":576,"column":42}},"306":{"start":{"line":577,"column":8},"end":{"line":577,"column":32}},"307":{"start":{"line":578,"column":8},"end":{"line":578,"column":48}},"308":{"start":{"line":579,"column":8},"end":{"line":579,"column":38}},"309":{"start":{"line":580,"column":8},"end":{"line":583,"column":11}},"310":{"start":{"line":584,"column":8},"end":{"line":584,"column":71}},"311":{"start":{"line":586,"column":4},"end":{"line":607,"column":7}},"312":{"start":{"line":587,"column":8},"end":{"line":600,"column":11}},"313":{"start":{"line":601,"column":8},"end":{"line":601,"column":50}},"314":{"start":{"line":602,"column":8},"end":{"line":604,"column":11}},"315":{"start":{"line":605,"column":8},"end":{"line":605,"column":52}},"316":{"start":{"line":606,"column":8},"end":{"line":606,"column":44}},"317":{"start":{"line":608,"column":4},"end":{"line":629,"column":7}},"318":{"start":{"line":609,"column":8},"end":{"line":622,"column":11}},"319":{"start":{"line":623,"column":8},"end":{"line":623,"column":51}},"320":{"start":{"line":624,"column":8},"end":{"line":626,"column":11}},"321":{"start":{"line":627,"column":8},"end":{"line":627,"column":52}},"322":{"start":{"line":628,"column":8},"end":{"line":628,"column":45}},"323":{"start":{"line":630,"column":4},"end":{"line":638,"column":7}},"324":{"start":{"line":631,"column":8},"end":{"line":633,"column":11}},"325":{"start":{"line":634,"column":8},"end":{"line":634,"column":49}},"326":{"start":{"line":635,"column":8},"end":{"line":635,"column":62}},"327":{"start":{"line":636,"column":8},"end":{"line":636,"column":52}},"328":{"start":{"line":637,"column":8},"end":{"line":637,"column":44}},"329":{"start":{"line":639,"column":4},"end":{"line":648,"column":7}},"330":{"start":{"line":640,"column":8},"end":{"line":640,"column":42}},"331":{"start":{"line":641,"column":8},"end":{"line":641,"column":32}},"332":{"start":{"line":642,"column":8},"end":{"line":642,"column":48}},"333":{"start":{"line":643,"column":8},"end":{"line":645,"column":11}},"334":{"start":{"line":646,"column":8},"end":{"line":646,"column":29}},"335":{"start":{"line":647,"column":8},"end":{"line":647,"column":71}},"336":{"start":{"line":649,"column":4},"end":{"line":658,"column":7}},"337":{"start":{"line":650,"column":8},"end":{"line":650,"column":42}},"338":{"start":{"line":651,"column":8},"end":{"line":651,"column":32}},"339":{"start":{"line":652,"column":8},"end":{"line":652,"column":48}},"340":{"start":{"line":653,"column":8},"end":{"line":655,"column":11}},"341":{"start":{"line":656,"column":8},"end":{"line":656,"column":29}},"342":{"start":{"line":657,"column":8},"end":{"line":657,"column":71}},"343":{"start":{"line":661,"column":4},"end":{"line":680,"column":7}},"344":{"start":{"line":663,"column":8},"end":{"line":665,"column":10}},"345":{"start":{"line":664,"column":12},"end":{"line":664,"column":50}},"346":{"start":{"line":666,"column":8},"end":{"line":666,"column":32}},"347":{"start":{"line":667,"column":8},"end":{"line":675,"column":10}},"348":{"start":{"line":669,"column":16},"end":{"line":669,"column":24}},"349":{"start":{"line":671,"column":16},"end":{"line":671,"column":41}},"350":{"start":{"line":673,"column":16},"end":{"line":673,"column":46}},"351":{"start":{"line":676,"column":8},"end":{"line":676,"column":68}},"352":{"start":{"line":677,"column":8},"end":{"line":677,"column":49}},"353":{"start":{"line":678,"column":8},"end":{"line":678,"column":106}},"354":{"start":{"line":679,"column":8},"end":{"line":679,"column":108}},"355":{"start":{"line":681,"column":4},"end":{"line":700,"column":7}},"356":{"start":{"line":683,"column":8},"end":{"line":685,"column":10}},"357":{"start":{"line":684,"column":12},"end":{"line":684,"column":50}},"358":{"start":{"line":686,"column":8},"end":{"line":686,"column":32}},"359":{"start":{"line":687,"column":8},"end":{"line":695,"column":10}},"360":{"start":{"line":689,"column":16},"end":{"line":689,"column":24}},"361":{"start":{"line":691,"column":16},"end":{"line":691,"column":41}},"362":{"start":{"line":693,"column":16},"end":{"line":693,"column":46}},"363":{"start":{"line":696,"column":8},"end":{"line":696,"column":68}},"364":{"start":{"line":697,"column":8},"end":{"line":697,"column":50}},"365":{"start":{"line":698,"column":8},"end":{"line":698,"column":105}},"366":{"start":{"line":699,"column":8},"end":{"line":699,"column":108}},"367":{"start":{"line":701,"column":4},"end":{"line":723,"column":7}},"368":{"start":{"line":703,"column":8},"end":{"line":705,"column":10}},"369":{"start":{"line":704,"column":12},"end":{"line":704,"column":50}},"370":{"start":{"line":706,"column":8},"end":{"line":706,"column":32}},"371":{"start":{"line":707,"column":8},"end":{"line":715,"column":10}},"372":{"start":{"line":709,"column":16},"end":{"line":709,"column":24}},"373":{"start":{"line":711,"column":16},"end":{"line":711,"column":41}},"374":{"start":{"line":713,"column":16},"end":{"line":713,"column":46}},"375":{"start":{"line":716,"column":8},"end":{"line":716,"column":68}},"376":{"start":{"line":717,"column":8},"end":{"line":717,"column":49}},"377":{"start":{"line":718,"column":8},"end":{"line":720,"column":11}},"378":{"start":{"line":721,"column":8},"end":{"line":721,"column":108}},"379":{"start":{"line":722,"column":8},"end":{"line":722,"column":108}},"380":{"start":{"line":724,"column":4},"end":{"line":744,"column":7}},"381":{"start":{"line":726,"column":8},"end":{"line":728,"column":10}},"382":{"start":{"line":727,"column":12},"end":{"line":727,"column":50}},"383":{"start":{"line":729,"column":8},"end":{"line":729,"column":32}},"384":{"start":{"line":730,"column":8},"end":{"line":738,"column":10}},"385":{"start":{"line":732,"column":16},"end":{"line":732,"column":24}},"386":{"start":{"line":734,"column":16},"end":{"line":734,"column":41}},"387":{"start":{"line":736,"column":16},"end":{"line":736,"column":46}},"388":{"start":{"line":739,"column":8},"end":{"line":739,"column":68}},"389":{"start":{"line":740,"column":8},"end":{"line":740,"column":49}},"390":{"start":{"line":741,"column":8},"end":{"line":741,"column":40}},"391":{"start":{"line":742,"column":8},"end":{"line":742,"column":108}},"392":{"start":{"line":743,"column":8},"end":{"line":743,"column":108}},"393":{"start":{"line":745,"column":4},"end":{"line":765,"column":7}},"394":{"start":{"line":747,"column":8},"end":{"line":749,"column":10}},"395":{"start":{"line":748,"column":12},"end":{"line":748,"column":50}},"396":{"start":{"line":750,"column":8},"end":{"line":750,"column":32}},"397":{"start":{"line":751,"column":8},"end":{"line":759,"column":10}},"398":{"start":{"line":753,"column":16},"end":{"line":753,"column":24}},"399":{"start":{"line":755,"column":16},"end":{"line":755,"column":41}},"400":{"start":{"line":757,"column":16},"end":{"line":757,"column":46}},"401":{"start":{"line":760,"column":8},"end":{"line":760,"column":68}},"402":{"start":{"line":761,"column":8},"end":{"line":761,"column":49}},"403":{"start":{"line":762,"column":8},"end":{"line":762,"column":40}},"404":{"start":{"line":763,"column":8},"end":{"line":763,"column":108}},"405":{"start":{"line":764,"column":8},"end":{"line":764,"column":108}},"406":{"start":{"line":766,"column":4},"end":{"line":768,"column":7}},"407":{"start":{"line":767,"column":8},"end":{"line":767,"column":76}},"408":{"start":{"line":776,"column":0},"end":{"line":1048,"column":3}},"409":{"start":{"line":777,"column":4},"end":{"line":777,"column":38}},"410":{"start":{"line":778,"column":4},"end":{"line":778,"column":28}},"411":{"start":{"line":779,"column":4},"end":{"line":779,"column":40}},"412":{"start":{"line":780,"column":4},"end":{"line":780,"column":50}},"413":{"start":{"line":781,"column":4},"end":{"line":781,"column":20}},"414":{"start":{"line":782,"column":4},"end":{"line":782,"column":20}},"415":{"start":{"line":783,"column":4},"end":{"line":783,"column":20}},"416":{"start":{"line":784,"column":4},"end":{"line":784,"column":20}},"417":{"start":{"line":785,"column":4},"end":{"line":800,"column":7}},"418":{"start":{"line":786,"column":8},"end":{"line":786,"column":24}},"419":{"start":{"line":787,"column":8},"end":{"line":787,"column":42}},"420":{"start":{"line":788,"column":8},"end":{"line":788,"column":32}},"421":{"start":{"line":789,"column":8},"end":{"line":789,"column":59}},"422":{"start":{"line":790,"column":8},"end":{"line":792,"column":11}},"423":{"start":{"line":793,"column":8},"end":{"line":795,"column":11}},"424":{"start":{"line":796,"column":8},"end":{"line":798,"column":11}},"425":{"start":{"line":799,"column":8},"end":{"line":799,"column":48}},"426":{"start":{"line":801,"column":4},"end":{"line":803,"column":7}},"427":{"start":{"line":802,"column":8},"end":{"line":802,"column":29}},"428":{"start":{"line":804,"column":4},"end":{"line":814,"column":7}},"429":{"start":{"line":805,"column":8},"end":{"line":809,"column":11}},"430":{"start":{"line":810,"column":8},"end":{"line":810,"column":42}},"431":{"start":{"line":811,"column":8},"end":{"line":813,"column":11}},"432":{"start":{"line":815,"column":4},"end":{"line":826,"column":7}},"433":{"start":{"line":816,"column":8},"end":{"line":820,"column":11}},"434":{"start":{"line":821,"column":8},"end":{"line":821,"column":46}},"435":{"start":{"line":822,"column":8},"end":{"line":824,"column":11}},"436":{"start":{"line":825,"column":8},"end":{"line":825,"column":41}},"437":{"start":{"line":827,"column":4},"end":{"line":838,"column":7}},"438":{"start":{"line":828,"column":8},"end":{"line":828,"column":42}},"439":{"start":{"line":829,"column":8},"end":{"line":829,"column":32}},"440":{"start":{"line":830,"column":8},"end":{"line":830,"column":45}},"441":{"start":{"line":831,"column":8},"end":{"line":835,"column":11}},"442":{"start":{"line":836,"column":8},"end":{"line":836,"column":46}},"443":{"start":{"line":837,"column":8},"end":{"line":837,"column":69}},"444":{"start":{"line":839,"column":4},"end":{"line":850,"column":7}},"445":{"start":{"line":840,"column":8},"end":{"line":840,"column":42}},"446":{"start":{"line":841,"column":8},"end":{"line":841,"column":32}},"447":{"start":{"line":842,"column":8},"end":{"line":842,"column":48}},"448":{"start":{"line":843,"column":8},"end":{"line":847,"column":11}},"449":{"start":{"line":848,"column":8},"end":{"line":848,"column":46}},"450":{"start":{"line":849,"column":8},"end":{"line":849,"column":69}},"451":{"start":{"line":851,"column":4},"end":{"line":865,"column":7}},"452":{"start":{"line":852,"column":8},"end":{"line":854,"column":11}},"453":{"start":{"line":855,"column":8},"end":{"line":858,"column":11}},"454":{"start":{"line":859,"column":8},"end":{"line":859,"column":31}},"455":{"start":{"line":860,"column":8},"end":{"line":860,"column":49}},"456":{"start":{"line":861,"column":8},"end":{"line":863,"column":11}},"457":{"start":{"line":864,"column":8},"end":{"line":864,"column":42}},"458":{"start":{"line":866,"column":4},"end":{"line":872,"column":7}},"459":{"start":{"line":867,"column":8},"end":{"line":867,"column":66}},"460":{"start":{"line":868,"column":8},"end":{"line":870,"column":11}},"461":{"start":{"line":871,"column":8},"end":{"line":871,"column":42}},"462":{"start":{"line":873,"column":4},"end":{"line":880,"column":7}},"463":{"start":{"line":874,"column":8},"end":{"line":874,"column":42}},"464":{"start":{"line":875,"column":8},"end":{"line":875,"column":32}},"465":{"start":{"line":876,"column":8},"end":{"line":876,"column":48}},"466":{"start":{"line":877,"column":8},"end":{"line":877,"column":46}},"467":{"start":{"line":878,"column":8},"end":{"line":878,"column":48}},"468":{"start":{"line":879,"column":8},"end":{"line":879,"column":69}},"469":{"start":{"line":881,"column":4},"end":{"line":888,"column":7}},"470":{"start":{"line":882,"column":8},"end":{"line":882,"column":42}},"471":{"start":{"line":883,"column":8},"end":{"line":883,"column":32}},"472":{"start":{"line":884,"column":8},"end":{"line":884,"column":48}},"473":{"start":{"line":885,"column":8},"end":{"line":885,"column":48}},"474":{"start":{"line":886,"column":8},"end":{"line":886,"column":48}},"475":{"start":{"line":887,"column":8},"end":{"line":887,"column":69}},"476":{"start":{"line":889,"column":4},"end":{"line":897,"column":7}},"477":{"start":{"line":890,"column":8},"end":{"line":890,"column":48}},"478":{"start":{"line":891,"column":8},"end":{"line":891,"column":45}},"479":{"start":{"line":892,"column":8},"end":{"line":892,"column":55}},"480":{"start":{"line":893,"column":8},"end":{"line":893,"column":45}},"481":{"start":{"line":894,"column":8},"end":{"line":896,"column":11}},"482":{"start":{"line":898,"column":4},"end":{"line":905,"column":7}},"483":{"start":{"line":899,"column":8},"end":{"line":899,"column":48}},"484":{"start":{"line":900,"column":8},"end":{"line":900,"column":50}},"485":{"start":{"line":901,"column":8},"end":{"line":901,"column":55}},"486":{"start":{"line":902,"column":8},"end":{"line":904,"column":11}},"487":{"start":{"line":906,"column":4},"end":{"line":921,"column":7}},"488":{"start":{"line":907,"column":8},"end":{"line":910,"column":12}},"489":{"start":{"line":911,"column":8},"end":{"line":914,"column":11}},"490":{"start":{"line":915,"column":8},"end":{"line":919,"column":11}},"491":{"start":{"line":920,"column":8},"end":{"line":920,"column":44}},"492":{"start":{"line":922,"column":4},"end":{"line":937,"column":7}},"493":{"start":{"line":923,"column":8},"end":{"line":926,"column":11}},"494":{"start":{"line":927,"column":8},"end":{"line":930,"column":11}},"495":{"start":{"line":931,"column":8},"end":{"line":935,"column":11}},"496":{"start":{"line":936,"column":8},"end":{"line":936,"column":44}},"497":{"start":{"line":938,"column":4},"end":{"line":943,"column":7}},"498":{"start":{"line":939,"column":8},"end":{"line":939,"column":42}},"499":{"start":{"line":940,"column":8},"end":{"line":940,"column":65}},"500":{"start":{"line":941,"column":8},"end":{"line":941,"column":58}},"501":{"start":{"line":942,"column":8},"end":{"line":942,"column":44}},"502":{"start":{"line":944,"column":4},"end":{"line":952,"column":7}},"503":{"start":{"line":946,"column":8},"end":{"line":946,"column":48}},"504":{"start":{"line":947,"column":8},"end":{"line":947,"column":57}},"505":{"start":{"line":948,"column":8},"end":{"line":950,"column":11}},"506":{"start":{"line":951,"column":8},"end":{"line":951,"column":45}},"507":{"start":{"line":953,"column":4},"end":{"line":968,"column":7}},"508":{"start":{"line":954,"column":8},"end":{"line":958,"column":12}},"509":{"start":{"line":959,"column":8},"end":{"line":963,"column":12}},"510":{"start":{"line":964,"column":8},"end":{"line":966,"column":11}},"511":{"start":{"line":967,"column":8},"end":{"line":967,"column":44}},"512":{"start":{"line":969,"column":4},"end":{"line":979,"column":7}},"513":{"start":{"line":970,"column":8},"end":{"line":970,"column":42}},"514":{"start":{"line":971,"column":8},"end":{"line":971,"column":32}},"515":{"start":{"line":972,"column":8},"end":{"line":972,"column":48}},"516":{"start":{"line":973,"column":8},"end":{"line":973,"column":48}},"517":{"start":{"line":974,"column":8},"end":{"line":977,"column":11}},"518":{"start":{"line":978,"column":8},"end":{"line":978,"column":69}},"519":{"start":{"line":980,"column":4},"end":{"line":990,"column":7}},"520":{"start":{"line":981,"column":8},"end":{"line":981,"column":42}},"521":{"start":{"line":982,"column":8},"end":{"line":982,"column":32}},"522":{"start":{"line":983,"column":8},"end":{"line":983,"column":48}},"523":{"start":{"line":984,"column":8},"end":{"line":984,"column":48}},"524":{"start":{"line":985,"column":8},"end":{"line":988,"column":11}},"525":{"start":{"line":989,"column":8},"end":{"line":989,"column":69}},"526":{"start":{"line":991,"column":4},"end":{"line":1001,"column":7}},"527":{"start":{"line":992,"column":8},"end":{"line":996,"column":12}},"528":{"start":{"line":997,"column":8},"end":{"line":997,"column":57}},"529":{"start":{"line":998,"column":8},"end":{"line":998,"column":61}},"530":{"start":{"line":999,"column":8},"end":{"line":999,"column":50}},"531":{"start":{"line":1000,"column":8},"end":{"line":1000,"column":44}},"532":{"start":{"line":1002,"column":4},"end":{"line":1012,"column":7}},"533":{"start":{"line":1003,"column":8},"end":{"line":1007,"column":12}},"534":{"start":{"line":1008,"column":8},"end":{"line":1008,"column":57}},"535":{"start":{"line":1009,"column":8},"end":{"line":1009,"column":61}},"536":{"start":{"line":1010,"column":8},"end":{"line":1010,"column":50}},"537":{"start":{"line":1011,"column":8},"end":{"line":1011,"column":45}},"538":{"start":{"line":1013,"column":4},"end":{"line":1023,"column":7}},"539":{"start":{"line":1014,"column":8},"end":{"line":1018,"column":12}},"540":{"start":{"line":1019,"column":8},"end":{"line":1019,"column":49}},"541":{"start":{"line":1020,"column":8},"end":{"line":1020,"column":60}},"542":{"start":{"line":1021,"column":8},"end":{"line":1021,"column":50}},"543":{"start":{"line":1022,"column":8},"end":{"line":1022,"column":44}},"544":{"start":{"line":1024,"column":4},"end":{"line":1035,"column":7}},"545":{"start":{"line":1025,"column":8},"end":{"line":1025,"column":42}},"546":{"start":{"line":1026,"column":8},"end":{"line":1026,"column":32}},"547":{"start":{"line":1027,"column":8},"end":{"line":1027,"column":48}},"548":{"start":{"line":1028,"column":8},"end":{"line":1032,"column":12}},"549":{"start":{"line":1033,"column":8},"end":{"line":1033,"column":29}},"550":{"start":{"line":1034,"column":8},"end":{"line":1034,"column":69}},"551":{"start":{"line":1036,"column":4},"end":{"line":1047,"column":7}},"552":{"start":{"line":1037,"column":8},"end":{"line":1037,"column":42}},"553":{"start":{"line":1038,"column":8},"end":{"line":1038,"column":32}},"554":{"start":{"line":1039,"column":8},"end":{"line":1039,"column":48}},"555":{"start":{"line":1040,"column":8},"end":{"line":1044,"column":12}},"556":{"start":{"line":1045,"column":8},"end":{"line":1045,"column":29}},"557":{"start":{"line":1046,"column":8},"end":{"line":1046,"column":69}}},"branchMap":{}},"/Users/williamshackelford/Sites/white-label-model/dist/index.js":{"path":"/Users/williamshackelford/Sites/white-label-model/dist/index.js","s":{"1":1,"2":1,"3":0,"4":1,"5":1,"6":0,"7":0,"8":0,"9":1,"10":1,"11":1,"12":2,"13":1,"14":320,"15":0,"16":1,"17":1,"18":2,"19":15,"20":15,"21":15,"22":15,"23":15,"24":15,"25":1,"26":2,"27":2,"28":2,"29":0,"30":2,"31":1,"32":320,"33":0,"34":320,"35":1,"36":2,"37":0,"38":2,"39":2,"40":2,"41":1,"42":1,"43":1,"44":1,"45":244,"46":244,"47":244,"48":213,"49":31,"50":244,"51":244,"52":244,"53":1,"54":287,"55":287,"56":287,"57":574,"58":574,"59":14,"60":287,"61":0,"62":1,"63":0,"64":273,"65":272,"66":272,"67":272,"68":1,"69":308,"70":5,"71":4,"72":4,"73":4,"74":1,"75":4,"76":4,"77":4,"78":1,"79":1,"80":1,"81":1,"82":76,"83":76,"84":76,"85":27,"86":49,"87":76,"88":76,"89":76,"90":1,"91":199,"92":199,"93":199,"94":398,"95":398,"96":28,"97":199,"98":0,"99":1,"100":0,"101":139,"102":137,"103":137,"104":137,"105":2,"106":37,"107":37,"108":11,"109":11,"110":11,"111":11,"112":26,"113":26,"114":2,"115":3,"116":2,"117":2,"118":2,"119":24,"120":23,"121":23,"122":23,"123":1,"124":358,"125":36,"126":322,"127":45,"128":277,"129":19,"130":11,"131":7,"132":7,"133":7,"134":7,"135":4,"136":2,"137":2,"138":2,"139":2,"140":2,"141":1,"142":1,"143":2,"144":2,"145":8,"146":5,"147":5,"148":5,"149":3,"150":12,"151":4,"152":1,"153":1,"154":1,"155":3,"156":1,"157":1,"158":1,"159":2,"160":8,"161":3,"162":5,"163":8,"164":8,"165":1,"166":1},"b":{"1":[0,1],"2":[1,0],"3":[1,0],"4":[0,2],"5":[2,2],"6":[0,320],"7":[15,15],"8":[15,0],"9":[2,0],"10":[0,2],"11":[0,320],"12":[0,320],"13":[320,0,0],"14":[0,2],"15":[2,0],"16":[2,2],"17":[2,0],"18":[2,0],"19":[213,31],"20":[244,213],"21":[287,0],"22":[14,560],"23":[574,14,14],"24":[272,1],"25":[273,272],"26":[4,1],"27":[5,4],"28":[27,49],"29":[76,27,26],"30":[199,0],"31":[28,370],"32":[398,28,28],"33":[137,2],"34":[139,53],"35":[11,26],"36":[37,36],"37":[2,24],"38":[23,1],"39":[36,322],"40":[358,42],"41":[45,277],"42":[11,8],"43":[19,19,11,11,5],"44":[7,4],"45":[11,9,7],"46":[2,2],"47":[4,2],"48":[2,0],"49":[1,1],"50":[5,3],"51":[8,4],"52":[4,8],"53":[1,3],"54":[4,2],"55":[1,2],"56":[3,2],"57":[3,5]},"f":{"1":1,"2":1,"3":2,"4":320,"5":1,"6":2,"7":2,"8":320,"9":2,"10":1,"11":1,"12":244,"13":287,"14":1,"15":0,"16":273,"17":308,"18":5,"19":4,"20":1,"21":76,"22":199,"23":1,"24":0,"25":139,"26":37,"27":3,"28":358,"29":19,"30":12},"fnMap":{"1":{"name":"(anonymous_1)","line":1,"loc":{"start":{"line":1,"column":1},"end":{"line":1,"column":28}}},"2":{"name":"(anonymous_2)","line":13,"loc":{"start":{"line":13,"column":9},"end":{"line":13,"column":45}}},"3":{"name":"_interopRequireDefault","line":20,"loc":{"start":{"line":20,"column":4},"end":{"line":20,"column":41}}},"4":{"name":"_classCallCheck","line":26,"loc":{"start":{"line":26,"column":4},"end":{"line":26,"column":52}}},"5":{"name":"(anonymous_5)","line":32,"loc":{"start":{"line":32,"column":23},"end":{"line":32,"column":35}}},"6":{"name":"defineProperties","line":33,"loc":{"start":{"line":33,"column":8},"end":{"line":33,"column":49}}},"7":{"name":"(anonymous_7)","line":43,"loc":{"start":{"line":43,"column":15},"end":{"line":43,"column":63}}},"8":{"name":"_possibleConstructorReturn","line":50,"loc":{"start":{"line":50,"column":4},"end":{"line":50,"column":52}}},"9":{"name":"_inherits","line":58,"loc":{"start":{"line":58,"column":4},"end":{"line":58,"column":45}}},"10":{"name":"(anonymous_10)","line":74,"loc":{"start":{"line":74,"column":5},"end":{"line":74,"column":32}}},"11":{"name":"(anonymous_11)","line":82,"loc":{"start":{"line":82,"column":20},"end":{"line":82,"column":45}}},"12":{"name":"Model","line":85,"loc":{"start":{"line":85,"column":12},"end":{"line":85,"column":38}}},"13":{"name":"message","line":108,"loc":{"start":{"line":108,"column":23},"end":{"line":108,"column":56}}},"14":{"name":"initialize","line":128,"loc":{"start":{"line":128,"column":23},"end":{"line":128,"column":45}}},"15":{"name":"destroy","line":134,"loc":{"start":{"line":134,"column":23},"end":{"line":134,"column":42}}},"16":{"name":"set","line":140,"loc":{"start":{"line":140,"column":23},"end":{"line":140,"column":42}}},"17":{"name":"get","line":151,"loc":{"start":{"line":151,"column":23},"end":{"line":151,"column":38}}},"18":{"name":"update","line":156,"loc":{"start":{"line":156,"column":23},"end":{"line":156,"column":51}}},"19":{"name":"_delete","line":168,"loc":{"start":{"line":168,"column":23},"end":{"line":168,"column":42}}},"20":{"name":"(anonymous_20)","line":182,"loc":{"start":{"line":182,"column":25},"end":{"line":182,"column":51}}},"21":{"name":"Collection","line":185,"loc":{"start":{"line":185,"column":12},"end":{"line":185,"column":48}}},"22":{"name":"message","line":208,"loc":{"start":{"line":208,"column":23},"end":{"line":208,"column":56}}},"23":{"name":"initialize","line":228,"loc":{"start":{"line":228,"column":23},"end":{"line":228,"column":45}}},"24":{"name":"destroy","line":234,"loc":{"start":{"line":234,"column":23},"end":{"line":234,"column":42}}},"25":{"name":"set","line":240,"loc":{"start":{"line":240,"column":23},"end":{"line":240,"column":42}}},"26":{"name":"push","line":252,"loc":{"start":{"line":252,"column":23},"end":{"line":252,"column":48}}},"27":{"name":"(anonymous_27)","line":268,"loc":{"start":{"line":268,"column":37},"end":{"line":268,"column":59}}},"28":{"name":"get","line":284,"loc":{"start":{"line":284,"column":23},"end":{"line":284,"column":43}}},"29":{"name":"update","line":295,"loc":{"start":{"line":295,"column":23},"end":{"line":295,"column":58}}},"30":{"name":"_delete","line":330,"loc":{"start":{"line":330,"column":23},"end":{"line":330,"column":47}}}},"statementMap":{"1":{"start":{"line":1,"column":0},"end":{"line":366,"column":3}},"2":{"start":{"line":2,"column":4},"end":{"line":12,"column":5}},"3":{"start":{"line":3,"column":8},"end":{"line":3,"column":56}},"4":{"start":{"line":4,"column":11},"end":{"line":12,"column":5}},"5":{"start":{"line":5,"column":8},"end":{"line":5,"column":62}},"6":{"start":{"line":7,"column":8},"end":{"line":9,"column":10}},"7":{"start":{"line":10,"column":8},"end":{"line":10,"column":51}},"8":{"start":{"line":11,"column":8},"end":{"line":11,"column":35}},"9":{"start":{"line":16,"column":4},"end":{"line":16,"column":51}},"10":{"start":{"line":18,"column":4},"end":{"line":18,"column":51}},"11":{"start":{"line":20,"column":4},"end":{"line":24,"column":5}},"12":{"start":{"line":21,"column":8},"end":{"line":23,"column":10}},"13":{"start":{"line":26,"column":4},"end":{"line":30,"column":5}},"14":{"start":{"line":27,"column":8},"end":{"line":29,"column":9}},"15":{"start":{"line":28,"column":12},"end":{"line":28,"column":69}},"16":{"start":{"line":32,"column":4},"end":{"line":48,"column":8}},"17":{"start":{"line":33,"column":8},"end":{"line":41,"column":9}},"18":{"start":{"line":34,"column":12},"end":{"line":40,"column":13}},"19":{"start":{"line":35,"column":16},"end":{"line":35,"column":42}},"20":{"start":{"line":36,"column":16},"end":{"line":36,"column":71}},"21":{"start":{"line":37,"column":16},"end":{"line":37,"column":47}},"22":{"start":{"line":38,"column":16},"end":{"line":38,"column":70}},"23":{"start":{"line":38,"column":43},"end":{"line":38,"column":70}},"24":{"start":{"line":39,"column":16},"end":{"line":39,"column":74}},"25":{"start":{"line":43,"column":8},"end":{"line":47,"column":10}},"26":{"start":{"line":44,"column":12},"end":{"line":44,"column":80}},"27":{"start":{"line":44,"column":28},"end":{"line":44,"column":80}},"28":{"start":{"line":45,"column":12},"end":{"line":45,"column":72}},"29":{"start":{"line":45,"column":29},"end":{"line":45,"column":72}},"30":{"start":{"line":46,"column":12},"end":{"line":46,"column":31}},"31":{"start":{"line":50,"column":4},"end":{"line":56,"column":5}},"32":{"start":{"line":51,"column":8},"end":{"line":53,"column":9}},"33":{"start":{"line":52,"column":12},"end":{"line":52,"column":98}},"34":{"start":{"line":55,"column":8},"end":{"line":55,"column":94}},"35":{"start":{"line":58,"column":4},"end":{"line":72,"column":5}},"36":{"start":{"line":59,"column":8},"end":{"line":61,"column":9}},"37":{"start":{"line":60,"column":12},"end":{"line":60,"column":112}},"38":{"start":{"line":63,"column":8},"end":{"line":70,"column":11}},"39":{"start":{"line":71,"column":8},"end":{"line":71,"column":126}},"40":{"start":{"line":71,"column":24},"end":{"line":71,"column":126}},"41":{"start":{"line":74,"column":4},"end":{"line":365,"column":43}},"42":{"start":{"line":82,"column":8},"end":{"line":176,"column":24}},"43":{"start":{"line":83,"column":12},"end":{"line":83,"column":44}},"44":{"start":{"line":85,"column":12},"end":{"line":104,"column":13}},"45":{"start":{"line":86,"column":16},"end":{"line":86,"column":45}},"46":{"start":{"line":88,"column":16},"end":{"line":88,"column":102}},"47":{"start":{"line":91,"column":16},"end":{"line":95,"column":17}},"48":{"start":{"line":92,"column":20},"end":{"line":92,"column":41}},"49":{"start":{"line":94,"column":20},"end":{"line":94,"column":44}},"50":{"start":{"line":98,"column":16},"end":{"line":98,"column":39}},"51":{"start":{"line":101,"column":16},"end":{"line":101,"column":35}},"52":{"start":{"line":103,"column":16},"end":{"line":103,"column":29}},"53":{"start":{"line":106,"column":12},"end":{"line":173,"column":16}},"54":{"start":{"line":110,"column":20},"end":{"line":124,"column":21}},"55":{"start":{"line":112,"column":24},"end":{"line":112,"column":39}},"56":{"start":{"line":113,"column":24},"end":{"line":118,"column":25}},"57":{"start":{"line":114,"column":28},"end":{"line":114,"column":57}},"58":{"start":{"line":115,"column":28},"end":{"line":117,"column":29}},"59":{"start":{"line":116,"column":32},"end":{"line":116,"column":99}},"60":{"start":{"line":120,"column":24},"end":{"line":120,"column":36}},"61":{"start":{"line":123,"column":24},"end":{"line":123,"column":37}},"62":{"start":{"line":130,"column":20},"end":{"line":130,"column":32}},"63":{"start":{"line":136,"column":20},"end":{"line":136,"column":32}},"64":{"start":{"line":141,"column":20},"end":{"line":147,"column":21}},"65":{"start":{"line":142,"column":24},"end":{"line":142,"column":46}},"66":{"start":{"line":143,"column":24},"end":{"line":143,"column":68}},"67":{"start":{"line":144,"column":24},"end":{"line":144,"column":36}},"68":{"start":{"line":146,"column":24},"end":{"line":146,"column":37}},"69":{"start":{"line":152,"column":20},"end":{"line":152,"column":42}},"70":{"start":{"line":158,"column":20},"end":{"line":164,"column":21}},"71":{"start":{"line":159,"column":24},"end":{"line":159,"column":67}},"72":{"start":{"line":160,"column":24},"end":{"line":160,"column":71}},"73":{"start":{"line":161,"column":24},"end":{"line":161,"column":36}},"74":{"start":{"line":163,"column":24},"end":{"line":163,"column":37}},"75":{"start":{"line":169,"column":20},"end":{"line":169,"column":33}},"76":{"start":{"line":170,"column":20},"end":{"line":170,"column":67}},"77":{"start":{"line":171,"column":20},"end":{"line":171,"column":32}},"78":{"start":{"line":175,"column":12},"end":{"line":175,"column":25}},"79":{"start":{"line":182,"column":8},"end":{"line":359,"column":24}},"80":{"start":{"line":183,"column":12},"end":{"line":183,"column":50}},"81":{"start":{"line":185,"column":12},"end":{"line":204,"column":13}},"82":{"start":{"line":186,"column":16},"end":{"line":186,"column":50}},"83":{"start":{"line":188,"column":16},"end":{"line":188,"column":108}},"84":{"start":{"line":191,"column":16},"end":{"line":195,"column":17}},"85":{"start":{"line":192,"column":20},"end":{"line":192,"column":47}},"86":{"start":{"line":194,"column":20},"end":{"line":194,"column":44}},"87":{"start":{"line":198,"column":16},"end":{"line":198,"column":40}},"88":{"start":{"line":201,"column":16},"end":{"line":201,"column":36}},"89":{"start":{"line":203,"column":16},"end":{"line":203,"column":30}},"90":{"start":{"line":206,"column":12},"end":{"line":356,"column":16}},"91":{"start":{"line":210,"column":20},"end":{"line":224,"column":21}},"92":{"start":{"line":212,"column":24},"end":{"line":212,"column":39}},"93":{"start":{"line":213,"column":24},"end":{"line":218,"column":25}},"94":{"start":{"line":214,"column":28},"end":{"line":214,"column":57}},"95":{"start":{"line":215,"column":28},"end":{"line":217,"column":29}},"96":{"start":{"line":216,"column":32},"end":{"line":216,"column":104}},"97":{"start":{"line":220,"column":24},"end":{"line":220,"column":36}},"98":{"start":{"line":223,"column":24},"end":{"line":223,"column":37}},"99":{"start":{"line":230,"column":20},"end":{"line":230,"column":32}},"100":{"start":{"line":236,"column":20},"end":{"line":236,"column":32}},"101":{"start":{"line":242,"column":20},"end":{"line":248,"column":21}},"102":{"start":{"line":243,"column":24},"end":{"line":243,"column":51}},"103":{"start":{"line":244,"column":24},"end":{"line":244,"column":68}},"104":{"start":{"line":245,"column":24},"end":{"line":245,"column":36}},"105":{"start":{"line":247,"column":24},"end":{"line":247,"column":37}},"106":{"start":{"line":255,"column":20},"end":{"line":255,"column":47}},"107":{"start":{"line":258,"column":20},"end":{"line":265,"column":21}},"108":{"start":{"line":259,"column":24},"end":{"line":259,"column":49}},"109":{"start":{"line":260,"column":24},"end":{"line":260,"column":44}},"110":{"start":{"line":261,"column":24},"end":{"line":261,"column":69}},"111":{"start":{"line":262,"column":24},"end":{"line":262,"column":36}},"112":{"start":{"line":264,"column":24},"end":{"line":264,"column":35}},"113":{"start":{"line":267,"column":20},"end":{"line":280,"column":21}},"114":{"start":{"line":268,"column":24},"end":{"line":270,"column":27}},"115":{"start":{"line":269,"column":28},"end":{"line":269,"column":54}},"116":{"start":{"line":271,"column":24},"end":{"line":271,"column":44}},"117":{"start":{"line":272,"column":24},"end":{"line":272,"column":69}},"118":{"start":{"line":273,"column":24},"end":{"line":273,"column":36}},"119":{"start":{"line":274,"column":27},"end":{"line":280,"column":21}},"120":{"start":{"line":275,"column":24},"end":{"line":275,"column":60}},"121":{"start":{"line":276,"column":24},"end":{"line":276,"column":69}},"122":{"start":{"line":277,"column":24},"end":{"line":277,"column":36}},"123":{"start":{"line":279,"column":24},"end":{"line":279,"column":37}},"124":{"start":{"line":285,"column":20},"end":{"line":291,"column":21}},"125":{"start":{"line":286,"column":24},"end":{"line":286,"column":62}},"126":{"start":{"line":287,"column":27},"end":{"line":291,"column":21}},"127":{"start":{"line":288,"column":24},"end":{"line":288,"column":58}},"128":{"start":{"line":290,"column":24},"end":{"line":290,"column":51}},"129":{"start":{"line":298,"column":20},"end":{"line":326,"column":21}},"130":{"start":{"line":301,"column":24},"end":{"line":319,"column":29}},"131":{"start":{"line":302,"column":28},"end":{"line":302,"column":93}},"132":{"start":{"line":303,"column":28},"end":{"line":303,"column":97}},"133":{"start":{"line":304,"column":28},"end":{"line":304,"column":75}},"134":{"start":{"line":305,"column":28},"end":{"line":305,"column":40}},"135":{"start":{"line":307,"column":31},"end":{"line":319,"column":29}},"136":{"start":{"line":308,"column":32},"end":{"line":308,"column":99}},"137":{"start":{"line":309,"column":32},"end":{"line":309,"column":79}},"138":{"start":{"line":310,"column":32},"end":{"line":310,"column":44}},"139":{"start":{"line":311,"column":35},"end":{"line":319,"column":29}},"140":{"start":{"line":312,"column":32},"end":{"line":316,"column":33}},"141":{"start":{"line":313,"column":36},"end":{"line":313,"column":79}},"142":{"start":{"line":315,"column":36},"end":{"line":315,"column":76}},"143":{"start":{"line":317,"column":32},"end":{"line":317,"column":79}},"144":{"start":{"line":318,"column":32},"end":{"line":318,"column":44}},"145":{"start":{"line":320,"column":27},"end":{"line":326,"column":21}},"146":{"start":{"line":321,"column":24},"end":{"line":321,"column":40}},"147":{"start":{"line":322,"column":24},"end":{"line":322,"column":71}},"148":{"start":{"line":323,"column":24},"end":{"line":323,"column":36}},"149":{"start":{"line":325,"column":24},"end":{"line":325,"column":37}},"150":{"start":{"line":332,"column":20},"end":{"line":354,"column":21}},"151":{"start":{"line":334,"column":24},"end":{"line":344,"column":25}},"152":{"start":{"line":335,"column":28},"end":{"line":335,"column":65}},"153":{"start":{"line":336,"column":28},"end":{"line":336,"column":75}},"154":{"start":{"line":337,"column":28},"end":{"line":337,"column":40}},"155":{"start":{"line":338,"column":31},"end":{"line":344,"column":25}},"156":{"start":{"line":339,"column":28},"end":{"line":339,"column":62}},"157":{"start":{"line":340,"column":28},"end":{"line":340,"column":75}},"158":{"start":{"line":341,"column":28},"end":{"line":341,"column":40}},"159":{"start":{"line":343,"column":28},"end":{"line":343,"column":41}},"160":{"start":{"line":347,"column":24},"end":{"line":351,"column":25}},"161":{"start":{"line":348,"column":28},"end":{"line":348,"column":48}},"162":{"start":{"line":350,"column":28},"end":{"line":350,"column":50}},"163":{"start":{"line":352,"column":24},"end":{"line":352,"column":71}},"164":{"start":{"line":353,"column":24},"end":{"line":353,"column":36}},"165":{"start":{"line":358,"column":12},"end":{"line":358,"column":30}},"166":{"start":{"line":361,"column":8},"end":{"line":364,"column":10}}},"branchMap":{"1":{"line":2,"type":"if","locations":[{"start":{"line":2,"column":4},"end":{"line":2,"column":4}},{"start":{"line":2,"column":4},"end":{"line":2,"column":4}}]},"2":{"line":2,"type":"binary-expr","locations":[{"start":{"line":2,"column":8},"end":{"line":2,"column":36}},{"start":{"line":2,"column":40},"end":{"line":2,"column":50}}]},"3":{"line":4,"type":"if","locations":[{"start":{"line":4,"column":11},"end":{"line":4,"column":11}},{"start":{"line":4,"column":11},"end":{"line":4,"column":11}}]},"4":{"line":21,"type":"cond-expr","locations":[{"start":{"line":21,"column":39},"end":{"line":21,"column":42}},{"start":{"line":21,"column":45},"end":{"line":23,"column":9}}]},"5":{"line":21,"type":"binary-expr","locations":[{"start":{"line":21,"column":15},"end":{"line":21,"column":18}},{"start":{"line":21,"column":22},"end":{"line":21,"column":36}}]},"6":{"line":27,"type":"if","locations":[{"start":{"line":27,"column":8},"end":{"line":27,"column":8}},{"start":{"line":27,"column":8},"end":{"line":27,"column":8}}]},"7":{"line":36,"type":"binary-expr","locations":[{"start":{"line":36,"column":40},"end":{"line":36,"column":61}},{"start":{"line":36,"column":65},"end":{"line":36,"column":70}}]},"8":{"line":38,"type":"if","locations":[{"start":{"line":38,"column":16},"end":{"line":38,"column":16}},{"start":{"line":38,"column":16},"end":{"line":38,"column":16}}]},"9":{"line":44,"type":"if","locations":[{"start":{"line":44,"column":12},"end":{"line":44,"column":12}},{"start":{"line":44,"column":12},"end":{"line":44,"column":12}}]},"10":{"line":45,"type":"if","locations":[{"start":{"line":45,"column":12},"end":{"line":45,"column":12}},{"start":{"line":45,"column":12},"end":{"line":45,"column":12}}]},"11":{"line":51,"type":"if","locations":[{"start":{"line":51,"column":8},"end":{"line":51,"column":8}},{"start":{"line":51,"column":8},"end":{"line":51,"column":8}}]},"12":{"line":55,"type":"cond-expr","locations":[{"start":{"line":55,"column":82},"end":{"line":55,"column":86}},{"start":{"line":55,"column":89},"end":{"line":55,"column":93}}]},"13":{"line":55,"type":"binary-expr","locations":[{"start":{"line":55,"column":15},"end":{"line":55,"column":19}},{"start":{"line":55,"column":24},"end":{"line":55,"column":48}},{"start":{"line":55,"column":52},"end":{"line":55,"column":78}}]},"14":{"line":59,"type":"if","locations":[{"start":{"line":59,"column":8},"end":{"line":59,"column":8}},{"start":{"line":59,"column":8},"end":{"line":59,"column":8}}]},"15":{"line":59,"type":"binary-expr","locations":[{"start":{"line":59,"column":12},"end":{"line":59,"column":44}},{"start":{"line":59,"column":48},"end":{"line":59,"column":67}}]},"16":{"line":63,"type":"binary-expr","locations":[{"start":{"line":63,"column":43},"end":{"line":63,"column":53}},{"start":{"line":63,"column":57},"end":{"line":63,"column":77}}]},"17":{"line":71,"type":"if","locations":[{"start":{"line":71,"column":8},"end":{"line":71,"column":8}},{"start":{"line":71,"column":8},"end":{"line":71,"column":8}}]},"18":{"line":71,"type":"cond-expr","locations":[{"start":{"line":71,"column":48},"end":{"line":71,"column":91}},{"start":{"line":71,"column":94},"end":{"line":71,"column":125}}]},"19":{"line":91,"type":"if","locations":[{"start":{"line":91,"column":16},"end":{"line":91,"column":16}},{"start":{"line":91,"column":16},"end":{"line":91,"column":16}}]},"20":{"line":91,"type":"binary-expr","locations":[{"start":{"line":91,"column":20},"end":{"line":91,"column":29}},{"start":{"line":91,"column":33},"end":{"line":91,"column":59}}]},"21":{"line":110,"type":"if","locations":[{"start":{"line":110,"column":20},"end":{"line":110,"column":20}},{"start":{"line":110,"column":20},"end":{"line":110,"column":20}}]},"22":{"line":115,"type":"if","locations":[{"start":{"line":115,"column":28},"end":{"line":115,"column":28}},{"start":{"line":115,"column":28},"end":{"line":115,"column":28}}]},"23":{"line":115,"type":"binary-expr","locations":[{"start":{"line":115,"column":32},"end":{"line":115,"column":41}},{"start":{"line":115,"column":45},"end":{"line":115,"column":58}},{"start":{"line":115,"column":62},"end":{"line":115,"column":80}}]},"24":{"line":141,"type":"if","locations":[{"start":{"line":141,"column":20},"end":{"line":141,"column":20}},{"start":{"line":141,"column":20},"end":{"line":141,"column":20}}]},"25":{"line":141,"type":"binary-expr","locations":[{"start":{"line":141,"column":24},"end":{"line":141,"column":28}},{"start":{"line":141,"column":32},"end":{"line":141,"column":53}}]},"26":{"line":158,"type":"if","locations":[{"start":{"line":158,"column":20},"end":{"line":158,"column":20}},{"start":{"line":158,"column":20},"end":{"line":158,"column":20}}]},"27":{"line":158,"type":"binary-expr","locations":[{"start":{"line":158,"column":24},"end":{"line":158,"column":34}},{"start":{"line":158,"column":38},"end":{"line":158,"column":65}}]},"28":{"line":191,"type":"if","locations":[{"start":{"line":191,"column":16},"end":{"line":191,"column":16}},{"start":{"line":191,"column":16},"end":{"line":191,"column":16}}]},"29":{"line":191,"type":"binary-expr","locations":[{"start":{"line":191,"column":20},"end":{"line":191,"column":34}},{"start":{"line":191,"column":39},"end":{"line":191,"column":64}},{"start":{"line":191,"column":68},"end":{"line":191,"column":91}}]},"30":{"line":210,"type":"if","locations":[{"start":{"line":210,"column":20},"end":{"line":210,"column":20}},{"start":{"line":210,"column":20},"end":{"line":210,"column":20}}]},"31":{"line":215,"type":"if","locations":[{"start":{"line":215,"column":28},"end":{"line":215,"column":28}},{"start":{"line":215,"column":28},"end":{"line":215,"column":28}}]},"32":{"line":215,"type":"binary-expr","locations":[{"start":{"line":215,"column":32},"end":{"line":215,"column":41}},{"start":{"line":215,"column":45},"end":{"line":215,"column":58}},{"start":{"line":215,"column":62},"end":{"line":215,"column":80}}]},"33":{"line":242,"type":"if","locations":[{"start":{"line":242,"column":20},"end":{"line":242,"column":20}},{"start":{"line":242,"column":20},"end":{"line":242,"column":20}}]},"34":{"line":242,"type":"binary-expr","locations":[{"start":{"line":242,"column":24},"end":{"line":242,"column":39}},{"start":{"line":242,"column":43},"end":{"line":242,"column":56}}]},"35":{"line":258,"type":"if","locations":[{"start":{"line":258,"column":20},"end":{"line":258,"column":20}},{"start":{"line":258,"column":20},"end":{"line":258,"column":20}}]},"36":{"line":258,"type":"binary-expr","locations":[{"start":{"line":258,"column":24},"end":{"line":258,"column":27}},{"start":{"line":258,"column":31},"end":{"line":258,"column":35}}]},"37":{"line":267,"type":"if","locations":[{"start":{"line":267,"column":20},"end":{"line":267,"column":20}},{"start":{"line":267,"column":20},"end":{"line":267,"column":20}}]},"38":{"line":274,"type":"if","locations":[{"start":{"line":274,"column":27},"end":{"line":274,"column":27}},{"start":{"line":274,"column":27},"end":{"line":274,"column":27}}]},"39":{"line":285,"type":"if","locations":[{"start":{"line":285,"column":20},"end":{"line":285,"column":20}},{"start":{"line":285,"column":20},"end":{"line":285,"column":20}}]},"40":{"line":285,"type":"binary-expr","locations":[{"start":{"line":285,"column":24},"end":{"line":285,"column":29}},{"start":{"line":285,"column":33},"end":{"line":285,"column":61}}]},"41":{"line":287,"type":"if","locations":[{"start":{"line":287,"column":27},"end":{"line":287,"column":27}},{"start":{"line":287,"column":27},"end":{"line":287,"column":27}}]},"42":{"line":298,"type":"if","locations":[{"start":{"line":298,"column":20},"end":{"line":298,"column":20}},{"start":{"line":298,"column":20},"end":{"line":298,"column":20}}]},"43":{"line":298,"type":"binary-expr","locations":[{"start":{"line":298,"column":24},"end":{"line":298,"column":45}},{"start":{"line":298,"column":49},"end":{"line":298,"column":75}},{"start":{"line":298,"column":79},"end":{"line":298,"column":94}},{"start":{"line":298,"column":99},"end":{"line":298,"column":120}},{"start":{"line":298,"column":124},"end":{"line":298,"column":143}}]},"44":{"line":301,"type":"if","locations":[{"start":{"line":301,"column":24},"end":{"line":301,"column":24}},{"start":{"line":301,"column":24},"end":{"line":301,"column":24}}]},"45":{"line":301,"type":"binary-expr","locations":[{"start":{"line":301,"column":28},"end":{"line":301,"column":55}},{"start":{"line":301,"column":59},"end":{"line":301,"column":78}},{"start":{"line":301,"column":82},"end":{"line":301,"column":120}}]},"46":{"line":307,"type":"if","locations":[{"start":{"line":307,"column":31},"end":{"line":307,"column":31}},{"start":{"line":307,"column":31},"end":{"line":307,"column":31}}]},"47":{"line":307,"type":"binary-expr","locations":[{"start":{"line":307,"column":35},"end":{"line":307,"column":62}},{"start":{"line":307,"column":66},"end":{"line":307,"column":98}}]},"48":{"line":311,"type":"if","locations":[{"start":{"line":311,"column":35},"end":{"line":311,"column":35}},{"start":{"line":311,"column":35},"end":{"line":311,"column":35}}]},"49":{"line":312,"type":"if","locations":[{"start":{"line":312,"column":32},"end":{"line":312,"column":32}},{"start":{"line":312,"column":32},"end":{"line":312,"column":32}}]},"50":{"line":320,"type":"if","locations":[{"start":{"line":320,"column":27},"end":{"line":320,"column":27}},{"start":{"line":320,"column":27},"end":{"line":320,"column":27}}]},"51":{"line":320,"type":"binary-expr","locations":[{"start":{"line":320,"column":31},"end":{"line":320,"column":47}},{"start":{"line":320,"column":51},"end":{"line":320,"column":65}}]},"52":{"line":332,"type":"if","locations":[{"start":{"line":332,"column":20},"end":{"line":332,"column":20}},{"start":{"line":332,"column":20},"end":{"line":332,"column":20}}]},"53":{"line":334,"type":"if","locations":[{"start":{"line":334,"column":24},"end":{"line":334,"column":24}},{"start":{"line":334,"column":24},"end":{"line":334,"column":24}}]},"54":{"line":334,"type":"binary-expr","locations":[{"start":{"line":334,"column":28},"end":{"line":334,"column":49}},{"start":{"line":334,"column":53},"end":{"line":334,"column":68}}]},"55":{"line":338,"type":"if","locations":[{"start":{"line":338,"column":31},"end":{"line":338,"column":31}},{"start":{"line":338,"column":31},"end":{"line":338,"column":31}}]},"56":{"line":338,"type":"binary-expr","locations":[{"start":{"line":338,"column":35},"end":{"line":338,"column":54}},{"start":{"line":338,"column":58},"end":{"line":338,"column":73}}]},"57":{"line":347,"type":"if","locations":[{"start":{"line":347,"column":24},"end":{"line":347,"column":24}},{"start":{"line":347,"column":24},"end":{"line":347,"column":24}}]}}}}