{"/Users/williamshackelford/Sites/white-label-model/spec/testspec.js":{"path":"/Users/williamshackelford/Sites/white-label-model/spec/testspec.js","s":{"1":1,"2":1,"3":1,"4":1,"5":1,"6":1,"7":1,"8":1,"9":1,"10":1,"11":1,"12":1,"13":1,"14":1,"15":1,"16":1,"17":22,"18":22,"19":22,"20":22,"21":22,"22":22,"23":1,"24":1,"25":22,"26":1,"27":22,"28":22,"29":1,"30":1,"31":1,"32":1,"33":1,"34":1,"35":1,"36":1,"37":1,"38":1,"39":1,"40":1,"41":1,"42":1,"43":1,"44":1,"45":1,"46":1,"47":1,"48":1,"49":1,"50":1,"51":1,"52":1,"53":1,"54":1,"55":1,"56":1,"57":1,"58":1,"59":1,"60":1,"61":1,"62":1,"63":1,"64":1,"65":1,"66":1,"67":1,"68":1,"69":1,"70":1,"71":1,"72":1,"73":1,"74":1,"75":1,"76":1,"77":1,"78":1,"79":1,"80":1,"81":1,"82":1,"83":1,"84":1,"85":1,"86":1,"87":1,"88":1,"89":1,"90":1,"91":1,"92":1,"93":1,"94":1,"95":1,"96":1,"97":1,"98":1,"99":1,"100":1,"101":1,"102":1,"103":1,"104":1,"105":1,"106":1,"107":1,"108":1,"109":1,"110":1,"111":1,"112":1,"113":1,"114":1,"115":1,"116":1,"117":36,"118":36,"119":36,"120":36,"121":36,"122":36,"123":1,"124":1,"125":36,"126":36,"127":36,"128":36,"129":1,"130":36,"131":36,"132":1,"133":1,"134":1,"135":1,"136":1,"137":1,"138":1,"139":1,"140":1,"141":1,"142":1,"143":1,"144":1,"145":1,"146":1,"147":1,"148":1,"149":1,"150":1,"151":1,"152":1,"153":1,"154":1,"155":1,"156":1,"157":1,"158":1,"159":1,"160":1,"161":1,"162":1,"163":1,"164":1,"165":1,"166":1,"167":1,"168":1,"169":1,"170":1,"171":1,"172":1,"173":1,"174":1,"175":1,"176":1,"177":1,"178":1,"179":1,"180":1,"181":1,"182":1,"183":1,"184":1,"185":1,"186":1,"187":1,"188":1,"189":1,"190":1,"191":1,"192":1,"193":1,"194":1,"195":1,"196":1,"197":1,"198":1,"199":1,"200":1,"201":1,"202":1,"203":1,"204":1,"205":1,"206":1,"207":1,"208":1,"209":1,"210":1,"211":1,"212":1,"213":1,"214":1,"215":1,"216":1,"217":1,"218":1,"219":1,"220":1,"221":1,"222":1,"223":1,"224":1,"225":1,"226":1,"227":1,"228":1,"229":1,"230":1,"231":1,"232":1,"233":1,"234":1,"235":1,"236":1,"237":1,"238":1,"239":1,"240":1,"241":1,"242":1,"243":1,"244":1,"245":1,"246":1,"247":1,"248":1,"249":1,"250":1,"251":1,"252":1,"253":1,"254":1,"255":1,"256":1,"257":1,"258":1,"259":1,"260":1,"261":1,"262":1,"263":1,"264":1,"265":1,"266":1,"267":1,"268":1,"269":1,"270":1,"271":1,"272":1,"273":1,"274":1,"275":1,"276":1,"277":1,"278":1,"279":1,"280":1,"281":1,"282":1,"283":1,"284":1,"285":1,"286":1,"287":1,"288":1,"289":1,"290":1,"291":1,"292":1},"b":{},"f":{"1":1,"2":1,"3":1,"4":1,"5":1,"6":1,"7":22,"8":0,"9":0,"10":1,"11":0,"12":22,"13":1,"14":1,"15":1,"16":1,"17":1,"18":1,"19":1,"20":1,"21":1,"22":1,"23":1,"24":1,"25":1,"26":1,"27":1,"28":1,"29":1,"30":1,"31":1,"32":1,"33":1,"34":1,"35":1,"36":0,"37":36,"38":0,"39":0,"40":1,"41":0,"42":36,"43":1,"44":1,"45":1,"46":1,"47":1,"48":1,"49":1,"50":1,"51":1,"52":1,"53":1,"54":1,"55":1,"56":1,"57":0,"58":1,"59":0,"60":1,"61":1,"62":1,"63":1,"64":0,"65":1,"66":0,"67":1,"68":1,"69":1,"70":1,"71":1,"72":1,"73":1,"74":1,"75":1,"76":0,"77":1,"78":0,"79":1,"80":1,"81":1,"82":1,"83":0,"84":1,"85":0,"86":1},"fnMap":{"1":{"name":"(anonymous_1)","line":6,"loc":{"start":{"line":6,"column":20},"end":{"line":6,"column":31}}},"2":{"name":"(anonymous_2)","line":7,"loc":{"start":{"line":7,"column":44},"end":{"line":7,"column":55}}},"3":{"name":"(anonymous_3)","line":12,"loc":{"start":{"line":12,"column":30},"end":{"line":12,"column":41}}},"4":{"name":"(anonymous_4)","line":15,"loc":{"start":{"line":15,"column":39},"end":{"line":15,"column":50}}},"5":{"name":"(anonymous_5)","line":18,"loc":{"start":{"line":18,"column":44},"end":{"line":18,"column":55}}},"6":{"name":"(anonymous_6)","line":23,"loc":{"start":{"line":23,"column":20},"end":{"line":23,"column":31}}},"7":{"name":"(anonymous_7)","line":27,"loc":{"start":{"line":27,"column":15},"end":{"line":27,"column":26}}},"8":{"name":"(anonymous_8)","line":29,"loc":{"start":{"line":29,"column":24},"end":{"line":29,"column":39}}},"9":{"name":"(anonymous_9)","line":30,"loc":{"start":{"line":30,"column":28},"end":{"line":30,"column":43}}},"10":{"name":"(anonymous_10)","line":34,"loc":{"start":{"line":34,"column":22},"end":{"line":34,"column":25}}},"11":{"name":"(anonymous_11)","line":38,"loc":{"start":{"line":38,"column":28},"end":{"line":38,"column":31}}},"12":{"name":"(anonymous_12)","line":43,"loc":{"start":{"line":43,"column":14},"end":{"line":43,"column":25}}},"13":{"name":"(anonymous_13)","line":47,"loc":{"start":{"line":47,"column":23},"end":{"line":47,"column":34}}},"14":{"name":"(anonymous_14)","line":50,"loc":{"start":{"line":50,"column":37},"end":{"line":50,"column":48}}},"15":{"name":"(anonymous_15)","line":53,"loc":{"start":{"line":53,"column":40},"end":{"line":53,"column":51}}},"16":{"name":"(anonymous_16)","line":56,"loc":{"start":{"line":56,"column":32},"end":{"line":56,"column":43}}},"17":{"name":"(anonymous_17)","line":59,"loc":{"start":{"line":59,"column":32},"end":{"line":59,"column":43}}},"18":{"name":"(anonymous_18)","line":62,"loc":{"start":{"line":62,"column":36},"end":{"line":62,"column":47}}},"19":{"name":"(anonymous_19)","line":65,"loc":{"start":{"line":65,"column":36},"end":{"line":65,"column":47}}},"20":{"name":"(anonymous_20)","line":68,"loc":{"start":{"line":68,"column":36},"end":{"line":68,"column":47}}},"21":{"name":"(anonymous_21)","line":72,"loc":{"start":{"line":72,"column":55},"end":{"line":72,"column":66}}},"22":{"name":"(anonymous_22)","line":77,"loc":{"start":{"line":77,"column":55},"end":{"line":77,"column":66}}},"23":{"name":"(anonymous_23)","line":83,"loc":{"start":{"line":83,"column":48},"end":{"line":83,"column":59}}},"24":{"name":"(anonymous_24)","line":90,"loc":{"start":{"line":90,"column":67},"end":{"line":90,"column":78}}},"25":{"name":"(anonymous_25)","line":97,"loc":{"start":{"line":97,"column":70},"end":{"line":97,"column":81}}},"26":{"name":"(anonymous_26)","line":104,"loc":{"start":{"line":104,"column":78},"end":{"line":104,"column":89}}},"27":{"name":"(anonymous_27)","line":109,"loc":{"start":{"line":109,"column":52},"end":{"line":109,"column":63}}},"28":{"name":"(anonymous_28)","line":116,"loc":{"start":{"line":116,"column":53},"end":{"line":116,"column":64}}},"29":{"name":"(anonymous_29)","line":132,"loc":{"start":{"line":132,"column":75},"end":{"line":132,"column":86}}},"30":{"name":"(anonymous_30)","line":143,"loc":{"start":{"line":143,"column":75},"end":{"line":143,"column":86}}},"31":{"name":"(anonymous_31)","line":154,"loc":{"start":{"line":154,"column":59},"end":{"line":154,"column":70}}},"32":{"name":"(anonymous_32)","line":162,"loc":{"start":{"line":162,"column":75},"end":{"line":162,"column":86}}},"33":{"name":"(anonymous_33)","line":170,"loc":{"start":{"line":170,"column":75},"end":{"line":170,"column":86}}},"34":{"name":"(anonymous_34)","line":178,"loc":{"start":{"line":178,"column":26},"end":{"line":178,"column":37}}},"35":{"name":"(anonymous_35)","line":183,"loc":{"start":{"line":183,"column":25},"end":{"line":183,"column":36}}},"36":{"name":"(anonymous_36)","line":184,"loc":{"start":{"line":184,"column":20},"end":{"line":184,"column":35}}},"37":{"name":"(anonymous_37)","line":192,"loc":{"start":{"line":192,"column":15},"end":{"line":192,"column":26}}},"38":{"name":"(anonymous_38)","line":194,"loc":{"start":{"line":194,"column":24},"end":{"line":194,"column":39}}},"39":{"name":"(anonymous_39)","line":195,"loc":{"start":{"line":195,"column":28},"end":{"line":195,"column":43}}},"40":{"name":"(anonymous_40)","line":199,"loc":{"start":{"line":199,"column":22},"end":{"line":199,"column":25}}},"41":{"name":"(anonymous_41)","line":203,"loc":{"start":{"line":203,"column":28},"end":{"line":203,"column":31}}},"42":{"name":"(anonymous_42)","line":217,"loc":{"start":{"line":217,"column":14},"end":{"line":217,"column":25}}},"43":{"name":"(anonymous_43)","line":221,"loc":{"start":{"line":221,"column":23},"end":{"line":221,"column":34}}},"44":{"name":"(anonymous_44)","line":224,"loc":{"start":{"line":224,"column":37},"end":{"line":224,"column":48}}},"45":{"name":"(anonymous_45)","line":227,"loc":{"start":{"line":227,"column":40},"end":{"line":227,"column":51}}},"46":{"name":"(anonymous_46)","line":230,"loc":{"start":{"line":230,"column":32},"end":{"line":230,"column":43}}},"47":{"name":"(anonymous_47)","line":233,"loc":{"start":{"line":233,"column":33},"end":{"line":233,"column":44}}},"48":{"name":"(anonymous_48)","line":236,"loc":{"start":{"line":236,"column":32},"end":{"line":236,"column":43}}},"49":{"name":"(anonymous_49)","line":239,"loc":{"start":{"line":239,"column":36},"end":{"line":239,"column":47}}},"50":{"name":"(anonymous_50)","line":242,"loc":{"start":{"line":242,"column":36},"end":{"line":242,"column":47}}},"51":{"name":"(anonymous_51)","line":245,"loc":{"start":{"line":245,"column":36},"end":{"line":245,"column":47}}},"52":{"name":"(anonymous_52)","line":249,"loc":{"start":{"line":249,"column":55},"end":{"line":249,"column":66}}},"53":{"name":"(anonymous_53)","line":254,"loc":{"start":{"line":254,"column":60},"end":{"line":254,"column":71}}},"54":{"name":"(anonymous_54)","line":264,"loc":{"start":{"line":264,"column":53},"end":{"line":264,"column":64}}},"55":{"name":"(anonymous_55)","line":275,"loc":{"start":{"line":275,"column":87},"end":{"line":275,"column":98}}},"56":{"name":"(anonymous_56)","line":280,"loc":{"start":{"line":280,"column":72},"end":{"line":280,"column":83}}},"57":{"name":"(anonymous_57)","line":281,"loc":{"start":{"line":281,"column":24},"end":{"line":281,"column":39}}},"58":{"name":"(anonymous_58)","line":291,"loc":{"start":{"line":291,"column":75},"end":{"line":291,"column":86}}},"59":{"name":"(anonymous_59)","line":292,"loc":{"start":{"line":292,"column":24},"end":{"line":292,"column":39}}},"60":{"name":"(anonymous_60)","line":302,"loc":{"start":{"line":302,"column":79},"end":{"line":302,"column":90}}},"61":{"name":"(anonymous_61)","line":313,"loc":{"start":{"line":313,"column":84},"end":{"line":313,"column":95}}},"62":{"name":"(anonymous_62)","line":320,"loc":{"start":{"line":320,"column":85},"end":{"line":320,"column":96}}},"63":{"name":"(anonymous_63)","line":325,"loc":{"start":{"line":325,"column":74},"end":{"line":325,"column":85}}},"64":{"name":"(anonymous_64)","line":326,"loc":{"start":{"line":326,"column":24},"end":{"line":326,"column":39}}},"65":{"name":"(anonymous_65)","line":336,"loc":{"start":{"line":336,"column":76},"end":{"line":336,"column":87}}},"66":{"name":"(anonymous_66)","line":337,"loc":{"start":{"line":337,"column":24},"end":{"line":337,"column":39}}},"67":{"name":"(anonymous_67)","line":347,"loc":{"start":{"line":347,"column":65},"end":{"line":347,"column":76}}},"68":{"name":"(anonymous_68)","line":356,"loc":{"start":{"line":356,"column":85},"end":{"line":356,"column":96}}},"69":{"name":"(anonymous_69)","line":364,"loc":{"start":{"line":364,"column":87},"end":{"line":364,"column":98}}},"70":{"name":"(anonymous_70)","line":376,"loc":{"start":{"line":376,"column":88},"end":{"line":376,"column":99}}},"71":{"name":"(anonymous_71)","line":390,"loc":{"start":{"line":390,"column":92},"end":{"line":390,"column":103}}},"72":{"name":"(anonymous_72)","line":397,"loc":{"start":{"line":397,"column":8},"end":{"line":397,"column":19}}},"73":{"name":"(anonymous_73)","line":405,"loc":{"start":{"line":405,"column":88},"end":{"line":405,"column":99}}},"74":{"name":"(anonymous_74)","line":426,"loc":{"start":{"line":426,"column":93},"end":{"line":426,"column":104}}},"75":{"name":"(anonymous_75)","line":447,"loc":{"start":{"line":447,"column":80},"end":{"line":447,"column":91}}},"76":{"name":"(anonymous_76)","line":448,"loc":{"start":{"line":448,"column":24},"end":{"line":448,"column":39}}},"77":{"name":"(anonymous_77)","line":458,"loc":{"start":{"line":458,"column":80},"end":{"line":458,"column":91}}},"78":{"name":"(anonymous_78)","line":459,"loc":{"start":{"line":459,"column":24},"end":{"line":459,"column":39}}},"79":{"name":"(anonymous_79)","line":469,"loc":{"start":{"line":469,"column":93},"end":{"line":469,"column":104}}},"80":{"name":"(anonymous_80)","line":491,"loc":{"start":{"line":491,"column":128},"end":{"line":491,"column":139}}},"81":{"name":"(anonymous_81)","line":513,"loc":{"start":{"line":513,"column":74},"end":{"line":513,"column":85}}},"82":{"name":"(anonymous_82)","line":521,"loc":{"start":{"line":521,"column":80},"end":{"line":521,"column":91}}},"83":{"name":"(anonymous_83)","line":522,"loc":{"start":{"line":522,"column":24},"end":{"line":522,"column":39}}},"84":{"name":"(anonymous_84)","line":531,"loc":{"start":{"line":531,"column":80},"end":{"line":531,"column":91}}},"85":{"name":"(anonymous_85)","line":532,"loc":{"start":{"line":532,"column":24},"end":{"line":532,"column":39}}},"86":{"name":"(anonymous_86)","line":541,"loc":{"start":{"line":541,"column":26},"end":{"line":541,"column":37}}}},"statementMap":{"1":{"start":{"line":3,"column":0},"end":{"line":3,"column":44}},"2":{"start":{"line":6,"column":0},"end":{"line":10,"column":3}},"3":{"start":{"line":7,"column":4},"end":{"line":9,"column":7}},"4":{"start":{"line":8,"column":8},"end":{"line":8,"column":32}},"5":{"start":{"line":12,"column":0},"end":{"line":21,"column":3}},"6":{"start":{"line":13,"column":4},"end":{"line":13,"column":35}},"7":{"start":{"line":14,"column":4},"end":{"line":14,"column":45}},"8":{"start":{"line":15,"column":4},"end":{"line":17,"column":7}},"9":{"start":{"line":16,"column":8},"end":{"line":16,"column":64}},"10":{"start":{"line":18,"column":4},"end":{"line":20,"column":7}},"11":{"start":{"line":19,"column":8},"end":{"line":19,"column":69}},"12":{"start":{"line":23,"column":0},"end":{"line":181,"column":3}},"13":{"start":{"line":24,"column":4},"end":{"line":24,"column":35}},"14":{"start":{"line":25,"column":4},"end":{"line":25,"column":19}},"15":{"start":{"line":26,"column":4},"end":{"line":26,"column":25}},"16":{"start":{"line":27,"column":4},"end":{"line":42,"column":7}},"17":{"start":{"line":28,"column":8},"end":{"line":28,"column":24}},"18":{"start":{"line":29,"column":8},"end":{"line":29,"column":42}},"19":{"start":{"line":30,"column":8},"end":{"line":30,"column":46}},"20":{"start":{"line":31,"column":8},"end":{"line":31,"column":32}},"21":{"start":{"line":32,"column":8},"end":{"line":32,"column":36}},"22":{"start":{"line":33,"column":8},"end":{"line":40,"column":10}},"23":{"start":{"line":35,"column":16},"end":{"line":35,"column":36}},"24":{"start":{"line":36,"column":16},"end":{"line":36,"column":28}},"25":{"start":{"line":41,"column":8},"end":{"line":41,"column":37}},"26":{"start":{"line":43,"column":4},"end":{"line":46,"column":7}},"27":{"start":{"line":44,"column":8},"end":{"line":44,"column":29}},"28":{"start":{"line":45,"column":8},"end":{"line":45,"column":33}},"29":{"start":{"line":47,"column":4},"end":{"line":49,"column":7}},"30":{"start":{"line":48,"column":8},"end":{"line":48,"column":56}},"31":{"start":{"line":50,"column":4},"end":{"line":52,"column":7}},"32":{"start":{"line":51,"column":8},"end":{"line":51,"column":66}},"33":{"start":{"line":53,"column":4},"end":{"line":55,"column":7}},"34":{"start":{"line":54,"column":8},"end":{"line":54,"column":69}},"35":{"start":{"line":56,"column":4},"end":{"line":58,"column":7}},"36":{"start":{"line":57,"column":8},"end":{"line":57,"column":62}},"37":{"start":{"line":59,"column":4},"end":{"line":61,"column":7}},"38":{"start":{"line":60,"column":8},"end":{"line":60,"column":62}},"39":{"start":{"line":62,"column":4},"end":{"line":64,"column":7}},"40":{"start":{"line":63,"column":8},"end":{"line":63,"column":65}},"41":{"start":{"line":65,"column":4},"end":{"line":67,"column":7}},"42":{"start":{"line":66,"column":8},"end":{"line":66,"column":65}},"43":{"start":{"line":68,"column":4},"end":{"line":71,"column":7}},"44":{"start":{"line":69,"column":8},"end":{"line":69,"column":32}},"45":{"start":{"line":70,"column":8},"end":{"line":70,"column":53}},"46":{"start":{"line":72,"column":4},"end":{"line":76,"column":7}},"47":{"start":{"line":73,"column":8},"end":{"line":73,"column":37}},"48":{"start":{"line":74,"column":8},"end":{"line":74,"column":45}},"49":{"start":{"line":75,"column":8},"end":{"line":75,"column":52}},"50":{"start":{"line":77,"column":4},"end":{"line":82,"column":7}},"51":{"start":{"line":78,"column":8},"end":{"line":80,"column":11}},"52":{"start":{"line":81,"column":8},"end":{"line":81,"column":57}},"53":{"start":{"line":83,"column":4},"end":{"line":89,"column":7}},"54":{"start":{"line":84,"column":8},"end":{"line":86,"column":11}},"55":{"start":{"line":87,"column":8},"end":{"line":87,"column":57}},"56":{"start":{"line":88,"column":8},"end":{"line":88,"column":41}},"57":{"start":{"line":90,"column":4},"end":{"line":96,"column":7}},"58":{"start":{"line":91,"column":8},"end":{"line":91,"column":44}},"59":{"start":{"line":92,"column":8},"end":{"line":94,"column":11}},"60":{"start":{"line":95,"column":8},"end":{"line":95,"column":72}},"61":{"start":{"line":97,"column":4},"end":{"line":103,"column":7}},"62":{"start":{"line":98,"column":8},"end":{"line":98,"column":47}},"63":{"start":{"line":99,"column":8},"end":{"line":101,"column":11}},"64":{"start":{"line":102,"column":8},"end":{"line":102,"column":72}},"65":{"start":{"line":104,"column":4},"end":{"line":108,"column":7}},"66":{"start":{"line":105,"column":8},"end":{"line":105,"column":42}},"67":{"start":{"line":106,"column":8},"end":{"line":106,"column":49}},"68":{"start":{"line":107,"column":8},"end":{"line":107,"column":42}},"69":{"start":{"line":109,"column":4},"end":{"line":115,"column":7}},"70":{"start":{"line":110,"column":8},"end":{"line":112,"column":11}},"71":{"start":{"line":113,"column":8},"end":{"line":113,"column":44}},"72":{"start":{"line":114,"column":8},"end":{"line":114,"column":49}},"73":{"start":{"line":116,"column":4},"end":{"line":131,"column":7}},"74":{"start":{"line":117,"column":8},"end":{"line":119,"column":11}},"75":{"start":{"line":120,"column":8},"end":{"line":123,"column":11}},"76":{"start":{"line":124,"column":8},"end":{"line":124,"column":53}},"77":{"start":{"line":125,"column":8},"end":{"line":128,"column":11}},"78":{"start":{"line":129,"column":8},"end":{"line":129,"column":44}},"79":{"start":{"line":130,"column":8},"end":{"line":130,"column":50}},"80":{"start":{"line":132,"column":4},"end":{"line":142,"column":7}},"81":{"start":{"line":133,"column":8},"end":{"line":133,"column":47}},"82":{"start":{"line":134,"column":8},"end":{"line":136,"column":11}},"83":{"start":{"line":137,"column":8},"end":{"line":140,"column":11}},"84":{"start":{"line":141,"column":8},"end":{"line":141,"column":72}},"85":{"start":{"line":143,"column":4},"end":{"line":153,"column":7}},"86":{"start":{"line":144,"column":8},"end":{"line":144,"column":47}},"87":{"start":{"line":145,"column":8},"end":{"line":147,"column":11}},"88":{"start":{"line":148,"column":8},"end":{"line":151,"column":11}},"89":{"start":{"line":152,"column":8},"end":{"line":152,"column":72}},"90":{"start":{"line":154,"column":4},"end":{"line":161,"column":7}},"91":{"start":{"line":155,"column":8},"end":{"line":157,"column":11}},"92":{"start":{"line":158,"column":8},"end":{"line":158,"column":48}},"93":{"start":{"line":159,"column":8},"end":{"line":159,"column":45}},"94":{"start":{"line":160,"column":8},"end":{"line":160,"column":44}},"95":{"start":{"line":162,"column":4},"end":{"line":169,"column":7}},"96":{"start":{"line":163,"column":8},"end":{"line":163,"column":47}},"97":{"start":{"line":164,"column":8},"end":{"line":166,"column":11}},"98":{"start":{"line":167,"column":8},"end":{"line":167,"column":48}},"99":{"start":{"line":168,"column":8},"end":{"line":168,"column":72}},"100":{"start":{"line":170,"column":4},"end":{"line":177,"column":7}},"101":{"start":{"line":171,"column":8},"end":{"line":171,"column":47}},"102":{"start":{"line":172,"column":8},"end":{"line":174,"column":11}},"103":{"start":{"line":175,"column":8},"end":{"line":175,"column":48}},"104":{"start":{"line":176,"column":8},"end":{"line":176,"column":72}},"105":{"start":{"line":178,"column":4},"end":{"line":180,"column":7}},"106":{"start":{"line":179,"column":8},"end":{"line":179,"column":75}},"107":{"start":{"line":183,"column":0},"end":{"line":544,"column":3}},"108":{"start":{"line":184,"column":4},"end":{"line":184,"column":38}},"109":{"start":{"line":185,"column":4},"end":{"line":185,"column":28}},"110":{"start":{"line":186,"column":4},"end":{"line":186,"column":35}},"111":{"start":{"line":187,"column":4},"end":{"line":187,"column":45}},"112":{"start":{"line":188,"column":4},"end":{"line":188,"column":20}},"113":{"start":{"line":189,"column":4},"end":{"line":189,"column":20}},"114":{"start":{"line":190,"column":4},"end":{"line":190,"column":20}},"115":{"start":{"line":191,"column":4},"end":{"line":191,"column":20}},"116":{"start":{"line":192,"column":4},"end":{"line":216,"column":7}},"117":{"start":{"line":193,"column":8},"end":{"line":193,"column":24}},"118":{"start":{"line":194,"column":8},"end":{"line":194,"column":42}},"119":{"start":{"line":195,"column":8},"end":{"line":195,"column":46}},"120":{"start":{"line":196,"column":8},"end":{"line":196,"column":32}},"121":{"start":{"line":197,"column":8},"end":{"line":197,"column":36}},"122":{"start":{"line":198,"column":8},"end":{"line":205,"column":10}},"123":{"start":{"line":200,"column":16},"end":{"line":200,"column":36}},"124":{"start":{"line":201,"column":16},"end":{"line":201,"column":28}},"125":{"start":{"line":206,"column":8},"end":{"line":208,"column":11}},"126":{"start":{"line":209,"column":8},"end":{"line":211,"column":11}},"127":{"start":{"line":212,"column":8},"end":{"line":214,"column":11}},"128":{"start":{"line":215,"column":8},"end":{"line":215,"column":43}},"129":{"start":{"line":217,"column":4},"end":{"line":220,"column":7}},"130":{"start":{"line":218,"column":8},"end":{"line":218,"column":29}},"131":{"start":{"line":219,"column":8},"end":{"line":219,"column":33}},"132":{"start":{"line":221,"column":4},"end":{"line":223,"column":7}},"133":{"start":{"line":222,"column":8},"end":{"line":222,"column":57}},"134":{"start":{"line":224,"column":4},"end":{"line":226,"column":7}},"135":{"start":{"line":225,"column":8},"end":{"line":225,"column":72}},"136":{"start":{"line":227,"column":4},"end":{"line":229,"column":7}},"137":{"start":{"line":228,"column":8},"end":{"line":228,"column":70}},"138":{"start":{"line":230,"column":4},"end":{"line":232,"column":7}},"139":{"start":{"line":231,"column":8},"end":{"line":231,"column":63}},"140":{"start":{"line":233,"column":4},"end":{"line":235,"column":7}},"141":{"start":{"line":234,"column":8},"end":{"line":234,"column":64}},"142":{"start":{"line":236,"column":4},"end":{"line":238,"column":7}},"143":{"start":{"line":237,"column":8},"end":{"line":237,"column":63}},"144":{"start":{"line":239,"column":4},"end":{"line":241,"column":7}},"145":{"start":{"line":240,"column":8},"end":{"line":240,"column":66}},"146":{"start":{"line":242,"column":4},"end":{"line":244,"column":7}},"147":{"start":{"line":243,"column":8},"end":{"line":243,"column":66}},"148":{"start":{"line":245,"column":4},"end":{"line":248,"column":7}},"149":{"start":{"line":246,"column":8},"end":{"line":246,"column":33}},"150":{"start":{"line":247,"column":8},"end":{"line":247,"column":53}},"151":{"start":{"line":249,"column":4},"end":{"line":253,"column":7}},"152":{"start":{"line":250,"column":8},"end":{"line":250,"column":43}},"153":{"start":{"line":251,"column":8},"end":{"line":251,"column":46}},"154":{"start":{"line":252,"column":8},"end":{"line":252,"column":52}},"155":{"start":{"line":254,"column":4},"end":{"line":263,"column":7}},"156":{"start":{"line":255,"column":8},"end":{"line":259,"column":11}},"157":{"start":{"line":260,"column":8},"end":{"line":262,"column":11}},"158":{"start":{"line":264,"column":4},"end":{"line":274,"column":7}},"159":{"start":{"line":265,"column":8},"end":{"line":269,"column":11}},"160":{"start":{"line":270,"column":8},"end":{"line":272,"column":11}},"161":{"start":{"line":273,"column":8},"end":{"line":273,"column":41}},"162":{"start":{"line":275,"column":4},"end":{"line":279,"column":7}},"163":{"start":{"line":276,"column":8},"end":{"line":276,"column":54}},"164":{"start":{"line":277,"column":8},"end":{"line":277,"column":55}},"165":{"start":{"line":278,"column":8},"end":{"line":278,"column":42}},"166":{"start":{"line":280,"column":4},"end":{"line":290,"column":7}},"167":{"start":{"line":281,"column":8},"end":{"line":281,"column":42}},"168":{"start":{"line":282,"column":8},"end":{"line":282,"column":32}},"169":{"start":{"line":283,"column":8},"end":{"line":283,"column":45}},"170":{"start":{"line":284,"column":8},"end":{"line":288,"column":11}},"171":{"start":{"line":289,"column":8},"end":{"line":289,"column":72}},"172":{"start":{"line":291,"column":4},"end":{"line":301,"column":7}},"173":{"start":{"line":292,"column":8},"end":{"line":292,"column":42}},"174":{"start":{"line":293,"column":8},"end":{"line":293,"column":32}},"175":{"start":{"line":294,"column":8},"end":{"line":294,"column":48}},"176":{"start":{"line":295,"column":8},"end":{"line":299,"column":11}},"177":{"start":{"line":300,"column":8},"end":{"line":300,"column":72}},"178":{"start":{"line":302,"column":4},"end":{"line":312,"column":7}},"179":{"start":{"line":303,"column":8},"end":{"line":303,"column":38}},"180":{"start":{"line":304,"column":8},"end":{"line":307,"column":11}},"181":{"start":{"line":308,"column":8},"end":{"line":310,"column":11}},"182":{"start":{"line":311,"column":8},"end":{"line":311,"column":42}},"183":{"start":{"line":313,"column":4},"end":{"line":319,"column":7}},"184":{"start":{"line":314,"column":8},"end":{"line":314,"column":56}},"185":{"start":{"line":315,"column":8},"end":{"line":317,"column":11}},"186":{"start":{"line":318,"column":8},"end":{"line":318,"column":42}},"187":{"start":{"line":320,"column":4},"end":{"line":324,"column":7}},"188":{"start":{"line":321,"column":8},"end":{"line":321,"column":45}},"189":{"start":{"line":322,"column":8},"end":{"line":322,"column":55}},"190":{"start":{"line":323,"column":8},"end":{"line":323,"column":43}},"191":{"start":{"line":325,"column":4},"end":{"line":335,"column":7}},"192":{"start":{"line":326,"column":8},"end":{"line":326,"column":42}},"193":{"start":{"line":327,"column":8},"end":{"line":327,"column":32}},"194":{"start":{"line":328,"column":8},"end":{"line":328,"column":46}},"195":{"start":{"line":329,"column":8},"end":{"line":329,"column":38}},"196":{"start":{"line":330,"column":8},"end":{"line":333,"column":11}},"197":{"start":{"line":334,"column":8},"end":{"line":334,"column":72}},"198":{"start":{"line":336,"column":4},"end":{"line":346,"column":7}},"199":{"start":{"line":337,"column":8},"end":{"line":337,"column":42}},"200":{"start":{"line":338,"column":8},"end":{"line":338,"column":32}},"201":{"start":{"line":339,"column":8},"end":{"line":339,"column":48}},"202":{"start":{"line":340,"column":8},"end":{"line":340,"column":38}},"203":{"start":{"line":341,"column":8},"end":{"line":344,"column":11}},"204":{"start":{"line":345,"column":8},"end":{"line":345,"column":72}},"205":{"start":{"line":347,"column":4},"end":{"line":355,"column":7}},"206":{"start":{"line":348,"column":8},"end":{"line":348,"column":38}},"207":{"start":{"line":349,"column":8},"end":{"line":349,"column":45}},"208":{"start":{"line":350,"column":8},"end":{"line":350,"column":57}},"209":{"start":{"line":351,"column":8},"end":{"line":351,"column":47}},"210":{"start":{"line":352,"column":8},"end":{"line":354,"column":11}},"211":{"start":{"line":356,"column":4},"end":{"line":363,"column":7}},"212":{"start":{"line":357,"column":8},"end":{"line":357,"column":38}},"213":{"start":{"line":358,"column":8},"end":{"line":358,"column":43}},"214":{"start":{"line":359,"column":8},"end":{"line":359,"column":55}},"215":{"start":{"line":360,"column":8},"end":{"line":362,"column":11}},"216":{"start":{"line":364,"column":4},"end":{"line":375,"column":7}},"217":{"start":{"line":365,"column":8},"end":{"line":365,"column":38}},"218":{"start":{"line":366,"column":8},"end":{"line":369,"column":11}},"219":{"start":{"line":370,"column":8},"end":{"line":373,"column":11}},"220":{"start":{"line":374,"column":8},"end":{"line":374,"column":44}},"221":{"start":{"line":376,"column":4},"end":{"line":389,"column":7}},"222":{"start":{"line":377,"column":8},"end":{"line":379,"column":11}},"223":{"start":{"line":380,"column":8},"end":{"line":383,"column":11}},"224":{"start":{"line":384,"column":8},"end":{"line":387,"column":11}},"225":{"start":{"line":388,"column":8},"end":{"line":388,"column":44}},"226":{"start":{"line":390,"column":4},"end":{"line":395,"column":7}},"227":{"start":{"line":391,"column":8},"end":{"line":391,"column":30}},"228":{"start":{"line":392,"column":8},"end":{"line":392,"column":55}},"229":{"start":{"line":393,"column":8},"end":{"line":393,"column":48}},"230":{"start":{"line":394,"column":8},"end":{"line":394,"column":44}},"231":{"start":{"line":396,"column":4},"end":{"line":404,"column":7}},"232":{"start":{"line":398,"column":8},"end":{"line":398,"column":38}},"233":{"start":{"line":399,"column":8},"end":{"line":399,"column":50}},"234":{"start":{"line":400,"column":8},"end":{"line":402,"column":11}},"235":{"start":{"line":403,"column":8},"end":{"line":403,"column":45}},"236":{"start":{"line":405,"column":4},"end":{"line":425,"column":7}},"237":{"start":{"line":406,"column":8},"end":{"line":406,"column":38}},"238":{"start":{"line":407,"column":8},"end":{"line":420,"column":11}},"239":{"start":{"line":421,"column":8},"end":{"line":423,"column":11}},"240":{"start":{"line":424,"column":8},"end":{"line":424,"column":44}},"241":{"start":{"line":426,"column":4},"end":{"line":446,"column":7}},"242":{"start":{"line":427,"column":8},"end":{"line":440,"column":11}},"243":{"start":{"line":441,"column":8},"end":{"line":441,"column":51}},"244":{"start":{"line":442,"column":8},"end":{"line":444,"column":11}},"245":{"start":{"line":445,"column":8},"end":{"line":445,"column":45}},"246":{"start":{"line":447,"column":4},"end":{"line":457,"column":7}},"247":{"start":{"line":448,"column":8},"end":{"line":448,"column":42}},"248":{"start":{"line":449,"column":8},"end":{"line":449,"column":32}},"249":{"start":{"line":450,"column":8},"end":{"line":450,"column":48}},"250":{"start":{"line":451,"column":8},"end":{"line":451,"column":38}},"251":{"start":{"line":452,"column":8},"end":{"line":455,"column":11}},"252":{"start":{"line":456,"column":8},"end":{"line":456,"column":72}},"253":{"start":{"line":458,"column":4},"end":{"line":468,"column":7}},"254":{"start":{"line":459,"column":8},"end":{"line":459,"column":42}},"255":{"start":{"line":460,"column":8},"end":{"line":460,"column":32}},"256":{"start":{"line":461,"column":8},"end":{"line":461,"column":48}},"257":{"start":{"line":462,"column":8},"end":{"line":462,"column":38}},"258":{"start":{"line":463,"column":8},"end":{"line":466,"column":11}},"259":{"start":{"line":467,"column":8},"end":{"line":467,"column":72}},"260":{"start":{"line":469,"column":4},"end":{"line":490,"column":7}},"261":{"start":{"line":470,"column":8},"end":{"line":483,"column":11}},"262":{"start":{"line":484,"column":8},"end":{"line":484,"column":50}},"263":{"start":{"line":485,"column":8},"end":{"line":487,"column":11}},"264":{"start":{"line":488,"column":8},"end":{"line":488,"column":52}},"265":{"start":{"line":489,"column":8},"end":{"line":489,"column":44}},"266":{"start":{"line":491,"column":4},"end":{"line":512,"column":7}},"267":{"start":{"line":492,"column":8},"end":{"line":505,"column":11}},"268":{"start":{"line":506,"column":8},"end":{"line":506,"column":51}},"269":{"start":{"line":507,"column":8},"end":{"line":509,"column":11}},"270":{"start":{"line":510,"column":8},"end":{"line":510,"column":52}},"271":{"start":{"line":511,"column":8},"end":{"line":511,"column":45}},"272":{"start":{"line":513,"column":4},"end":{"line":520,"column":7}},"273":{"start":{"line":514,"column":8},"end":{"line":516,"column":11}},"274":{"start":{"line":517,"column":8},"end":{"line":517,"column":29}},"275":{"start":{"line":518,"column":8},"end":{"line":518,"column":46}},"276":{"start":{"line":519,"column":8},"end":{"line":519,"column":44}},"277":{"start":{"line":521,"column":4},"end":{"line":530,"column":7}},"278":{"start":{"line":522,"column":8},"end":{"line":522,"column":42}},"279":{"start":{"line":523,"column":8},"end":{"line":523,"column":32}},"280":{"start":{"line":524,"column":8},"end":{"line":524,"column":48}},"281":{"start":{"line":525,"column":8},"end":{"line":527,"column":11}},"282":{"start":{"line":528,"column":8},"end":{"line":528,"column":29}},"283":{"start":{"line":529,"column":8},"end":{"line":529,"column":72}},"284":{"start":{"line":531,"column":4},"end":{"line":540,"column":7}},"285":{"start":{"line":532,"column":8},"end":{"line":532,"column":42}},"286":{"start":{"line":533,"column":8},"end":{"line":533,"column":32}},"287":{"start":{"line":534,"column":8},"end":{"line":534,"column":48}},"288":{"start":{"line":535,"column":8},"end":{"line":537,"column":11}},"289":{"start":{"line":538,"column":8},"end":{"line":538,"column":29}},"290":{"start":{"line":539,"column":8},"end":{"line":539,"column":72}},"291":{"start":{"line":541,"column":4},"end":{"line":543,"column":7}},"292":{"start":{"line":542,"column":8},"end":{"line":542,"column":76}}},"branchMap":{}},"/Users/williamshackelford/Sites/white-label-model/dist/index.js":{"path":"/Users/williamshackelford/Sites/white-label-model/dist/index.js","s":{"1":1,"2":1,"3":0,"4":1,"5":1,"6":0,"7":0,"8":0,"9":1,"10":1,"11":1,"12":2,"13":1,"14":186,"15":0,"16":1,"17":1,"18":2,"19":11,"20":11,"21":11,"22":11,"23":11,"24":11,"25":1,"26":2,"27":2,"28":2,"29":0,"30":2,"31":1,"32":186,"33":0,"34":186,"35":1,"36":2,"37":0,"38":2,"39":2,"40":2,"41":1,"42":1,"43":1,"44":1,"45":148,"46":148,"47":148,"48":125,"49":23,"50":148,"51":1,"52":1,"53":168,"54":167,"55":167,"56":167,"57":167,"58":1,"59":364,"60":4,"61":3,"62":3,"63":3,"64":3,"65":1,"66":3,"67":3,"68":3,"69":3,"70":1,"71":1,"72":1,"73":1,"74":38,"75":38,"76":38,"77":1,"78":37,"79":38,"80":1,"81":1,"82":68,"83":67,"84":67,"85":67,"86":67,"87":1,"88":20,"89":19,"90":19,"91":19,"92":19,"93":1,"94":265,"95":44,"96":221,"97":11,"98":6,"99":3,"100":3,"101":3,"102":3,"103":3,"104":3,"105":3,"106":1,"107":1,"108":1,"109":1,"110":2,"111":1,"112":1,"113":1,"114":1,"115":1,"116":5,"117":4,"118":4,"119":4,"120":4,"121":1,"122":5,"123":1,"124":1,"125":1,"126":1,"127":4,"128":3,"129":3,"130":3,"131":3,"132":1,"133":1,"134":1},"b":{"1":[0,1],"2":[1,0],"3":[1,0],"4":[0,2],"5":[2,2],"6":[0,186],"7":[11,11],"8":[11,0],"9":[2,0],"10":[0,2],"11":[0,186],"12":[0,186],"13":[186,0,0],"14":[0,2],"15":[2,0],"16":[2,2],"17":[2,0],"18":[2,0],"19":[125,23],"20":[148,125],"21":[167,1],"22":[168,167],"23":[3,1],"24":[4,3],"25":[1,37],"26":[38,1],"27":[67,1],"28":[19,1],"29":[44,221],"30":[6,5],"31":[11,6],"32":[3,3],"33":[6,4,3],"34":[1,2],"35":[3,1],"36":[1,1],"37":[4,1],"38":[1,4],"39":[5,2],"40":[3,1]},"f":{"1":1,"2":1,"3":2,"4":186,"5":1,"6":2,"7":2,"8":186,"9":2,"10":1,"11":1,"12":148,"13":1,"14":168,"15":364,"16":4,"17":3,"18":1,"19":38,"20":1,"21":68,"22":20,"23":265,"24":11,"25":5},"fnMap":{"1":{"name":"(anonymous_1)","line":1,"loc":{"start":{"line":1,"column":1},"end":{"line":1,"column":28}}},"2":{"name":"(anonymous_2)","line":13,"loc":{"start":{"line":13,"column":9},"end":{"line":13,"column":45}}},"3":{"name":"_interopRequireDefault","line":20,"loc":{"start":{"line":20,"column":4},"end":{"line":20,"column":41}}},"4":{"name":"_classCallCheck","line":26,"loc":{"start":{"line":26,"column":4},"end":{"line":26,"column":52}}},"5":{"name":"(anonymous_5)","line":32,"loc":{"start":{"line":32,"column":23},"end":{"line":32,"column":35}}},"6":{"name":"defineProperties","line":33,"loc":{"start":{"line":33,"column":8},"end":{"line":33,"column":49}}},"7":{"name":"(anonymous_7)","line":43,"loc":{"start":{"line":43,"column":15},"end":{"line":43,"column":63}}},"8":{"name":"_possibleConstructorReturn","line":50,"loc":{"start":{"line":50,"column":4},"end":{"line":50,"column":52}}},"9":{"name":"_inherits","line":58,"loc":{"start":{"line":58,"column":4},"end":{"line":58,"column":45}}},"10":{"name":"(anonymous_10)","line":74,"loc":{"start":{"line":74,"column":5},"end":{"line":74,"column":32}}},"11":{"name":"(anonymous_11)","line":82,"loc":{"start":{"line":82,"column":20},"end":{"line":82,"column":45}}},"12":{"name":"Model","line":85,"loc":{"start":{"line":85,"column":12},"end":{"line":85,"column":38}}},"13":{"name":"initialize","line":102,"loc":{"start":{"line":102,"column":23},"end":{"line":102,"column":45}}},"14":{"name":"set","line":107,"loc":{"start":{"line":107,"column":23},"end":{"line":107,"column":42}}},"15":{"name":"get","line":119,"loc":{"start":{"line":119,"column":23},"end":{"line":119,"column":38}}},"16":{"name":"update","line":124,"loc":{"start":{"line":124,"column":23},"end":{"line":124,"column":51}}},"17":{"name":"_delete","line":137,"loc":{"start":{"line":137,"column":23},"end":{"line":137,"column":42}}},"18":{"name":"(anonymous_18)","line":148,"loc":{"start":{"line":148,"column":25},"end":{"line":148,"column":51}}},"19":{"name":"Collection","line":151,"loc":{"start":{"line":151,"column":12},"end":{"line":151,"column":48}}},"20":{"name":"initialize","line":168,"loc":{"start":{"line":168,"column":23},"end":{"line":168,"column":45}}},"21":{"name":"set","line":174,"loc":{"start":{"line":174,"column":23},"end":{"line":174,"column":42}}},"22":{"name":"push","line":187,"loc":{"start":{"line":187,"column":23},"end":{"line":187,"column":43}}},"23":{"name":"get","line":199,"loc":{"start":{"line":199,"column":23},"end":{"line":199,"column":43}}},"24":{"name":"update","line":208,"loc":{"start":{"line":208,"column":23},"end":{"line":208,"column":58}}},"25":{"name":"_delete","line":244,"loc":{"start":{"line":244,"column":23},"end":{"line":244,"column":47}}}},"statementMap":{"1":{"start":{"line":1,"column":0},"end":{"line":269,"column":3}},"2":{"start":{"line":2,"column":4},"end":{"line":12,"column":5}},"3":{"start":{"line":3,"column":8},"end":{"line":3,"column":56}},"4":{"start":{"line":4,"column":11},"end":{"line":12,"column":5}},"5":{"start":{"line":5,"column":8},"end":{"line":5,"column":62}},"6":{"start":{"line":7,"column":8},"end":{"line":9,"column":10}},"7":{"start":{"line":10,"column":8},"end":{"line":10,"column":51}},"8":{"start":{"line":11,"column":8},"end":{"line":11,"column":35}},"9":{"start":{"line":16,"column":4},"end":{"line":16,"column":51}},"10":{"start":{"line":18,"column":4},"end":{"line":18,"column":51}},"11":{"start":{"line":20,"column":4},"end":{"line":24,"column":5}},"12":{"start":{"line":21,"column":8},"end":{"line":23,"column":10}},"13":{"start":{"line":26,"column":4},"end":{"line":30,"column":5}},"14":{"start":{"line":27,"column":8},"end":{"line":29,"column":9}},"15":{"start":{"line":28,"column":12},"end":{"line":28,"column":69}},"16":{"start":{"line":32,"column":4},"end":{"line":48,"column":8}},"17":{"start":{"line":33,"column":8},"end":{"line":41,"column":9}},"18":{"start":{"line":34,"column":12},"end":{"line":40,"column":13}},"19":{"start":{"line":35,"column":16},"end":{"line":35,"column":42}},"20":{"start":{"line":36,"column":16},"end":{"line":36,"column":71}},"21":{"start":{"line":37,"column":16},"end":{"line":37,"column":47}},"22":{"start":{"line":38,"column":16},"end":{"line":38,"column":70}},"23":{"start":{"line":38,"column":43},"end":{"line":38,"column":70}},"24":{"start":{"line":39,"column":16},"end":{"line":39,"column":74}},"25":{"start":{"line":43,"column":8},"end":{"line":47,"column":10}},"26":{"start":{"line":44,"column":12},"end":{"line":44,"column":80}},"27":{"start":{"line":44,"column":28},"end":{"line":44,"column":80}},"28":{"start":{"line":45,"column":12},"end":{"line":45,"column":72}},"29":{"start":{"line":45,"column":29},"end":{"line":45,"column":72}},"30":{"start":{"line":46,"column":12},"end":{"line":46,"column":31}},"31":{"start":{"line":50,"column":4},"end":{"line":56,"column":5}},"32":{"start":{"line":51,"column":8},"end":{"line":53,"column":9}},"33":{"start":{"line":52,"column":12},"end":{"line":52,"column":98}},"34":{"start":{"line":55,"column":8},"end":{"line":55,"column":94}},"35":{"start":{"line":58,"column":4},"end":{"line":72,"column":5}},"36":{"start":{"line":59,"column":8},"end":{"line":61,"column":9}},"37":{"start":{"line":60,"column":12},"end":{"line":60,"column":112}},"38":{"start":{"line":63,"column":8},"end":{"line":70,"column":11}},"39":{"start":{"line":71,"column":8},"end":{"line":71,"column":126}},"40":{"start":{"line":71,"column":24},"end":{"line":71,"column":126}},"41":{"start":{"line":74,"column":4},"end":{"line":268,"column":43}},"42":{"start":{"line":82,"column":8},"end":{"line":146,"column":24}},"43":{"start":{"line":83,"column":12},"end":{"line":83,"column":44}},"44":{"start":{"line":85,"column":12},"end":{"line":98,"column":13}},"45":{"start":{"line":86,"column":16},"end":{"line":86,"column":45}},"46":{"start":{"line":88,"column":16},"end":{"line":88,"column":102}},"47":{"start":{"line":91,"column":16},"end":{"line":95,"column":17}},"48":{"start":{"line":92,"column":20},"end":{"line":92,"column":41}},"49":{"start":{"line":94,"column":20},"end":{"line":94,"column":34}},"50":{"start":{"line":97,"column":16},"end":{"line":97,"column":29}},"51":{"start":{"line":100,"column":12},"end":{"line":143,"column":16}},"52":{"start":{"line":103,"column":20},"end":{"line":103,"column":32}},"53":{"start":{"line":108,"column":20},"end":{"line":115,"column":21}},"54":{"start":{"line":109,"column":24},"end":{"line":109,"column":46}},"55":{"start":{"line":110,"column":24},"end":{"line":110,"column":56}},"56":{"start":{"line":111,"column":24},"end":{"line":111,"column":53}},"57":{"start":{"line":112,"column":24},"end":{"line":112,"column":36}},"58":{"start":{"line":114,"column":24},"end":{"line":114,"column":37}},"59":{"start":{"line":120,"column":20},"end":{"line":120,"column":42}},"60":{"start":{"line":126,"column":20},"end":{"line":133,"column":21}},"61":{"start":{"line":127,"column":24},"end":{"line":127,"column":67}},"62":{"start":{"line":128,"column":24},"end":{"line":128,"column":56}},"63":{"start":{"line":129,"column":24},"end":{"line":129,"column":56}},"64":{"start":{"line":130,"column":24},"end":{"line":130,"column":36}},"65":{"start":{"line":132,"column":24},"end":{"line":132,"column":37}},"66":{"start":{"line":138,"column":20},"end":{"line":138,"column":33}},"67":{"start":{"line":139,"column":20},"end":{"line":139,"column":52}},"68":{"start":{"line":140,"column":20},"end":{"line":140,"column":52}},"69":{"start":{"line":141,"column":20},"end":{"line":141,"column":32}},"70":{"start":{"line":145,"column":12},"end":{"line":145,"column":25}},"71":{"start":{"line":148,"column":8},"end":{"line":262,"column":24}},"72":{"start":{"line":149,"column":12},"end":{"line":149,"column":50}},"73":{"start":{"line":151,"column":12},"end":{"line":164,"column":13}},"74":{"start":{"line":152,"column":16},"end":{"line":152,"column":50}},"75":{"start":{"line":154,"column":16},"end":{"line":154,"column":108}},"76":{"start":{"line":157,"column":16},"end":{"line":161,"column":17}},"77":{"start":{"line":158,"column":20},"end":{"line":158,"column":47}},"78":{"start":{"line":160,"column":20},"end":{"line":160,"column":35}},"79":{"start":{"line":163,"column":16},"end":{"line":163,"column":30}},"80":{"start":{"line":166,"column":12},"end":{"line":259,"column":16}},"81":{"start":{"line":170,"column":20},"end":{"line":170,"column":32}},"82":{"start":{"line":176,"column":20},"end":{"line":183,"column":21}},"83":{"start":{"line":177,"column":24},"end":{"line":177,"column":51}},"84":{"start":{"line":178,"column":24},"end":{"line":178,"column":56}},"85":{"start":{"line":179,"column":24},"end":{"line":179,"column":53}},"86":{"start":{"line":180,"column":24},"end":{"line":180,"column":36}},"87":{"start":{"line":182,"column":24},"end":{"line":182,"column":37}},"88":{"start":{"line":188,"column":20},"end":{"line":195,"column":21}},"89":{"start":{"line":189,"column":24},"end":{"line":189,"column":61}},"90":{"start":{"line":190,"column":24},"end":{"line":190,"column":56}},"91":{"start":{"line":191,"column":24},"end":{"line":191,"column":54}},"92":{"start":{"line":192,"column":24},"end":{"line":192,"column":36}},"93":{"start":{"line":194,"column":24},"end":{"line":194,"column":37}},"94":{"start":{"line":200,"column":20},"end":{"line":204,"column":21}},"95":{"start":{"line":201,"column":24},"end":{"line":201,"column":58}},"96":{"start":{"line":203,"column":24},"end":{"line":203,"column":51}},"97":{"start":{"line":210,"column":20},"end":{"line":240,"column":21}},"98":{"start":{"line":212,"column":24},"end":{"line":232,"column":29}},"99":{"start":{"line":213,"column":28},"end":{"line":213,"column":93}},"100":{"start":{"line":214,"column":28},"end":{"line":214,"column":82}},"101":{"start":{"line":215,"column":28},"end":{"line":215,"column":82}},"102":{"start":{"line":216,"column":28},"end":{"line":216,"column":60}},"103":{"start":{"line":217,"column":28},"end":{"line":217,"column":60}},"104":{"start":{"line":218,"column":28},"end":{"line":218,"column":40}},"105":{"start":{"line":220,"column":31},"end":{"line":232,"column":29}},"106":{"start":{"line":221,"column":32},"end":{"line":221,"column":99}},"107":{"start":{"line":222,"column":32},"end":{"line":222,"column":64}},"108":{"start":{"line":223,"column":32},"end":{"line":223,"column":64}},"109":{"start":{"line":224,"column":32},"end":{"line":224,"column":44}},"110":{"start":{"line":225,"column":35},"end":{"line":232,"column":29}},"111":{"start":{"line":226,"column":32},"end":{"line":226,"column":72}},"112":{"start":{"line":227,"column":32},"end":{"line":227,"column":64}},"113":{"start":{"line":228,"column":32},"end":{"line":228,"column":64}},"114":{"start":{"line":229,"column":32},"end":{"line":229,"column":44}},"115":{"start":{"line":231,"column":32},"end":{"line":231,"column":45}},"116":{"start":{"line":233,"column":27},"end":{"line":240,"column":21}},"117":{"start":{"line":234,"column":24},"end":{"line":234,"column":40}},"118":{"start":{"line":235,"column":24},"end":{"line":235,"column":56}},"119":{"start":{"line":236,"column":24},"end":{"line":236,"column":56}},"120":{"start":{"line":237,"column":24},"end":{"line":237,"column":36}},"121":{"start":{"line":239,"column":24},"end":{"line":239,"column":37}},"122":{"start":{"line":245,"column":20},"end":{"line":257,"column":21}},"123":{"start":{"line":246,"column":24},"end":{"line":246,"column":61}},"124":{"start":{"line":247,"column":24},"end":{"line":247,"column":56}},"125":{"start":{"line":248,"column":24},"end":{"line":248,"column":56}},"126":{"start":{"line":249,"column":24},"end":{"line":249,"column":36}},"127":{"start":{"line":250,"column":27},"end":{"line":257,"column":21}},"128":{"start":{"line":251,"column":24},"end":{"line":251,"column":37}},"129":{"start":{"line":252,"column":24},"end":{"line":252,"column":56}},"130":{"start":{"line":253,"column":24},"end":{"line":253,"column":56}},"131":{"start":{"line":254,"column":24},"end":{"line":254,"column":36}},"132":{"start":{"line":256,"column":24},"end":{"line":256,"column":37}},"133":{"start":{"line":261,"column":12},"end":{"line":261,"column":30}},"134":{"start":{"line":264,"column":8},"end":{"line":267,"column":10}}},"branchMap":{"1":{"line":2,"type":"if","locations":[{"start":{"line":2,"column":4},"end":{"line":2,"column":4}},{"start":{"line":2,"column":4},"end":{"line":2,"column":4}}]},"2":{"line":2,"type":"binary-expr","locations":[{"start":{"line":2,"column":8},"end":{"line":2,"column":36}},{"start":{"line":2,"column":40},"end":{"line":2,"column":50}}]},"3":{"line":4,"type":"if","locations":[{"start":{"line":4,"column":11},"end":{"line":4,"column":11}},{"start":{"line":4,"column":11},"end":{"line":4,"column":11}}]},"4":{"line":21,"type":"cond-expr","locations":[{"start":{"line":21,"column":39},"end":{"line":21,"column":42}},{"start":{"line":21,"column":45},"end":{"line":23,"column":9}}]},"5":{"line":21,"type":"binary-expr","locations":[{"start":{"line":21,"column":15},"end":{"line":21,"column":18}},{"start":{"line":21,"column":22},"end":{"line":21,"column":36}}]},"6":{"line":27,"type":"if","locations":[{"start":{"line":27,"column":8},"end":{"line":27,"column":8}},{"start":{"line":27,"column":8},"end":{"line":27,"column":8}}]},"7":{"line":36,"type":"binary-expr","locations":[{"start":{"line":36,"column":40},"end":{"line":36,"column":61}},{"start":{"line":36,"column":65},"end":{"line":36,"column":70}}]},"8":{"line":38,"type":"if","locations":[{"start":{"line":38,"column":16},"end":{"line":38,"column":16}},{"start":{"line":38,"column":16},"end":{"line":38,"column":16}}]},"9":{"line":44,"type":"if","locations":[{"start":{"line":44,"column":12},"end":{"line":44,"column":12}},{"start":{"line":44,"column":12},"end":{"line":44,"column":12}}]},"10":{"line":45,"type":"if","locations":[{"start":{"line":45,"column":12},"end":{"line":45,"column":12}},{"start":{"line":45,"column":12},"end":{"line":45,"column":12}}]},"11":{"line":51,"type":"if","locations":[{"start":{"line":51,"column":8},"end":{"line":51,"column":8}},{"start":{"line":51,"column":8},"end":{"line":51,"column":8}}]},"12":{"line":55,"type":"cond-expr","locations":[{"start":{"line":55,"column":82},"end":{"line":55,"column":86}},{"start":{"line":55,"column":89},"end":{"line":55,"column":93}}]},"13":{"line":55,"type":"binary-expr","locations":[{"start":{"line":55,"column":15},"end":{"line":55,"column":19}},{"start":{"line":55,"column":24},"end":{"line":55,"column":48}},{"start":{"line":55,"column":52},"end":{"line":55,"column":78}}]},"14":{"line":59,"type":"if","locations":[{"start":{"line":59,"column":8},"end":{"line":59,"column":8}},{"start":{"line":59,"column":8},"end":{"line":59,"column":8}}]},"15":{"line":59,"type":"binary-expr","locations":[{"start":{"line":59,"column":12},"end":{"line":59,"column":44}},{"start":{"line":59,"column":48},"end":{"line":59,"column":67}}]},"16":{"line":63,"type":"binary-expr","locations":[{"start":{"line":63,"column":43},"end":{"line":63,"column":53}},{"start":{"line":63,"column":57},"end":{"line":63,"column":77}}]},"17":{"line":71,"type":"if","locations":[{"start":{"line":71,"column":8},"end":{"line":71,"column":8}},{"start":{"line":71,"column":8},"end":{"line":71,"column":8}}]},"18":{"line":71,"type":"cond-expr","locations":[{"start":{"line":71,"column":48},"end":{"line":71,"column":91}},{"start":{"line":71,"column":94},"end":{"line":71,"column":125}}]},"19":{"line":91,"type":"if","locations":[{"start":{"line":91,"column":16},"end":{"line":91,"column":16}},{"start":{"line":91,"column":16},"end":{"line":91,"column":16}}]},"20":{"line":91,"type":"binary-expr","locations":[{"start":{"line":91,"column":20},"end":{"line":91,"column":29}},{"start":{"line":91,"column":33},"end":{"line":91,"column":54}}]},"21":{"line":108,"type":"if","locations":[{"start":{"line":108,"column":20},"end":{"line":108,"column":20}},{"start":{"line":108,"column":20},"end":{"line":108,"column":20}}]},"22":{"line":108,"type":"binary-expr","locations":[{"start":{"line":108,"column":24},"end":{"line":108,"column":28}},{"start":{"line":108,"column":32},"end":{"line":108,"column":48}}]},"23":{"line":126,"type":"if","locations":[{"start":{"line":126,"column":20},"end":{"line":126,"column":20}},{"start":{"line":126,"column":20},"end":{"line":126,"column":20}}]},"24":{"line":126,"type":"binary-expr","locations":[{"start":{"line":126,"column":24},"end":{"line":126,"column":34}},{"start":{"line":126,"column":38},"end":{"line":126,"column":60}}]},"25":{"line":157,"type":"if","locations":[{"start":{"line":157,"column":16},"end":{"line":157,"column":16}},{"start":{"line":157,"column":16},"end":{"line":157,"column":16}}]},"26":{"line":157,"type":"binary-expr","locations":[{"start":{"line":157,"column":20},"end":{"line":157,"column":34}},{"start":{"line":157,"column":38},"end":{"line":157,"column":63}}]},"27":{"line":176,"type":"if","locations":[{"start":{"line":176,"column":20},"end":{"line":176,"column":20}},{"start":{"line":176,"column":20},"end":{"line":176,"column":20}}]},"28":{"line":188,"type":"if","locations":[{"start":{"line":188,"column":20},"end":{"line":188,"column":20}},{"start":{"line":188,"column":20},"end":{"line":188,"column":20}}]},"29":{"line":200,"type":"if","locations":[{"start":{"line":200,"column":20},"end":{"line":200,"column":20}},{"start":{"line":200,"column":20},"end":{"line":200,"column":20}}]},"30":{"line":210,"type":"if","locations":[{"start":{"line":210,"column":20},"end":{"line":210,"column":20}},{"start":{"line":210,"column":20},"end":{"line":210,"column":20}}]},"31":{"line":210,"type":"binary-expr","locations":[{"start":{"line":210,"column":24},"end":{"line":210,"column":41}},{"start":{"line":210,"column":45},"end":{"line":210,"column":60}}]},"32":{"line":212,"type":"if","locations":[{"start":{"line":212,"column":24},"end":{"line":212,"column":24}},{"start":{"line":212,"column":24},"end":{"line":212,"column":24}}]},"33":{"line":212,"type":"binary-expr","locations":[{"start":{"line":212,"column":28},"end":{"line":212,"column":50}},{"start":{"line":212,"column":54},"end":{"line":212,"column":73}},{"start":{"line":212,"column":77},"end":{"line":212,"column":110}}]},"34":{"line":220,"type":"if","locations":[{"start":{"line":220,"column":31},"end":{"line":220,"column":31}},{"start":{"line":220,"column":31},"end":{"line":220,"column":31}}]},"35":{"line":220,"type":"binary-expr","locations":[{"start":{"line":220,"column":35},"end":{"line":220,"column":57}},{"start":{"line":220,"column":61},"end":{"line":220,"column":88}}]},"36":{"line":225,"type":"if","locations":[{"start":{"line":225,"column":35},"end":{"line":225,"column":35}},{"start":{"line":225,"column":35},"end":{"line":225,"column":35}}]},"37":{"line":233,"type":"if","locations":[{"start":{"line":233,"column":27},"end":{"line":233,"column":27}},{"start":{"line":233,"column":27},"end":{"line":233,"column":27}}]},"38":{"line":245,"type":"if","locations":[{"start":{"line":245,"column":20},"end":{"line":245,"column":20}},{"start":{"line":245,"column":20},"end":{"line":245,"column":20}}]},"39":{"line":245,"type":"binary-expr","locations":[{"start":{"line":245,"column":24},"end":{"line":245,"column":41}},{"start":{"line":245,"column":45},"end":{"line":245,"column":60}}]},"40":{"line":250,"type":"if","locations":[{"start":{"line":250,"column":27},"end":{"line":250,"column":27}},{"start":{"line":250,"column":27},"end":{"line":250,"column":27}}]}}}}