TN:
SF:/Users/williamshackelford/Sites/white-label-model/spec/testspec.js
FN:6,(anonymous_1)
FN:7,(anonymous_2)
FN:12,(anonymous_3)
FN:15,(anonymous_4)
FN:18,(anonymous_5)
FN:23,(anonymous_6)
FN:27,(anonymous_7)
FN:29,(anonymous_8)
FN:30,(anonymous_9)
FN:34,(anonymous_10)
FN:37,(anonymous_11)
FN:43,(anonymous_12)
FN:47,(anonymous_13)
FN:50,(anonymous_14)
FN:53,(anonymous_15)
FN:56,(anonymous_16)
FN:59,(anonymous_17)
FN:62,(anonymous_18)
FN:65,(anonymous_19)
FN:68,(anonymous_20)
FN:71,(anonymous_21)
FN:77,(anonymous_22)
FN:84,(anonymous_23)
FN:91,(anonymous_24)
FN:98,(anonymous_25)
FN:103,(anonymous_26)
FN:110,(anonymous_27)
FN:126,(anonymous_28)
FN:137,(anonymous_29)
FN:148,(anonymous_30)
FN:156,(anonymous_31)
FN:164,(anonymous_32)
FN:172,(anonymous_33)
FN:177,(anonymous_34)
FN:178,(anonymous_35)
FN:186,(anonymous_36)
FN:188,(anonymous_37)
FN:189,(anonymous_38)
FN:193,(anonymous_39)
FN:196,(anonymous_40)
FN:211,(anonymous_41)
FN:215,(anonymous_42)
FN:218,(anonymous_43)
FN:221,(anonymous_44)
FN:224,(anonymous_45)
FN:227,(anonymous_46)
FN:230,(anonymous_47)
FN:233,(anonymous_48)
FN:236,(anonymous_49)
FN:239,(anonymous_50)
FN:242,(anonymous_51)
FN:252,(anonymous_52)
FN:263,(anonymous_53)
FN:268,(anonymous_54)
FN:269,(anonymous_55)
FN:279,(anonymous_56)
FN:280,(anonymous_57)
FN:290,(anonymous_58)
FN:301,(anonymous_59)
FN:308,(anonymous_60)
FN:313,(anonymous_61)
FN:314,(anonymous_62)
FN:324,(anonymous_63)
FN:325,(anonymous_64)
FN:335,(anonymous_65)
FN:344,(anonymous_66)
FN:352,(anonymous_67)
FN:364,(anonymous_68)
FN:378,(anonymous_69)
FN:385,(anonymous_70)
FN:393,(anonymous_71)
FN:414,(anonymous_72)
FN:435,(anonymous_73)
FN:436,(anonymous_74)
FN:446,(anonymous_75)
FN:447,(anonymous_76)
FN:457,(anonymous_77)
FN:479,(anonymous_78)
FN:501,(anonymous_79)
FN:509,(anonymous_80)
FN:510,(anonymous_81)
FN:519,(anonymous_82)
FN:520,(anonymous_83)
FN:529,(anonymous_84)
FNF:84
FNH:69
FNDA:1,(anonymous_1)
FNDA:1,(anonymous_2)
FNDA:1,(anonymous_3)
FNDA:1,(anonymous_4)
FNDA:1,(anonymous_5)
FNDA:1,(anonymous_6)
FNDA:21,(anonymous_7)
FNDA:0,(anonymous_8)
FNDA:0,(anonymous_9)
FNDA:21,(anonymous_10)
FNDA:0,(anonymous_11)
FNDA:21,(anonymous_12)
FNDA:1,(anonymous_13)
FNDA:1,(anonymous_14)
FNDA:1,(anonymous_15)
FNDA:1,(anonymous_16)
FNDA:1,(anonymous_17)
FNDA:1,(anonymous_18)
FNDA:1,(anonymous_19)
FNDA:1,(anonymous_20)
FNDA:1,(anonymous_21)
FNDA:1,(anonymous_22)
FNDA:1,(anonymous_23)
FNDA:1,(anonymous_24)
FNDA:1,(anonymous_25)
FNDA:1,(anonymous_26)
FNDA:1,(anonymous_27)
FNDA:1,(anonymous_28)
FNDA:1,(anonymous_29)
FNDA:1,(anonymous_30)
FNDA:1,(anonymous_31)
FNDA:1,(anonymous_32)
FNDA:1,(anonymous_33)
FNDA:1,(anonymous_34)
FNDA:0,(anonymous_35)
FNDA:35,(anonymous_36)
FNDA:0,(anonymous_37)
FNDA:0,(anonymous_38)
FNDA:35,(anonymous_39)
FNDA:0,(anonymous_40)
FNDA:35,(anonymous_41)
FNDA:1,(anonymous_42)
FNDA:1,(anonymous_43)
FNDA:1,(anonymous_44)
FNDA:1,(anonymous_45)
FNDA:1,(anonymous_46)
FNDA:1,(anonymous_47)
FNDA:1,(anonymous_48)
FNDA:1,(anonymous_49)
FNDA:1,(anonymous_50)
FNDA:1,(anonymous_51)
FNDA:1,(anonymous_52)
FNDA:1,(anonymous_53)
FNDA:1,(anonymous_54)
FNDA:0,(anonymous_55)
FNDA:1,(anonymous_56)
FNDA:0,(anonymous_57)
FNDA:1,(anonymous_58)
FNDA:1,(anonymous_59)
FNDA:1,(anonymous_60)
FNDA:1,(anonymous_61)
FNDA:0,(anonymous_62)
FNDA:1,(anonymous_63)
FNDA:0,(anonymous_64)
FNDA:1,(anonymous_65)
FNDA:1,(anonymous_66)
FNDA:1,(anonymous_67)
FNDA:1,(anonymous_68)
FNDA:1,(anonymous_69)
FNDA:1,(anonymous_70)
FNDA:1,(anonymous_71)
FNDA:1,(anonymous_72)
FNDA:1,(anonymous_73)
FNDA:0,(anonymous_74)
FNDA:1,(anonymous_75)
FNDA:0,(anonymous_76)
FNDA:1,(anonymous_77)
FNDA:1,(anonymous_78)
FNDA:1,(anonymous_79)
FNDA:1,(anonymous_80)
FNDA:0,(anonymous_81)
FNDA:1,(anonymous_82)
FNDA:0,(anonymous_83)
FNDA:1,(anonymous_84)
DA:3,1
DA:6,1
DA:7,1
DA:8,1
DA:12,1
DA:13,1
DA:14,1
DA:15,1
DA:16,1
DA:18,1
DA:19,1
DA:23,1
DA:24,1
DA:25,1
DA:26,1
DA:27,1
DA:28,21
DA:29,21
DA:30,21
DA:31,21
DA:32,21
DA:33,21
DA:35,21
DA:41,21
DA:43,1
DA:44,21
DA:45,21
DA:47,1
DA:48,1
DA:50,1
DA:51,1
DA:53,1
DA:54,1
DA:56,1
DA:57,1
DA:59,1
DA:60,1
DA:62,1
DA:63,1
DA:65,1
DA:66,1
DA:68,1
DA:69,1
DA:71,1
DA:72,1
DA:75,1
DA:77,1
DA:78,1
DA:81,1
DA:82,1
DA:84,1
DA:85,1
DA:86,1
DA:89,1
DA:91,1
DA:92,1
DA:93,1
DA:96,1
DA:98,1
DA:99,1
DA:100,1
DA:101,1
DA:103,1
DA:104,1
DA:107,1
DA:108,1
DA:110,1
DA:111,1
DA:114,1
DA:118,1
DA:119,1
DA:123,1
DA:124,1
DA:126,1
DA:127,1
DA:128,1
DA:131,1
DA:135,1
DA:137,1
DA:138,1
DA:139,1
DA:142,1
DA:146,1
DA:148,1
DA:149,1
DA:152,1
DA:153,1
DA:154,1
DA:156,1
DA:157,1
DA:158,1
DA:161,1
DA:162,1
DA:164,1
DA:165,1
DA:166,1
DA:169,1
DA:170,1
DA:172,1
DA:173,1
DA:177,1
DA:178,1
DA:179,1
DA:180,1
DA:181,1
DA:182,1
DA:183,1
DA:184,1
DA:185,1
DA:186,1
DA:187,35
DA:188,35
DA:189,35
DA:190,35
DA:191,35
DA:192,35
DA:194,35
DA:200,35
DA:203,35
DA:206,35
DA:209,35
DA:211,1
DA:212,35
DA:213,35
DA:215,1
DA:216,1
DA:218,1
DA:219,1
DA:221,1
DA:222,1
DA:224,1
DA:225,1
DA:227,1
DA:228,1
DA:230,1
DA:231,1
DA:233,1
DA:234,1
DA:236,1
DA:237,1
DA:239,1
DA:240,1
DA:242,1
DA:243,1
DA:248,1
DA:252,1
DA:253,1
DA:258,1
DA:261,1
DA:263,1
DA:264,1
DA:265,1
DA:266,1
DA:268,1
DA:269,1
DA:270,1
DA:271,1
DA:272,1
DA:277,1
DA:279,1
DA:280,1
DA:281,1
DA:282,1
DA:283,1
DA:288,1
DA:290,1
DA:291,1
DA:292,1
DA:296,1
DA:299,1
DA:301,1
DA:302,1
DA:303,1
DA:306,1
DA:308,1
DA:309,1
DA:310,1
DA:311,1
DA:313,1
DA:314,1
DA:315,1
DA:316,1
DA:317,1
DA:318,1
DA:322,1
DA:324,1
DA:325,1
DA:326,1
DA:327,1
DA:328,1
DA:329,1
DA:333,1
DA:335,1
DA:336,1
DA:337,1
DA:338,1
DA:339,1
DA:340,1
DA:344,1
DA:345,1
DA:346,1
DA:347,1
DA:348,1
DA:352,1
DA:353,1
DA:354,1
DA:358,1
DA:362,1
DA:364,1
DA:365,1
DA:368,1
DA:372,1
DA:376,1
DA:378,1
DA:379,1
DA:380,1
DA:381,1
DA:382,1
DA:384,1
DA:386,1
DA:387,1
DA:388,1
DA:391,1
DA:393,1
DA:394,1
DA:395,1
DA:409,1
DA:412,1
DA:414,1
DA:415,1
DA:429,1
DA:430,1
DA:433,1
DA:435,1
DA:436,1
DA:437,1
DA:438,1
DA:439,1
DA:440,1
DA:444,1
DA:446,1
DA:447,1
DA:448,1
DA:449,1
DA:450,1
DA:451,1
DA:455,1
DA:457,1
DA:458,1
DA:472,1
DA:473,1
DA:476,1
DA:477,1
DA:479,1
DA:480,1
DA:494,1
DA:495,1
DA:498,1
DA:499,1
DA:501,1
DA:502,1
DA:505,1
DA:506,1
DA:507,1
DA:509,1
DA:510,1
DA:511,1
DA:512,1
DA:513,1
DA:516,1
DA:517,1
DA:519,1
DA:520,1
DA:521,1
DA:522,1
DA:523,1
DA:526,1
DA:527,1
DA:529,1
DA:530,1
LF:280
LH:280
BRF:0
BRH:0
end_of_record
TN:
SF:/Users/williamshackelford/Sites/white-label-model/dist/index.js
FN:1,(anonymous_1)
FN:13,(anonymous_2)
FN:20,_interopRequireDefault
FN:26,_classCallCheck
FN:32,(anonymous_5)
FN:33,defineProperties
FN:43,(anonymous_7)
FN:50,_possibleConstructorReturn
FN:58,_inherits
FN:74,(anonymous_10)
FN:82,(anonymous_11)
FN:85,Model
FN:104,initialize
FN:109,set
FN:121,get
FN:126,update
FN:139,_delete
FN:150,(anonymous_18)
FN:153,Collection
FN:172,initialize
FN:178,set
FN:191,push
FN:203,get
FN:212,update
FN:248,_delete
FNF:25
FNH:25
FNDA:1,(anonymous_1)
FNDA:1,(anonymous_2)
FNDA:2,_interopRequireDefault
FNDA:179,_classCallCheck
FNDA:1,(anonymous_5)
FNDA:2,defineProperties
FNDA:2,(anonymous_7)
FNDA:179,_possibleConstructorReturn
FNDA:2,_inherits
FNDA:1,(anonymous_10)
FNDA:1,(anonymous_11)
FNDA:143,Model
FNDA:122,initialize
FNDA:163,set
FNDA:354,get
FNDA:4,update
FNDA:3,_delete
FNDA:1,(anonymous_18)
FNDA:36,Collection
FNDA:1,initialize
FNDA:66,set
FNDA:20,push
FNDA:261,get
FNDA:11,update
FNDA:5,_delete
DA:1,1
DA:2,1
DA:3,0
DA:4,1
DA:5,1
DA:7,0
DA:10,0
DA:11,0
DA:16,1
DA:18,1
DA:20,1
DA:21,2
DA:26,1
DA:27,179
DA:28,0
DA:32,1
DA:33,1
DA:34,2
DA:35,11
DA:36,11
DA:37,11
DA:38,11
DA:39,11
DA:43,1
DA:44,2
DA:45,2
DA:46,2
DA:50,1
DA:51,179
DA:52,0
DA:55,179
DA:58,1
DA:59,2
DA:60,0
DA:63,2
DA:71,2
DA:74,1
DA:82,1
DA:83,1
DA:85,1
DA:86,143
DA:88,143
DA:91,143
DA:92,122
DA:94,21
DA:97,143
DA:99,143
DA:102,1
DA:105,122
DA:110,163
DA:111,162
DA:112,162
DA:113,162
DA:114,162
DA:116,1
DA:122,354
DA:128,4
DA:129,3
DA:130,3
DA:131,3
DA:132,3
DA:134,1
DA:140,3
DA:141,3
DA:142,3
DA:143,3
DA:147,1
DA:150,1
DA:151,1
DA:153,1
DA:154,36
DA:156,36
DA:159,36
DA:160,1
DA:162,35
DA:165,36
DA:167,36
DA:170,1
DA:174,1
DA:180,66
DA:181,65
DA:182,65
DA:183,65
DA:184,65
DA:186,1
DA:192,20
DA:193,19
DA:194,19
DA:195,19
DA:196,19
DA:198,1
DA:204,261
DA:205,44
DA:207,217
DA:214,11
DA:216,6
DA:217,3
DA:218,3
DA:219,3
DA:220,3
DA:221,3
DA:222,3
DA:224,3
DA:225,1
DA:226,1
DA:227,1
DA:228,1
DA:229,2
DA:230,1
DA:231,1
DA:232,1
DA:233,1
DA:235,1
DA:237,5
DA:238,4
DA:239,4
DA:240,4
DA:241,4
DA:243,1
DA:249,5
DA:250,1
DA:251,1
DA:252,1
DA:253,1
DA:254,4
DA:255,3
DA:256,3
DA:257,3
DA:258,3
DA:260,1
DA:265,1
DA:268,1
LF:132
LH:125
BRDA:2,1,0,0
BRDA:2,1,1,1
BRDA:2,2,0,1
BRDA:2,2,1,0
BRDA:4,3,0,1
BRDA:4,3,1,0
BRDA:21,4,0,0
BRDA:21,4,1,2
BRDA:21,5,0,2
BRDA:21,5,1,2
BRDA:27,6,0,0
BRDA:27,6,1,179
BRDA:36,7,0,11
BRDA:36,7,1,11
BRDA:38,8,0,11
BRDA:38,8,1,0
BRDA:44,9,0,2
BRDA:44,9,1,0
BRDA:45,10,0,0
BRDA:45,10,1,2
BRDA:51,11,0,0
BRDA:51,11,1,179
BRDA:55,12,0,0
BRDA:55,12,1,179
BRDA:55,13,0,179
BRDA:55,13,1,0
BRDA:55,13,2,0
BRDA:59,14,0,0
BRDA:59,14,1,2
BRDA:59,15,0,2
BRDA:59,15,1,0
BRDA:63,16,0,2
BRDA:63,16,1,2
BRDA:71,17,0,2
BRDA:71,17,1,0
BRDA:71,18,0,2
BRDA:71,18,1,0
BRDA:91,19,0,122
BRDA:91,19,1,21
BRDA:91,20,0,143
BRDA:91,20,1,122
BRDA:110,21,0,162
BRDA:110,21,1,1
BRDA:110,22,0,163
BRDA:110,22,1,162
BRDA:128,23,0,3
BRDA:128,23,1,1
BRDA:128,24,0,4
BRDA:128,24,1,3
BRDA:159,25,0,1
BRDA:159,25,1,35
BRDA:159,26,0,36
BRDA:159,26,1,1
BRDA:180,27,0,65
BRDA:180,27,1,1
BRDA:192,28,0,19
BRDA:192,28,1,1
BRDA:204,29,0,44
BRDA:204,29,1,217
BRDA:214,30,0,6
BRDA:214,30,1,5
BRDA:214,31,0,11
BRDA:214,31,1,6
BRDA:216,32,0,3
BRDA:216,32,1,3
BRDA:216,33,0,6
BRDA:216,33,1,4
BRDA:216,33,2,3
BRDA:224,34,0,1
BRDA:224,34,1,2
BRDA:224,35,0,3
BRDA:224,35,1,1
BRDA:229,36,0,1
BRDA:229,36,1,1
BRDA:237,37,0,4
BRDA:237,37,1,1
BRDA:249,38,0,1
BRDA:249,38,1,4
BRDA:249,39,0,5
BRDA:249,39,1,2
BRDA:254,40,0,3
BRDA:254,40,1,1
BRF:82
BRH:66
end_of_record
