TN:
SF:/Users/williamshackelford/Sites/white-label-model/spec/testspec.js
FN:8,(anonymous_1)
FN:9,(anonymous_2)
FN:14,(anonymous_3)
FN:17,(anonymous_4)
FN:20,(anonymous_5)
FN:25,(anonymous_6)
FN:29,(anonymous_7)
FN:31,(anonymous_8)
FN:32,(anonymous_9)
FN:36,(anonymous_10)
FN:40,(anonymous_11)
FN:45,(anonymous_12)
FN:49,(anonymous_13)
FN:52,(anonymous_14)
FN:55,(anonymous_15)
FN:58,(anonymous_16)
FN:61,(anonymous_17)
FN:64,(anonymous_18)
FN:67,(anonymous_19)
FN:70,(anonymous_20)
FN:74,(anonymous_21)
FN:79,(anonymous_22)
FN:85,(anonymous_23)
FN:92,(anonymous_24)
FN:99,(anonymous_25)
FN:106,(anonymous_26)
FN:111,(anonymous_27)
FN:118,(anonymous_28)
FN:134,(anonymous_29)
FN:145,(anonymous_30)
FN:156,(anonymous_31)
FN:164,(anonymous_32)
FN:172,(anonymous_33)
FN:180,(anonymous_34)
FN:185,(anonymous_35)
FN:186,(anonymous_36)
FN:194,(anonymous_37)
FN:196,(anonymous_38)
FN:197,(anonymous_39)
FN:201,(anonymous_40)
FN:205,(anonymous_41)
FN:219,(anonymous_42)
FN:223,(anonymous_43)
FN:226,(anonymous_44)
FN:229,(anonymous_45)
FN:232,(anonymous_46)
FN:235,(anonymous_47)
FN:238,(anonymous_48)
FN:241,(anonymous_49)
FN:244,(anonymous_50)
FN:247,(anonymous_51)
FN:251,(anonymous_52)
FN:256,(anonymous_53)
FN:266,(anonymous_54)
FN:277,(anonymous_55)
FN:285,(anonymous_56)
FN:286,(anonymous_57)
FN:296,(anonymous_58)
FN:297,(anonymous_59)
FN:307,(anonymous_60)
FN:318,(anonymous_61)
FN:325,(anonymous_62)
FN:330,(anonymous_63)
FN:331,(anonymous_64)
FN:341,(anonymous_65)
FN:342,(anonymous_66)
FN:352,(anonymous_67)
FN:361,(anonymous_68)
FN:369,(anonymous_69)
FN:381,(anonymous_70)
FN:395,(anonymous_71)
FN:402,(anonymous_72)
FN:410,(anonymous_73)
FN:434,(anonymous_74)
FN:455,(anonymous_75)
FN:456,(anonymous_76)
FN:466,(anonymous_77)
FN:467,(anonymous_78)
FN:477,(anonymous_79)
FN:499,(anonymous_80)
FN:521,(anonymous_81)
FN:530,(anonymous_82)
FN:531,(anonymous_83)
FN:540,(anonymous_84)
FN:541,(anonymous_85)
FN:550,(anonymous_86)
FN:555,(anonymous_87)
FN:556,(anonymous_88)
FN:564,(anonymous_89)
FN:566,(anonymous_90)
FN:580,(anonymous_91)
FN:583,(anonymous_92)
FN:594,(anonymous_93)
FN:606,(anonymous_94)
FN:607,(anonymous_95)
FN:618,(anonymous_96)
FN:619,(anonymous_97)
FN:630,(anonymous_98)
FN:645,(anonymous_99)
FN:652,(anonymous_100)
FN:653,(anonymous_101)
FN:660,(anonymous_102)
FN:661,(anonymous_103)
FN:668,(anonymous_104)
FN:677,(anonymous_105)
FN:685,(anonymous_106)
FN:701,(anonymous_107)
FN:717,(anonymous_108)
FN:724,(anonymous_109)
FN:732,(anonymous_110)
FN:748,(anonymous_111)
FN:749,(anonymous_112)
FN:759,(anonymous_113)
FN:760,(anonymous_114)
FN:770,(anonymous_115)
FN:781,(anonymous_116)
FN:792,(anonymous_117)
FN:803,(anonymous_118)
FN:804,(anonymous_119)
FN:815,(anonymous_120)
FN:816,(anonymous_121)
FNF:121
FNH:96
FNDA:1,(anonymous_1)
FNDA:1,(anonymous_2)
FNDA:1,(anonymous_3)
FNDA:1,(anonymous_4)
FNDA:1,(anonymous_5)
FNDA:1,(anonymous_6)
FNDA:22,(anonymous_7)
FNDA:0,(anonymous_8)
FNDA:0,(anonymous_9)
FNDA:1,(anonymous_10)
FNDA:0,(anonymous_11)
FNDA:22,(anonymous_12)
FNDA:1,(anonymous_13)
FNDA:1,(anonymous_14)
FNDA:1,(anonymous_15)
FNDA:1,(anonymous_16)
FNDA:1,(anonymous_17)
FNDA:1,(anonymous_18)
FNDA:1,(anonymous_19)
FNDA:1,(anonymous_20)
FNDA:1,(anonymous_21)
FNDA:1,(anonymous_22)
FNDA:1,(anonymous_23)
FNDA:1,(anonymous_24)
FNDA:1,(anonymous_25)
FNDA:1,(anonymous_26)
FNDA:1,(anonymous_27)
FNDA:1,(anonymous_28)
FNDA:1,(anonymous_29)
FNDA:1,(anonymous_30)
FNDA:1,(anonymous_31)
FNDA:1,(anonymous_32)
FNDA:1,(anonymous_33)
FNDA:1,(anonymous_34)
FNDA:1,(anonymous_35)
FNDA:0,(anonymous_36)
FNDA:36,(anonymous_37)
FNDA:0,(anonymous_38)
FNDA:0,(anonymous_39)
FNDA:1,(anonymous_40)
FNDA:0,(anonymous_41)
FNDA:36,(anonymous_42)
FNDA:1,(anonymous_43)
FNDA:1,(anonymous_44)
FNDA:1,(anonymous_45)
FNDA:1,(anonymous_46)
FNDA:1,(anonymous_47)
FNDA:1,(anonymous_48)
FNDA:1,(anonymous_49)
FNDA:1,(anonymous_50)
FNDA:1,(anonymous_51)
FNDA:1,(anonymous_52)
FNDA:1,(anonymous_53)
FNDA:1,(anonymous_54)
FNDA:1,(anonymous_55)
FNDA:1,(anonymous_56)
FNDA:0,(anonymous_57)
FNDA:1,(anonymous_58)
FNDA:0,(anonymous_59)
FNDA:1,(anonymous_60)
FNDA:1,(anonymous_61)
FNDA:1,(anonymous_62)
FNDA:1,(anonymous_63)
FNDA:0,(anonymous_64)
FNDA:1,(anonymous_65)
FNDA:0,(anonymous_66)
FNDA:1,(anonymous_67)
FNDA:1,(anonymous_68)
FNDA:1,(anonymous_69)
FNDA:1,(anonymous_70)
FNDA:1,(anonymous_71)
FNDA:1,(anonymous_72)
FNDA:1,(anonymous_73)
FNDA:1,(anonymous_74)
FNDA:1,(anonymous_75)
FNDA:0,(anonymous_76)
FNDA:1,(anonymous_77)
FNDA:0,(anonymous_78)
FNDA:1,(anonymous_79)
FNDA:1,(anonymous_80)
FNDA:1,(anonymous_81)
FNDA:1,(anonymous_82)
FNDA:0,(anonymous_83)
FNDA:1,(anonymous_84)
FNDA:0,(anonymous_85)
FNDA:1,(anonymous_86)
FNDA:1,(anonymous_87)
FNDA:0,(anonymous_88)
FNDA:22,(anonymous_89)
FNDA:0,(anonymous_90)
FNDA:22,(anonymous_91)
FNDA:1,(anonymous_92)
FNDA:1,(anonymous_93)
FNDA:1,(anonymous_94)
FNDA:0,(anonymous_95)
FNDA:1,(anonymous_96)
FNDA:0,(anonymous_97)
FNDA:1,(anonymous_98)
FNDA:1,(anonymous_99)
FNDA:1,(anonymous_100)
FNDA:0,(anonymous_101)
FNDA:1,(anonymous_102)
FNDA:0,(anonymous_103)
FNDA:1,(anonymous_104)
FNDA:1,(anonymous_105)
FNDA:1,(anonymous_106)
FNDA:1,(anonymous_107)
FNDA:1,(anonymous_108)
FNDA:1,(anonymous_109)
FNDA:1,(anonymous_110)
FNDA:1,(anonymous_111)
FNDA:0,(anonymous_112)
FNDA:1,(anonymous_113)
FNDA:0,(anonymous_114)
FNDA:1,(anonymous_115)
FNDA:1,(anonymous_116)
FNDA:1,(anonymous_117)
FNDA:1,(anonymous_118)
FNDA:0,(anonymous_119)
FNDA:1,(anonymous_120)
FNDA:0,(anonymous_121)
DA:3,1
DA:4,1
DA:5,1
DA:8,1
DA:9,1
DA:10,1
DA:14,1
DA:15,1
DA:16,1
DA:17,1
DA:18,1
DA:20,1
DA:21,1
DA:25,1
DA:26,1
DA:27,1
DA:28,1
DA:29,1
DA:30,22
DA:31,22
DA:32,22
DA:33,22
DA:34,22
DA:35,22
DA:37,1
DA:38,1
DA:43,22
DA:45,1
DA:46,22
DA:47,22
DA:49,1
DA:50,1
DA:52,1
DA:53,1
DA:55,1
DA:56,1
DA:58,1
DA:59,1
DA:61,1
DA:62,1
DA:64,1
DA:65,1
DA:67,1
DA:68,1
DA:70,1
DA:71,1
DA:72,1
DA:74,1
DA:75,1
DA:76,1
DA:77,1
DA:79,1
DA:80,1
DA:83,1
DA:85,1
DA:86,1
DA:89,1
DA:90,1
DA:92,1
DA:93,1
DA:94,1
DA:97,1
DA:99,1
DA:100,1
DA:101,1
DA:104,1
DA:106,1
DA:107,1
DA:108,1
DA:109,1
DA:111,1
DA:112,1
DA:115,1
DA:116,1
DA:118,1
DA:119,1
DA:122,1
DA:126,1
DA:127,1
DA:131,1
DA:132,1
DA:134,1
DA:135,1
DA:136,1
DA:139,1
DA:143,1
DA:145,1
DA:146,1
DA:147,1
DA:150,1
DA:154,1
DA:156,1
DA:157,1
DA:160,1
DA:161,1
DA:162,1
DA:164,1
DA:165,1
DA:166,1
DA:169,1
DA:170,1
DA:172,1
DA:173,1
DA:174,1
DA:177,1
DA:178,1
DA:180,1
DA:181,1
DA:185,1
DA:186,1
DA:187,1
DA:188,1
DA:189,1
DA:190,1
DA:191,1
DA:192,1
DA:193,1
DA:194,1
DA:195,36
DA:196,36
DA:197,36
DA:198,36
DA:199,36
DA:200,36
DA:202,1
DA:203,1
DA:208,36
DA:211,36
DA:214,36
DA:217,36
DA:219,1
DA:220,36
DA:221,36
DA:223,1
DA:224,1
DA:226,1
DA:227,1
DA:229,1
DA:230,1
DA:232,1
DA:233,1
DA:235,1
DA:236,1
DA:238,1
DA:239,1
DA:241,1
DA:242,1
DA:244,1
DA:245,1
DA:247,1
DA:248,1
DA:249,1
DA:251,1
DA:252,1
DA:253,1
DA:254,1
DA:256,1
DA:257,1
DA:262,1
DA:266,1
DA:267,1
DA:272,1
DA:275,1
DA:277,1
DA:278,1
DA:279,1
DA:280,1
DA:281,1
DA:282,1
DA:283,1
DA:285,1
DA:286,1
DA:287,1
DA:288,1
DA:289,1
DA:294,1
DA:296,1
DA:297,1
DA:298,1
DA:299,1
DA:300,1
DA:305,1
DA:307,1
DA:308,1
DA:309,1
DA:313,1
DA:316,1
DA:318,1
DA:319,1
DA:320,1
DA:323,1
DA:325,1
DA:326,1
DA:327,1
DA:328,1
DA:330,1
DA:331,1
DA:332,1
DA:333,1
DA:334,1
DA:335,1
DA:339,1
DA:341,1
DA:342,1
DA:343,1
DA:344,1
DA:345,1
DA:346,1
DA:350,1
DA:352,1
DA:353,1
DA:354,1
DA:355,1
DA:356,1
DA:357,1
DA:361,1
DA:362,1
DA:363,1
DA:364,1
DA:365,1
DA:369,1
DA:370,1
DA:371,1
DA:375,1
DA:379,1
DA:381,1
DA:382,1
DA:385,1
DA:389,1
DA:393,1
DA:395,1
DA:396,1
DA:397,1
DA:398,1
DA:399,1
DA:401,1
DA:403,1
DA:404,1
DA:405,1
DA:408,1
DA:410,1
DA:411,1
DA:412,1
DA:426,1
DA:429,1
DA:432,1
DA:434,1
DA:435,1
DA:449,1
DA:450,1
DA:453,1
DA:455,1
DA:456,1
DA:457,1
DA:458,1
DA:459,1
DA:460,1
DA:464,1
DA:466,1
DA:467,1
DA:468,1
DA:469,1
DA:470,1
DA:471,1
DA:475,1
DA:477,1
DA:478,1
DA:492,1
DA:493,1
DA:496,1
DA:497,1
DA:499,1
DA:500,1
DA:514,1
DA:515,1
DA:518,1
DA:519,1
DA:521,1
DA:522,1
DA:525,1
DA:526,1
DA:527,1
DA:528,1
DA:530,1
DA:531,1
DA:532,1
DA:533,1
DA:534,1
DA:537,1
DA:538,1
DA:540,1
DA:541,1
DA:542,1
DA:543,1
DA:544,1
DA:547,1
DA:548,1
DA:550,1
DA:551,1
DA:555,1
DA:556,1
DA:557,1
DA:558,1
DA:559,1
DA:560,1
DA:561,1
DA:562,1
DA:563,1
DA:564,1
DA:565,22
DA:566,22
DA:567,22
DA:568,22
DA:569,22
DA:572,22
DA:575,22
DA:578,22
DA:580,1
DA:581,22
DA:583,1
DA:584,1
DA:589,1
DA:590,1
DA:594,1
DA:595,1
DA:600,1
DA:601,1
DA:604,1
DA:606,1
DA:607,1
DA:608,1
DA:609,1
DA:610,1
DA:615,1
DA:616,1
DA:618,1
DA:619,1
DA:620,1
DA:621,1
DA:622,1
DA:627,1
DA:628,1
DA:630,1
DA:631,1
DA:634,1
DA:638,1
DA:639,1
DA:640,1
DA:643,1
DA:645,1
DA:646,1
DA:647,1
DA:650,1
DA:652,1
DA:653,1
DA:654,1
DA:655,1
DA:656,1
DA:657,1
DA:658,1
DA:660,1
DA:661,1
DA:662,1
DA:663,1
DA:664,1
DA:665,1
DA:666,1
DA:668,1
DA:669,1
DA:670,1
DA:671,1
DA:672,1
DA:673,1
DA:677,1
DA:678,1
DA:679,1
DA:680,1
DA:681,1
DA:685,1
DA:686,1
DA:690,1
DA:694,1
DA:699,1
DA:701,1
DA:702,1
DA:706,1
DA:710,1
DA:715,1
DA:717,1
DA:718,1
DA:719,1
DA:720,1
DA:721,1
DA:723,1
DA:725,1
DA:726,1
DA:727,1
DA:730,1
DA:732,1
DA:733,1
DA:738,1
DA:743,1
DA:746,1
DA:748,1
DA:749,1
DA:750,1
DA:751,1
DA:752,1
DA:753,1
DA:757,1
DA:759,1
DA:760,1
DA:761,1
DA:762,1
DA:763,1
DA:764,1
DA:768,1
DA:770,1
DA:771,1
DA:776,1
DA:777,1
DA:778,1
DA:779,1
DA:781,1
DA:782,1
DA:787,1
DA:788,1
DA:789,1
DA:790,1
DA:792,1
DA:793,1
DA:798,1
DA:799,1
DA:800,1
DA:801,1
DA:803,1
DA:804,1
DA:805,1
DA:806,1
DA:807,1
DA:812,1
DA:813,1
DA:815,1
DA:816,1
DA:817,1
DA:818,1
DA:819,1
DA:824,1
DA:825,1
LF:449
LH:449
BRF:0
BRH:0
end_of_record
TN:
SF:/Users/williamshackelford/Sites/white-label-model/dist/index.js
FN:1,(anonymous_1)
FN:13,(anonymous_2)
FN:20,_interopRequireDefault
FN:26,_classCallCheck
FN:32,(anonymous_5)
FN:33,defineProperties
FN:43,(anonymous_7)
FN:50,_possibleConstructorReturn
FN:58,_inherits
FN:74,(anonymous_10)
FN:82,(anonymous_11)
FN:85,Model
FN:102,initialize
FN:107,set
FN:119,get
FN:124,update
FN:137,_delete
FN:152,(anonymous_18)
FN:155,Collection
FN:172,initialize
FN:178,set
FN:191,push
FN:208,(anonymous_23)
FN:226,get
FN:237,update
FN:304,_delete
FNF:26
FNH:26
FNDA:1,(anonymous_1)
FNDA:1,(anonymous_2)
FNDA:2,_interopRequireDefault
FNDA:279,_classCallCheck
FNDA:1,(anonymous_5)
FNDA:2,defineProperties
FNDA:2,(anonymous_7)
FNDA:279,_possibleConstructorReturn
FNDA:2,_inherits
FNDA:1,(anonymous_10)
FNDA:1,(anonymous_11)
FNDA:215,Model
FNDA:1,initialize
FNDA:238,set
FNDA:516,get
FNDA:4,update
FNDA:3,_delete
FNDA:1,(anonymous_18)
FNDA:64,Collection
FNDA:1,initialize
FNDA:120,set
FNDA:33,push
FNDA:3,(anonymous_23)
FNDA:498,get
FNDA:18,update
FNDA:10,_delete
DA:1,1
DA:2,1
DA:3,0
DA:4,1
DA:5,1
DA:7,0
DA:10,0
DA:11,0
DA:16,1
DA:18,1
DA:20,1
DA:21,2
DA:26,1
DA:27,279
DA:28,0
DA:32,1
DA:33,1
DA:34,2
DA:35,11
DA:36,11
DA:37,11
DA:38,11
DA:39,11
DA:43,1
DA:44,2
DA:45,2
DA:46,2
DA:50,1
DA:51,279
DA:52,0
DA:55,279
DA:58,1
DA:59,2
DA:60,0
DA:63,2
DA:71,2
DA:74,1
DA:82,1
DA:83,1
DA:85,1
DA:86,215
DA:88,215
DA:91,215
DA:92,192
DA:94,23
DA:97,215
DA:100,1
DA:103,1
DA:108,238
DA:109,237
DA:110,237
DA:111,237
DA:112,237
DA:114,1
DA:120,516
DA:126,4
DA:127,3
DA:128,3
DA:129,3
DA:130,3
DA:132,1
DA:138,3
DA:139,3
DA:140,3
DA:141,3
DA:145,1
DA:152,1
DA:153,1
DA:155,1
DA:156,64
DA:158,64
DA:161,64
DA:162,27
DA:164,37
DA:167,64
DA:170,1
DA:174,1
DA:180,120
DA:181,118
DA:182,118
DA:183,118
DA:184,118
DA:186,2
DA:194,33
DA:197,33
DA:198,11
DA:199,11
DA:200,11
DA:201,11
DA:202,11
DA:204,22
DA:207,22
DA:208,2
DA:209,3
DA:211,2
DA:212,2
DA:213,2
DA:214,2
DA:215,20
DA:216,19
DA:217,19
DA:218,19
DA:219,19
DA:221,1
DA:227,498
DA:228,42
DA:229,456
DA:230,44
DA:232,412
DA:240,18
DA:243,10
DA:246,5
DA:247,3
DA:248,3
DA:249,3
DA:250,3
DA:251,3
DA:252,3
DA:254,2
DA:255,1
DA:256,1
DA:257,1
DA:258,1
DA:259,1
DA:260,1
DA:261,1
DA:262,1
DA:263,1
DA:265,0
DA:267,5
DA:270,5
DA:271,3
DA:272,3
DA:273,3
DA:274,3
DA:275,3
DA:276,3
DA:277,2
DA:278,1
DA:279,1
DA:280,1
DA:281,1
DA:282,1
DA:283,1
DA:284,1
DA:285,1
DA:286,1
DA:288,0
DA:291,0
DA:293,8
DA:294,5
DA:295,5
DA:296,5
DA:297,5
DA:299,3
DA:305,10
DA:307,4
DA:308,1
DA:309,1
DA:310,1
DA:311,1
DA:312,3
DA:313,1
DA:314,1
DA:315,1
DA:316,1
DA:318,2
DA:320,6
DA:322,6
DA:323,3
DA:325,3
DA:327,6
DA:328,6
DA:329,6
DA:331,0
DA:336,1
DA:339,1
LF:177
LH:166
BRDA:2,1,0,0
BRDA:2,1,1,1
BRDA:2,2,0,1
BRDA:2,2,1,0
BRDA:4,3,0,1
BRDA:4,3,1,0
BRDA:21,4,0,0
BRDA:21,4,1,2
BRDA:21,5,0,2
BRDA:21,5,1,2
BRDA:27,6,0,0
BRDA:27,6,1,279
BRDA:36,7,0,11
BRDA:36,7,1,11
BRDA:38,8,0,11
BRDA:38,8,1,0
BRDA:44,9,0,2
BRDA:44,9,1,0
BRDA:45,10,0,0
BRDA:45,10,1,2
BRDA:51,11,0,0
BRDA:51,11,1,279
BRDA:55,12,0,0
BRDA:55,12,1,279
BRDA:55,13,0,279
BRDA:55,13,1,0
BRDA:55,13,2,0
BRDA:59,14,0,0
BRDA:59,14,1,2
BRDA:59,15,0,2
BRDA:59,15,1,0
BRDA:63,16,0,2
BRDA:63,16,1,2
BRDA:71,17,0,2
BRDA:71,17,1,0
BRDA:71,18,0,2
BRDA:71,18,1,0
BRDA:91,19,0,192
BRDA:91,19,1,23
BRDA:91,20,0,215
BRDA:91,20,1,192
BRDA:108,21,0,237
BRDA:108,21,1,1
BRDA:108,22,0,238
BRDA:108,22,1,237
BRDA:126,23,0,3
BRDA:126,23,1,1
BRDA:126,24,0,4
BRDA:126,24,1,3
BRDA:161,25,0,27
BRDA:161,25,1,37
BRDA:161,26,0,64
BRDA:161,26,1,27
BRDA:161,26,2,26
BRDA:180,27,0,118
BRDA:180,27,1,2
BRDA:180,28,0,120
BRDA:180,28,1,53
BRDA:197,29,0,11
BRDA:197,29,1,22
BRDA:197,30,0,33
BRDA:197,30,1,32
BRDA:207,31,0,2
BRDA:207,31,1,20
BRDA:215,32,0,19
BRDA:215,32,1,1
BRDA:227,33,0,42
BRDA:227,33,1,456
BRDA:227,34,0,498
BRDA:227,34,1,48
BRDA:229,35,0,44
BRDA:229,35,1,412
BRDA:240,36,0,10
BRDA:240,36,1,8
BRDA:240,37,0,18
BRDA:240,37,1,18
BRDA:240,37,2,10
BRDA:243,38,0,5
BRDA:243,38,1,5
BRDA:243,39,0,10
BRDA:243,39,1,5
BRDA:246,40,0,3
BRDA:246,40,1,2
BRDA:246,41,0,5
BRDA:246,41,1,4
BRDA:246,41,2,3
BRDA:254,42,0,1
BRDA:254,42,1,1
BRDA:254,43,0,2
BRDA:254,43,1,1
BRDA:259,44,0,1
BRDA:259,44,1,0
BRDA:267,45,0,5
BRDA:267,45,1,0
BRDA:270,46,0,3
BRDA:270,46,1,2
BRDA:270,47,0,5
BRDA:270,47,1,4
BRDA:270,47,2,3
BRDA:277,48,0,1
BRDA:277,48,1,1
BRDA:277,49,0,2
BRDA:277,49,1,1
BRDA:282,50,0,1
BRDA:282,50,1,0
BRDA:293,51,0,5
BRDA:293,51,1,3
BRDA:293,52,0,8
BRDA:293,52,1,4
BRDA:305,53,0,4
BRDA:305,53,1,6
BRDA:307,54,0,1
BRDA:307,54,1,3
BRDA:307,55,0,4
BRDA:307,55,1,2
BRDA:312,56,0,1
BRDA:312,56,1,2
BRDA:312,57,0,3
BRDA:312,57,1,2
BRDA:320,58,0,6
BRDA:320,58,1,0
BRDA:322,59,0,3
BRDA:322,59,1,3
BRF:123
BRH:103
end_of_record
